Performing C SOURCE FILE Test CMAKE_HAVE_LIBC_PTHREAD failed with the following output:
Change Dir: /home/baiyuew/baiyue/ROAHM/rtd-pybullet/armour-dev/kinova_src/kinova_simulator_interfaces/kinova_planner_realtime/build/CMakeFiles/CMakeTmp

Run Build Command(s):/usr/bin/make -f Makefile cmTC_fd5a5/fast && /usr/bin/make  -f CMakeFiles/cmTC_fd5a5.dir/build.make CMakeFiles/cmTC_fd5a5.dir/build
make[1]: Entering directory '/home/baiyuew/baiyue/ROAHM/rtd-pybullet/armour-dev/kinova_src/kinova_simulator_interfaces/kinova_planner_realtime/build/CMakeFiles/CMakeTmp'
Building C object CMakeFiles/cmTC_fd5a5.dir/src.c.o
/usr/bin/cc -DCMAKE_HAVE_LIBC_PTHREAD  -fPIC  -o CMakeFiles/cmTC_fd5a5.dir/src.c.o -c /home/baiyuew/baiyue/ROAHM/rtd-pybullet/armour-dev/kinova_src/kinova_simulator_interfaces/kinova_planner_realtime/build/CMakeFiles/CMakeTmp/src.c
Linking C executable cmTC_fd5a5
/home/baiyuew/.local/lib/python3.8/site-packages/cmake/data/bin/cmake -E cmake_link_script CMakeFiles/cmTC_fd5a5.dir/link.txt --verbose=1
/usr/bin/cc -fPIC  CMakeFiles/cmTC_fd5a5.dir/src.c.o -o cmTC_fd5a5 
/usr/bin/ld: CMakeFiles/cmTC_fd5a5.dir/src.c.o: in function `main':
src.c:(.text+0x46): undefined reference to `pthread_create'
/usr/bin/ld: src.c:(.text+0x52): undefined reference to `pthread_detach'
/usr/bin/ld: src.c:(.text+0x5e): undefined reference to `pthread_cancel'
/usr/bin/ld: src.c:(.text+0x6f): undefined reference to `pthread_join'
collect2: error: ld returned 1 exit status
make[1]: *** [CMakeFiles/cmTC_fd5a5.dir/build.make:99: cmTC_fd5a5] Error 1
make[1]: Leaving directory '/home/baiyuew/baiyue/ROAHM/rtd-pybullet/armour-dev/kinova_src/kinova_simulator_interfaces/kinova_planner_realtime/build/CMakeFiles/CMakeTmp'
make: *** [Makefile:127: cmTC_fd5a5/fast] Error 2


Source file was:
#include <pthread.h>

static void* test_func(void* data)
{
  return data;
}

int main(void)
{
  pthread_t thread;
  pthread_create(&thread, NULL, test_func, NULL);
  pthread_detach(thread);
  pthread_cancel(thread);
  pthread_join(thread, NULL);
  pthread_atfork(NULL, NULL, NULL);
  pthread_exit(NULL);

  return 0;
}

Determining if the function pthread_create exists in the pthreads failed with the following output:
Change Dir: /home/baiyuew/baiyue/ROAHM/rtd-pybullet/armour-dev/kinova_src/kinova_simulator_interfaces/kinova_planner_realtime/build/CMakeFiles/CMakeTmp

Run Build Command(s):/usr/bin/make -f Makefile cmTC_f04f3/fast && /usr/bin/make  -f CMakeFiles/cmTC_f04f3.dir/build.make CMakeFiles/cmTC_f04f3.dir/build
make[1]: Entering directory '/home/baiyuew/baiyue/ROAHM/rtd-pybullet/armour-dev/kinova_src/kinova_simulator_interfaces/kinova_planner_realtime/build/CMakeFiles/CMakeTmp'
Building C object CMakeFiles/cmTC_f04f3.dir/CheckFunctionExists.c.o
/usr/bin/cc   -fPIC -DCHECK_FUNCTION_EXISTS=pthread_create -o CMakeFiles/cmTC_f04f3.dir/CheckFunctionExists.c.o -c /home/baiyuew/.local/lib/python3.8/site-packages/cmake/data/share/cmake-3.22/Modules/CheckFunctionExists.c
Linking C executable cmTC_f04f3
/home/baiyuew/.local/lib/python3.8/site-packages/cmake/data/bin/cmake -E cmake_link_script CMakeFiles/cmTC_f04f3.dir/link.txt --verbose=1
/usr/bin/cc -fPIC -DCHECK_FUNCTION_EXISTS=pthread_create CMakeFiles/cmTC_f04f3.dir/CheckFunctionExists.c.o -o cmTC_f04f3  -lpthreads 
/usr/bin/ld: cannot find -lpthreads
collect2: error: ld returned 1 exit status
make[1]: *** [CMakeFiles/cmTC_f04f3.dir/build.make:99: cmTC_f04f3] Error 1
make[1]: Leaving directory '/home/baiyuew/baiyue/ROAHM/rtd-pybullet/armour-dev/kinova_src/kinova_simulator_interfaces/kinova_planner_realtime/build/CMakeFiles/CMakeTmp'
make: *** [Makefile:127: cmTC_f04f3/fast] Error 2



