0.06546793655 31.37211216 -0.24878489 11.469568 0.03995457587 2.72268504 0.05438110401 
0.1925380506 31.61340085 -0.09421422229 11.48423961 -0.1267727855 2.595621535 -0.09823793744 
0.3117147684 31.83991169 0.05090235091 11.49797409 -0.2833261429 2.476424657 -0.2415596985 
0.4234828462 32.05155581 0.1866896089 11.51056052 -0.4296820083 2.364627557 -0.3755247567 
0.5277665803 32.24901308 0.3133390464 11.52249178 -0.5661359931 2.260587286 -0.5004354927 
0.6244541535 32.43261824 0.4309499083 11.53359549 -0.692911639 2.163926258 -0.6164866239 
0.7139557754 32.60216616 0.5398405029 11.5435827 -0.8102216576 2.074325821 -0.723872868 
0.7962728054 32.75849573 0.6400930839 11.55293818 -0.918278761 1.991918581 -0.8227889427 
0.8717978238 32.9017316 0.7319584178 11.56149748 -1.017295661 1.916294655 -0.9134295664 
0.9406825622 33.03225619 0.8156338586 11.56935406 -1.107485072 1.847504629 -0.9959894577 
1.002797886 33.15035659 0.8913167622 11.57645869 -1.189059705 1.785285002 -1.070663336 
1.058669008 33.25626772 0.9591960808 11.58283526 -1.26224068 1.72947916 -1.13764592 
1.108451967 33.3503245 1.019477029 11.58849628 -1.327232858 1.679913642 -1.197131932 
1.152025618 33.43271821 1.072365795 11.59341511 -1.384240126 1.6364315 -1.249316092 
1.18958582 33.50390443 1.118051561 11.59763532 -1.433483384 1.598870371 -1.294393122 
1.221071361 33.56442707 1.156731691 11.60129073 -1.475175349 1.567067876 -1.332557744 
1.247322291 33.61409933 1.188603554 11.60425114 -1.509528743 1.540861613 -1.364004683 
1.267922085 33.65343145 1.213900052 11.60654555 -1.53672075 1.520089164 -1.388928663 
1.283908213 33.68242368 1.232753718 11.60813165 -1.557028933 1.50458809 -1.407524407 
1.294163519 33.7021313 1.245391692 11.60926637 -1.570636249 1.494195937 -1.419986643 
1.299615693 33.71231489 1.252011299 11.6098013 -1.577755472 1.488750229 -1.426510097 
1.300266903 33.71345058 1.252924062 11.60978268 -1.578537205 1.488062227 -1.427225031 
1.296268619 33.70572926 1.248088978 11.60918877 -1.573276487 1.492006007 -1.422415263 
1.287825782 33.68954324 1.237853577 11.60810653 -1.562191965 1.500419367 -1.412274517 
1.275053168 33.66531794 1.222390107 11.60652774 -1.54546948 1.513128278 -1.396972828 
1.258142278 33.63327703 1.201895843 11.60462695 -1.523321865 1.529971527 -1.37670494 
1.237280427 33.5936247 1.176568053 11.60214292 -1.495961966 1.550786008 -1.351665598 
1.212604974 33.5466141 1.146603997 11.59917828 -1.463602638 1.575409218 -1.322049553 
1.184278269 33.49280586 1.112194511 11.5958354 -1.426463158 1.603678656 -1.288051555 
1.152462681 33.43228041 1.07360082 11.5920952 -1.384692413 1.635431822 -1.249858876 
1.117320819 33.36547311 1.030885103 11.58802051 -1.338638338 1.67057178 -1.207661362 
1.079014497 33.29253352 0.9843895678 11.58346762 -1.28849733 1.708802684 -1.161720264 
1.03770039 33.21407551 0.934104656 11.57876454 -1.234303584 1.750178254 -1.112177913 
0.9934039454 33.13001775 0.8805052358 11.57354162 -1.176377809 1.794245222 -1.059148811 
0.9465177131 33.0410275 0.8236072528 11.56812545 -1.114985678 1.841109124 -1.002949044 
0.8970406382 32.94704318 0.7636440679 11.56231952 -1.050303929 1.890386148 -0.9437372339 
0.8453065367 32.84862728 0.7008264378 11.55624757 -0.9825319055 1.942023915 -0.8816946124 
0.7913619918 32.74608632 0.6353504468 11.54997651 -0.9118836157 1.995940765 -0.8170170852 
0.7354639981 32.63975376 0.5674012992 11.54355436 -0.8385839452 2.05186393 -0.7499114415 
0.6777107657 32.53004006 0.4971824217 11.53710079 -0.7628395514 2.109780166 -0.680566251 
0.6183521833 32.41667179 0.4248381232 11.53004287 -0.6848632818 2.169148708 -0.6091762828 
0.5573165498 32.30032895 0.3506767012 11.52285431 -0.6048679734 2.230097654 -0.5359363063 
0.4946954467 32.18149747 0.2748373752 11.51558562 -0.5230664515 2.292424181 -0.4610410904 
0.4309341996 32.06026286 0.1975173789 11.50810138 -0.4396715287 2.355966159 -0.3846854036 
0.366270925 31.93709257 0.1188055734 11.50055335 -0.3548956512 2.420621251 -0.3070636543 
0.300597299 31.81232098 0.03915661947 11.49300179 -0.268940808 2.486246483 -0.2283713922 
0.2343364917 31.68600662 -0.04134586231 11.48527658 -0.1819136072 2.55252504 -0.1486715094 
0.1676155053 31.55888925 -0.1226763784 11.47750401 -0.09431288686 2.619295064 -0.06845900174 
0.1001100647 31.43067555 -0.204486736 11.46959573 -0.006249364503 2.686433591 0.01223471774 
0.0328398993 31.30140047 -0.2864067249 11.46148616 0.08221656441 2.753895009 0.09319153004 
-0.03403521274 31.17215009 -0.368655628 11.45321342 0.1708624943 2.82123611 0.1743573728 
-0.1012578774 31.04283665 -0.4505783316 11.44510453 0.2593236447 2.888685041 0.255313682 
-0.1686644289 30.91455969 -0.5323933149 11.4371786 0.3473783438 2.955815194 0.3360063671 
-0.2354227493 30.78733219 -0.6138611453 11.42940958 0.4349659815 3.022594982 0.416217331 
-0.3015589421 30.66083907 -0.6943813224 11.4216397 0.5219758724 3.088775664 0.4959151556 
-0.3672995002 30.53576213 -0.7740506013 11.41400224 0.6079090323 3.154322369 0.5746048876 
-0.4318156628 30.41240995 -0.8527846818 11.40643536 0.6926595091 3.218967019 0.652223637 
-0.4955075179 30.29095827 -0.9300785206 11.39899454 0.7760758472 3.28250448 0.7286697626 
-0.5578393421 30.17178594 -1.006015035 11.3916524 0.8578475931 3.344814166 0.8035664053 
-0.6185699329 30.05517571 -1.080205589 11.38446883 0.9378099115 3.405754138 0.8768074735 
-0.67794347 29.94156214 -1.152580543 11.37747019 1.015750249 3.465148226 0.9481982106 
-0.7354572298 29.83144271 -1.222831423 11.37092828 1.091456065 3.522996617 1.017543862 
-0.7915919506 29.72476631 -1.290813672 11.36448047 1.164714831 3.578848248 1.084649673 
-0.8449011134 29.62149284 -1.356329818 11.35803924 1.235314028 3.632742272 1.149320893 
-0.8967891931 29.52282042 -1.419182381 11.35201732 1.303041147 3.684385648 1.211362771 
-0.9461082112 29.42847141 -1.479210483 11.34619702 1.367683687 3.7336636 1.270580558 
-0.9930612897 29.33879075 -1.536146341 11.34064147 1.429029164 3.780426335 1.326779513 
-1.037061327 29.25430516 -1.589925094 11.33541777 1.486865074 3.824514141 1.379764878 
-1.078308514 29.1752166 -1.640182639 11.33051461 1.540987526 3.865758071 1.429341916 
-1.116554831 29.10176345 -1.686753625 11.32593064 1.591175836 3.904007431 1.475315885 
-1.151465897 29.03441623 -1.72948419 11.3217415 1.637208748 3.939094488 1.517492046 
-1.183314149 28.9733969 -1.768209832 11.31793202 1.678840555 3.970857104 1.555634062 
-1.211489495 28.91901963 -1.802616067 11.31452246 1.71594035 3.999133128 1.589628794 
-1.236087973 28.8716285 -1.832615131 11.31153108 1.748292228 4.023760405 1.619241642 
-1.25690294 28.83146661 -1.857974972 11.30897613 1.775611787 4.044576771 1.644277886 
-1.273749395 28.79894612 -1.878493469 11.30694891 1.797726297 4.061420191 1.66454281 
-1.286394656 28.77418649 -1.89403779 11.30534865 1.814358578 4.074129113 1.679842238 
-1.294876424 28.75762503 -1.904239013 11.30417621 1.825468336 4.0825335 1.689980319 
-1.298830355 28.74955065 -1.909091056 11.30354316 1.83070271 4.086505591 1.694787649 
-1.298129471 28.75039517 -1.908267966 11.30344343 1.829823839 4.085814599 1.69399541 
-1.292730772 28.7602872 -1.901643631 11.30388852 1.822700136 4.080360044 1.687483006 
-1.282305956 28.77952962 -1.888995674 11.3048789 1.809092144 4.069961635 1.675031157 
-1.266726625 28.80857359 -1.870129624 11.30646894 1.788787248 4.054451665 1.656444885 
-1.24602126 28.84761954 -1.844846269 11.30857771 1.761572951 4.033670847 1.631529641 
-1.219882688 28.89704771 -1.812948077 11.31138248 1.727236702 4.007456912 1.600090725 
-1.18781696 28.95696545 -1.774235525 11.31475241 1.685565735 3.97563077 1.56193264 
-1.150276946 29.0280358 -1.728515456 11.31885572 1.636347908 3.938067626 1.516862469 
-1.106828257 29.11033531 -1.675586107 11.32362643 1.579370407 3.894583581 1.464684523 
-1.057305071 29.20433506 -1.615232672 11.32908382 1.514441734 3.845016739 1.405204114 
-1.001540416 29.31010621 -1.547338994 11.33524858 1.441265953 3.789210227 1.33822656 
-0.9394885543 29.42808765 -1.471565397 11.34215068 1.359773451 3.726994059 1.263595613 
-0.8706215892 29.55858189 -1.387834441 11.34978163 1.269629758 3.65820352 1.181036955 
-0.7951233595 29.70172426 -1.29587564 11.35807484 1.17066315 3.582580226 1.090396835 
-0.7127403453 29.85797444 -1.195561247 11.36714873 1.062660994 3.50017427 0.9914805763 
-0.623407382 30.02742383 -1.086572652 11.37683797 0.9454106543 3.410576001 0.8840935096 
-0.5266688348 30.21110433 -0.9688951826 11.3876708 0.8186994955 3.313917624 0.7680409678 
-0.4225653936 30.40855353 -0.8421744642 11.39929226 0.6823148855 3.209884802 0.6431282887 
-0.3109224004 30.62010886 -0.7063102271 11.41147056 0.5360343819 3.098089971 0.5091605089 
-0.1918895331 30.84662895 -0.5611128245 11.42489147 0.3795601299 2.978971452 0.3658360617 
-0.06496297986 31.08767581 -0.4064552335 11.43905638 0.2129176788 2.851840939 0.2132140523 
