2.833471237 3.804314606 2.964674458 3.289019762 2.354525964 2.577527484 2.41564087 
2.814432667 3.783135491 2.943346388 3.272245889 2.341317556 2.559663427 2.399823719 
2.799184361 3.765877519 2.925146708 3.258480528 2.331046093 2.544207822 2.386993804 
2.787710698 3.75206883 2.909790922 3.247070317 2.322364964 2.530930343 2.375546815 
2.780590987 3.743406009 2.898040708 3.238610029 2.316298161 2.520175899 2.366195579 
2.776566318 3.73850394 2.889012952 3.23193356 2.311555294 2.511188312 2.358523948 
2.736801763 3.694356162 2.851926114 3.204657892 2.289793405 2.48414608 2.33489864 
2.723965234 3.679564044 2.836172125 3.193692223 2.281591527 2.470869847 2.323511389 
2.710641727 3.66456267 2.819770153 3.182368861 2.272640342 2.457410932 2.312011329 
2.698444533 3.65073372 2.804934754 3.171451303 2.264488076 2.444703336 2.301075979 
2.687294237 3.638057855 2.790982801 3.161593463 2.256710457 2.432376604 2.29051051 
2.675898296 3.624655574 2.776990407 3.151702048 2.248842726 2.42033238 2.28008736 
2.663428706 3.610005446 2.762162196 3.140608722 2.240302169 2.407850761 2.268955712 
2.653161517 3.599050401 2.749393539 3.13242888 2.233600453 2.397181317 2.25958936 
2.642161717 3.586771591 2.735834595 3.122646862 2.226085431 2.385711636 2.249702091 
2.628782209 3.572300416 2.720543308 3.112022691 2.217809482 2.37325667 2.239212811 
2.61795406 3.560218486 2.707699942 3.103024559 2.210744374 2.362394596 2.229674851 
2.608505226 3.549777287 2.696138518 3.095595796 2.204599239 2.352509624 2.221017104 
2.596821307 3.536272162 2.682725005 3.085413196 2.196864202 2.341558748 2.211233655 
2.586766711 3.525624867 2.670646249 3.076885317 2.190391857 2.331430554 2.202458338 
2.573454865 3.510623802 2.656124165 3.065994106 2.182283569 2.319759587 2.19219288 
2.573788924 3.512552309 2.655243969 3.067437587 2.183554101 2.319313279 2.191886062 
2.591140859 3.532240905 2.672946275 3.081770651 2.195235573 2.333522854 2.204267808 
2.608773161 3.551903182 2.690458598 3.096362028 2.206721187 2.347741724 2.21648141 
2.624433148 3.569992848 2.706373692 3.109603387 2.216880858 2.361016825 2.227483525 
2.63855504 3.585509402 2.721184973 3.12076238 2.22607769 2.373086377 2.237514407 
2.649055444 3.597263479 2.733154814 3.13032457 2.232643239 2.382972023 2.245677896 
2.663721866 3.614383721 2.747933332 3.142823535 2.2420979 2.395187458 2.255878303 
2.678376483 3.63094366 2.762680477 3.153784671 2.250830994 2.406863592 2.265714684 
2.690039159 3.642883515 2.775028181 3.1631105 2.258564411 2.416708472 2.274015017 
2.703167569 3.657129298 2.78804131 3.173554173 2.266568699 2.427109119 2.28280549 
2.715093959 3.670233983 2.800240636 3.18290502 2.273727323 2.436816777 2.29062514 
2.724676068 3.681068726 2.810225374 3.191294282 2.280047033 2.444995691 2.297319007 
2.735136937 3.693515289 2.820496742 3.198678511 2.286414401 2.453320335 2.304360107 
2.745210415 3.705243838 2.830947842 3.206783273 2.292401625 2.461000406 2.311078408 
2.756500577 3.71833895 2.841839562 3.215627026 2.299177282 2.469573462 2.318472712 
2.764244449 3.727803166 2.849910879 3.221879663 2.304062395 2.475929314 2.323854254 
2.771667872 3.735510535 2.857711038 3.228583007 2.308609054 2.481945433 2.328740208 
2.776876912 3.742766656 2.864241015 3.232858518 2.312265644 2.487001611 2.332769304 
2.786419043 3.754680685 2.872897017 3.240902642 2.318544185 2.49425693 2.338885416 
2.795757344 3.765495177 2.881657769 3.247363236 2.324227309 2.501136025 2.344775848 
2.804837434 3.776005746 2.890218813 3.254591894 2.329393611 2.507827722 2.350174811 
2.81264025 3.784880086 2.897703552 3.260954255 2.334403666 2.513667734 2.355017186 
2.816142245 3.789997014 2.901644877 3.264049666 2.33698651 2.516836622 2.357862482 
2.825394578 3.799264168 2.910055304 3.270365744 2.341645296 2.523060152 2.362797543 
2.830118832 3.805638296 2.914096338 3.273147973 2.343804319 2.525381501 2.365693822 
2.832837601 3.809460949 2.917211383 3.275951165 2.345266991 2.52737785 2.368072565 
2.839949146 3.817057412 2.922711481 3.281957717 2.348828825 2.531497461 2.371844649 
2.847859875 3.826553841 2.929561288 3.288275407 2.3536251 2.536950699 2.376724865 
2.850350492 3.828028826 2.930856881 3.287792887 2.35398395 2.537827038 2.377769634 
2.859526845 3.838229253 2.938513979 3.295587299 2.359531373 2.543022605 2.382571173 
2.87398223 3.855208912 2.950812839 3.308533179 2.369219197 2.552410766 2.390249695 
2.881675234 3.864251707 2.956859944 3.314172401 2.374029148 2.556265735 2.394109738 
2.892828113 3.876095763 2.966073799 3.321983148 2.381041949 2.563267337 2.399820841 
2.902959299 3.886224538 2.973912178 3.328811972 2.385967514 2.568723034 2.40434318 
2.91530687 3.898738056 2.983608489 3.337052218 2.392945136 2.575269509 2.410017627 
2.923135422 3.905714993 2.988810118 3.342415445 2.396324678 2.5788343 2.413262326 
2.932861286 3.91506122 2.99580959 3.349493915 2.401434751 2.584273473 2.417474344 
2.942682751 3.925568984 3.002881302 3.355887733 2.406663739 2.589286534 2.421963206 
2.950574764 3.933817426 3.00827807 3.361795995 2.411246747 2.592569485 2.425266002 
2.957103639 3.939816172 3.01250508 3.366279755 2.41426285 2.594768196 2.427696227 
2.962572695 3.945520183 3.015950074 3.370425557 2.417754901 2.596382821 2.429815697 
2.970070808 3.953470364 3.020733374 3.376297932 2.422398134 2.599350184 2.432758398 
2.975375022 3.958460014 3.023687546 3.380375456 2.42518653 2.600997046 2.434390568 
2.977162127 3.958917251 3.023353775 3.38230361 2.425801995 2.600758395 2.43366973 
2.979956637 3.961132392 3.023959767 3.383663385 2.427015659 2.600833377 2.433468988 
2.979905866 3.960579545 3.022073538 3.383299224 2.427089949 2.599039319 2.431875391 
2.981104063 3.960637303 3.020773133 3.383829914 2.427435898 2.597374931 2.430713303 
2.980110072 3.958905618 3.018090565 3.38329725 2.426637927 2.594705234 2.42802487 
2.978559925 3.956001896 3.014739264 3.381819976 2.425303502 2.591201988 2.425100226 
2.976620188 3.953960318 3.010648076 3.379727099 2.423781226 2.587682012 2.422177323 
2.97180799 3.947359871 3.00416864 3.374866217 2.420402714 2.582047346 2.417420336 
2.968833693 3.942119322 2.999148712 3.370723788 2.417357896 2.577156649 2.413032309 
2.9654885 3.936933623 2.993596644 3.366943753 2.414564767 2.572234168 2.408458018 
2.961630812 3.931717128 2.987504219 3.362458324 2.411801197 2.566812613 2.40403321 
2.956022962 3.924520612 2.979610054 3.35748516 2.408040029 2.559838321 2.398369177 
2.949258137 3.915496509 2.970293827 3.351177945 2.403247924 2.55187341 2.391753449 
2.94082633 3.90456843 2.960283514 3.343368725 2.397146213 2.543108518 2.384043004 
2.931223094 3.892897687 2.949136262 3.3347263 2.390654385 2.533811609 2.375932162 
2.932504157 3.896824978 2.949165085 3.340145044 2.393785957 2.534701403 2.377634578 
2.939111154 3.909083592 2.955627149 3.353103889 2.402024455 2.540858319 2.384800268 
2.946287626 3.921422255 2.962433662 3.366226366 2.410505022 2.547540824 2.391915191 
2.957650731 3.935933812 2.974109919 3.379666057 2.419900411 2.557910586 2.401540378 
2.973926686 3.953668399 2.991149712 3.3934226 2.430620982 2.571776138 2.413675978 
2.988537895 3.970403341 3.006892672 3.406263963 2.440112786 2.585035584 2.425010089 
3.003836087 3.987535527 3.023386007 3.41903837 2.450062456 2.598616654 2.437051102 
3.019757239 4.006260764 3.040883581 3.433288297 2.460833962 2.613117901 2.449557398 
3.033812425 4.022093622 3.056547827 3.446031795 2.47014368 2.626020588 2.461009269 
3.048136701 4.038885213 3.072460142 3.458755669 2.479902112 2.639337668 2.473018769 
3.061794922 4.055635694 3.088254164 3.470958163 2.489441309 2.652643759 2.485037104 
3.077614631 4.072917585 3.105119101 3.483860987 2.499117296 2.666319217 2.497406146 
3.09037645 4.088178088 3.120317832 3.495537247 2.50736372 2.679125047 2.508668332 
3.101439133 4.101611405 3.134378841 3.506216329 2.515404444 2.691246118 2.519384882 
3.115223543 4.117429544 3.150334392 3.518767858 2.524473027 2.704530857 2.53106594 
3.130600813 4.135699768 3.16832659 3.531682867 2.534567831 2.719145465 2.543772095 
3.14208709 4.148453266 3.182551948 3.541900394 2.542413812 2.731185811 2.554216247 
3.153720241 4.161655912 3.197661211 3.55228937 2.550190698 2.745144964 2.565116929 
3.169244109 4.180195822 3.215653932 3.56605934 2.560916966 2.759978125 2.578150965 
3.181902696 4.195994992 3.230420258 3.578477762 2.570035106 2.772568589 2.590055976 
3.193871527 4.21190018 3.246562008 3.592200148 2.579465697 2.786982749 2.602653747 
