0.001566840821 -0.001788584021 1.682180435 5.187015207e-05 4.64880356e-05 -1.658213554e-08 0.166584876 0.06864886875 0.2512981861 0.002109134358 0.004967110241 5.159300545e-05 
0.00154373157 -0.001703349553 1.682274391 4.943323261e-05 4.61670876e-05 -1.203946523e-08 0.1668113326 0.06869770806 0.2513650041 0.002116007629 0.005009591616 5.215923911e-05 
0.001514323635 -0.001619397978 1.682362733 4.701001362e-05 4.564026836e-05 -7.721670621e-09 0.1670811301 0.06883736608 0.251441798 0.002123902555 0.00505112135 5.27310098e-05 
0.001479285053 -0.001536221121 1.682445455 4.460829308e-05 4.492744373e-05 -3.624906838e-09 0.1674071944 0.06903153574 0.2515301389 0.002133144755 0.005092120064 5.330798143e-05 
0.001439255278 -0.001454071664 1.682522557 4.223541953e-05 4.404764938e-05 2.547431525e-10 0.167800011 0.06929048951 0.2516304014 0.002144037019 0.005132937533 5.389003036e-05 
0.001394845688 -0.001373187327 1.682594043 3.989830757e-05 4.301910593e-05 3.921258371e-09 0.1682701911 0.06962389564 0.2517437309 0.002156864816 0.005173927355 5.447723688e-05 
0.001346640075 -0.001295193287 1.682659925 3.760344582e-05 4.185923305e-05 7.378672632e-09 0.1688275135 0.06992729664 0.2518706341 0.002171890789 0.005215418518 5.506932886e-05 
0.001295195144 -0.001231819775 1.6827202 3.535690643e-05 3.791186865e-05 1.0631068e-08 0.1682960668 0.0695147557 0.2520087249 0.002154700204 0.005007276102 5.566625833e-05 
0.001252707889 -0.001162083147 1.682780585 3.316435346e-05 3.628500867e-05 1.36825686e-08 0.1687532077 0.06974437357 0.2520722339 0.00217153808 0.005026933478 5.626802105e-05 
0.001245359015 -0.001095801286 1.682830112 3.103105161e-05 3.459701844e-05 1.653733493e-08 0.1687490596 0.06999655088 0.252235559 0.002191537584 0.005050075174 5.687454555e-05 
0.001218279236 -0.001033248378 1.682874082 2.896187501e-05 3.286171573e-05 1.919955857e-08 0.1691550118 0.07027064183 0.2524166702 0.002214875985 0.005076894125 5.748564047e-05 
0.001196402107 -0.0009746786996 1.68291247 2.696131586e-05 3.109219004e-05 2.167345734e-08 0.1695932148 0.07056603644 0.2526157633 0.002241711328 0.005107564665 5.81012965e-05 
0.001180493266 -0.0009203233643 1.682945287 2.503349317e-05 2.930081704e-05 2.396327085e-08 0.1695944699 0.07088207998 0.252598957 0.002272182054 0.005128636287 5.872121853e-05 
0.00117125567 -0.0008703908971 1.682972543 2.318216148e-05 2.749927307e-05 2.607325642e-08 0.1700306403 0.07121807721 0.2528029155 0.002306407708 0.005165531531 5.934509775e-05 
0.001169331063 -0.0008250677959 1.682994243 2.141071949e-05 2.569854899e-05 2.800768187e-08 0.1703452918 0.07157071676 0.252874967 0.002344414693 0.005202235017 5.997264555e-05 
0.001175301565 -0.0007845190886 1.683010389 1.97222188e-05 2.390896753e-05 2.977084019e-08 0.1708222518 0.0719440037 0.2530990869 0.002386424841 0.005247083764 6.060435868e-05 
0.001189690974 -0.0007488888914 1.683020976 1.811937257e-05 2.214019207e-05 3.136700931e-08 0.1713268799 0.07233484288 0.2533425752 0.002432437518 0.005296260016 6.123879524e-05 
0.001212966449 -0.0007183009663 1.683025998 1.660456418e-05 2.040124677e-05 3.280048854e-08 0.1718585744 0.07274233125 0.2536060741 0.002482499727 0.005349817762 6.187499866e-05 
0.001245539911 -0.0006928592792 1.683025438 1.517985589e-05 1.870052819e-05 3.407557474e-08 0.17196783 0.07316549001 0.2536659034 0.002536640849 0.005394777924 6.251217896e-05 
0.001287769552 -0.0006726485568 1.683019281 1.384699753e-05 1.704582033e-05 3.519656563e-08 0.1725138365 0.07360336147 0.253952364 0.002594875925 0.005456098641 6.314947395e-05 
0.00133996133 -0.0006577348438 1.683007501 1.260743508e-05 1.544430909e-05 3.616775761e-08 0.1730842924 0.07405486558 0.2542604116 0.002657201833 0.0055218502 6.378590093e-05 
0.001402367141 -0.0006481658656 1.682990078 1.146231937e-05 1.390252761e-05 3.699344421e-08 0.173697588 0.0745209338 0.2546243107 0.002723678927 0.005592597987 6.442760429e-05 
0.00147520293 -0.0006439725582 1.682966961 1.041251465e-05 1.242671614e-05 3.767791471e-08 0.1737684109 0.07499645642 0.2546144435 0.002794171739 0.005651379915 6.507754484e-05 
0.001558616956 -0.0006451676781 1.682938134 9.458607277e-06 1.10221457e-05 3.822545314e-08 0.1744177129 0.07542433406 0.2550473751 0.002866978636 0.005730656226 6.572290462e-05 
0.00165272452 -0.0006517461316 1.68290361 1.845525569e-05 4.766632488e-05 3.86403253e-08 0.1750854772 0.07587766047 0.2555002103 0.00234291592 0.005212578128 6.636199862e-05 
0.001757592826 -0.0006636954308 1.682863181 1.880337644e-05 5.069130492e-05 3.89268381e-08 0.1757706872 0.07634215853 0.2559759224 0.002356394402 0.005232551256 6.699364849e-05 
0.00187324585 -0.0006809746987 1.682816977 1.930724577e-05 5.403089724e-05 3.908921911e-08 0.1764717523 0.07684240289 0.2564731138 0.002370845959 0.005252942141 6.761630566e-05 
0.001999675318 -0.0007035367629 1.682764902 1.996548162e-05 5.768480649e-05 3.913537594e-08 0.1771871818 0.07734779857 0.2569917683 0.002385385221 0.005273708627 6.822849338e-05 
0.00213679459 -0.0007313188885 1.682706921 2.077622005e-05 6.165046505e-05 3.905863687e-08 0.1774679651 0.0778571614 0.2573083681 0.00239997987 0.005281830458 6.882874656e-05 
0.002284535433 -0.0007642434117 1.682642998 2.173716417e-05 6.592583926e-05 3.887416126e-08 0.1781692757 0.07836928238 0.2578514713 0.002414596835 0.005302108706 6.94154031e-05 
0.002442754253 -0.0008022203962 1.682573107 2.284566117e-05 7.050671017e-05 3.858254107e-08 0.1788790078 0.07888261242 0.2584161101 0.002429193028 0.005322593225 6.998677901e-05 
0.002611281231 -0.0008451471419 1.682497222 2.40986881e-05 7.538809855e-05 3.81880003e-08 0.1795963132 0.07939654723 0.2590025619 0.002443753112 0.005343260635 7.054143473e-05 
0.002789705785 -0.0008928526023 1.682415294 2.549287414e-05 8.056403232e-05 3.769475532e-08 0.1799617276 0.07969628469 0.2593329188 0.002458108836 0.005359633272 7.107767851e-05 
0.002978192373 -0.0009451601735 1.682327376 2.701989696e-05 8.602759062e-05 3.710702697e-08 0.1806672754 0.08019298025 0.259933687 0.002472483207 0.005380229447 7.159432406e-05 
0.003176277376 -0.001002324831 1.682233376 2.868959788e-05 9.177088897e-05 3.642900348e-08 0.1813862155 0.08057469435 0.2603897242 0.002487116535 0.005401175921 7.210218627e-05 
0.003383666814 -0.001063759162 1.682133359 3.048380068e-05 9.778539844e-05 3.566485172e-08 0.1821067111 0.08097060677 0.2608199304 0.00250160349 0.005422122392 7.258699571e-05 
0.003600039518 -0.001129486773 1.682024847 3.240252531e-05 0.0001040614779 3.481881338e-08 0.1828249682 0.08145313546 0.2607863635 0.002515874919 0.005443009599 7.304701542e-05 
0.00382502784 -0.001199228654 1.681912635 3.444090531e-05 0.0001105888707 3.389505275e-08 0.1835432419 0.08152338432 0.2613270997 0.002529894119 0.005463786685 7.348070048e-05 
0.004058262146 -0.00127257363 1.68179452 3.659382402e-05 0.0001198255199 3.289774874e-08 0.1842573843 0.08200673206 0.2618744514 0.002543627554 0.005683988536 7.388659334e-05 
0.004299268371 -0.001350100321 1.68167057 3.885593092e-05 0.0001266259038 3.183106794e-08 0.1849681003 0.08244595077 0.2624276522 0.002557031663 0.005688766271 7.426389338e-05 
0.004547838385 -0.001429970587 1.681536807 4.122165822e-05 0.0001336412199 3.069920655e-08 0.1856854338 0.08297699956 0.2630552261 0.002570176265 0.005693166005 7.462389187e-05 
0.004802836658 -0.001514527704 1.681401854 4.368523631e-05 0.0001408524801 2.95063078e-08 0.1854887732 0.0833841891 0.2633181761 0.002582774457 0.005684238972 7.495241562e-05 
0.005064821696 -0.001602240514 1.68126141 4.624071118e-05 0.0001482489984 2.825654561e-08 0.1861741617 0.08378357834 0.263875181 0.002595064245 0.005687038202 7.524793725e-05 
0.005332842313 -0.001692899086 1.681115625 4.888196057e-05 0.000155817327 2.695408325e-08 0.1868509609 0.08417078269 0.2644337508 0.002606913786 0.005689140381 7.550938623e-05 
0.005606401924 -0.001786288249 1.680964671 5.160271035e-05 0.0001635435538 2.560308236e-08 0.1875178822 0.08454499587 0.2649928317 0.002618295519 0.005690549407 7.573585682e-05 
0.005885480027 -0.001882188158 1.680808742 5.439655095e-05 0.0001714133467 2.420770346e-08 0.1886538545 0.08490381305 0.2655387898 0.002629135989 0.005691265959 7.592643223e-05 
0.006168568599 -0.001980374861 1.680648053 5.72569539e-05 0.0001794119981 2.277210642e-08 0.1892942365 0.08524958692 0.2660948341 0.002639500349 0.005691298268 7.608048089e-05 
0.006455636904 -0.002080620868 1.680482843 6.017728822e-05 0.0001875244691 2.130045092e-08 0.1899323684 0.0855801424 0.2666481986 0.002649323074 0.005690658365 7.619757399e-05 
0.006750723187 -0.002183894066 1.680313372 6.3185589e-05 0.0001958693095 1.979689683e-08 0.1906117418 0.08597230392 0.2671976508 0.002660830044 0.005691593838 7.627703699e-05 
0.007041718713 -0.002286766768 1.680137489 6.618242968e-05 0.0002040739842 1.826560459e-08 0.1912034512 0.08622019439 0.2678907538 0.002668086587 0.005688156905 7.631883012e-05 
0.007332808864 -0.002390998476 1.67996524 6.92187626e-05 0.0002123457124 1.671073559e-08 0.1919349952 0.08654083233 0.2685500687 0.002678016471 0.005709544469 7.666354129e-05 
0.007627849748 -0.002496357836 1.679782344 7.228790576e-05 0.000220668788 1.513645243e-08 0.1927953457 0.08692977412 0.2691746738 0.00269071686 0.0057554356 7.731624279e-05 
0.007931017288 -0.002604602159 1.679598887 7.544074747e-05 0.0002292501521 1.354691922e-08 0.1935843723 0.08718044722 0.2699464386 0.00269926341 0.005797423664 7.793671459e-05 
0.008230190572 -0.00271230007 1.679412806 7.857775522e-05 0.0002377167565 1.194630179e-08 0.1942810224 0.08747283989 0.270708998 0.002708771096 0.005835749428 7.812949817e-05 
0.008529372853 -0.002820413448 1.679224489 8.172679075e-05 0.0002461863536 1.033876788e-08 0.1950548576 0.08775487387 0.2714588804 0.002717963279 0.005876670068 7.855373054e-05 
0.008828008786 -0.002928706914 1.679034343 8.488099549e-05 0.000254642848 8.72848734e-09 0.1957613836 0.08801707195 0.2721479988 0.002726467008 0.005915378471 7.893600124e-05 
0.009125528688 -0.003036946647 1.678842794 8.803355621e-05 0.00026307021 7.119632201e-09 0.1965057501 0.08825894134 0.2728670696 0.00273426765 0.005954879866 7.927576306e-05 
0.009421570361 -0.00314490095 1.678650282 9.117772134e-05 0.0002714525201 5.516376797e-09 0.1975453366 0.08848761952 0.273722752 0.00274157252 0.005996735223 7.957277915e-05 
0.009715150108 -0.003252340807 1.678457261 9.430681724e-05 0.0002797740125 3.922897818e-09 0.198201429 0.08868646346 0.2744063355 0.002747899805 0.006033390058 7.9826858e-05 
0.0100059327 -0.003359040446 1.678264201 9.741426443e-05 0.0002880191183 2.343374331e-09 0.1996059906 0.08886943033 0.2755427642 0.002753655658 0.006091341573 8.003802014e-05 
0.01029292515 -0.003463451329 1.678066825 0.0001004935938 0.0002961726273 7.81987981e-10 0.1996881229 0.08891737811 0.2756566664 0.002758510604 0.006122750201 8.020740696e-05 
0.01057647324 -0.003567896037 1.677874742 0.0001035384629 0.0003042192671 -7.570780473e-10 0.200152912 0.08904212694 0.2762211566 0.002762628828 0.006152842369 8.033601401e-05 
0.01085561926 -0.003670515258 1.677684244 0.0001065426716 0.000314796813 -2.269637062e-09 0.2005880614 0.08910995592 0.2769653001 0.002766004307 0.005967088533 8.042285594e-05 
0.01112983931 -0.003772028248 1.677495363 0.0001095001789 0.0003227663452 -3.751500968e-09 0.2011285037 0.08958070114 0.2773448414 0.002768831366 0.005983873554 8.059354708e-05 
0.01139864858 -0.00387165937 1.677309071 0.0001124051183 0.0003305787595 -5.198475528e-09 0.2017633615 0.08962939024 0.2779523106 0.002771100383 0.006003554486 8.083867779e-05 
0.01166156574 -0.003969300737 1.677125716 0.0001152518142 0.0003382200367 -6.606379841e-09 0.2023706832 0.08965623013 0.2785383254 0.002772645363 0.006022382454 8.104667464e-05 
0.0119181266 -0.004064765289 1.676945801 0.0001180347975 0.000345676656 -7.971008164e-09 0.2029479079 0.08966149677 0.2791013945 0.002773472623 0.006040276889 8.12159459e-05 
0.01216735437 -0.004157873715 1.676769594 0.000120748822 0.0003529356382 -9.288168394e-09 0.2027525199 0.08964546178 0.2793446729 0.002773591404 0.006050582876 8.134609617e-05 
0.01241008447 -0.004248490859 1.676598195 0.0001233888798 0.0003599845874 -1.055366307e-08 0.2034072368 0.08974360527 0.2800621358 0.002773013197 0.006064932758 8.14368307e-05 
0.01264470258 -0.004336379697 1.676431347 0.0001259502175 0.0003668117338 -1.176329341e-08 0.2036287414 0.0896773194 0.2802878666 0.002771751406 0.006080308265 8.148794726e-05 
0.01287154396 -0.004421425654 1.676270045 0.0001284283518 0.0003734059757 -1.291285949e-08 0.2040449561 0.08959152363 0.2807118391 0.002769821811 0.006094574466 8.149933636e-05 
0.01309001964 -0.004503485613 1.676114573 0.0001308190855 0.0003797569221 -1.399816046e-08 0.204426617 0.08948684502 0.2811084161 0.002767242036 0.006107688318 8.147098127e-05 
0.01329993793 -0.00458242679 1.675965446 0.000133118523 0.000385854934 -1.501499476e-08 0.2051102204 0.08936408175 0.28157616 0.002764031802 0.00612555054 8.14029578e-05 
0.01350070747 -0.004658127354 1.675822921 0.0001353230865 0.0003916911673 -1.595916036e-08 0.205390516 0.08922390909 0.2819075232 0.002760207194 0.006135721504 8.129543382e-05 
0.0136922055 -0.004730476968 1.67568748 0.0001374295314 0.0003972576146 -1.682645498e-08 0.2056351188 0.0890676352 0.2822096054 0.002755802541 0.006144652175 8.114866863e-05 
0.01387401393 -0.004799377367 1.675559389 0.000139434962 0.0004025471472 -1.761267632e-08 0.2052158462 0.08889602023 0.2823424482 0.002750837437 0.006152319847 8.096301209e-05 
0.0140462642 -0.004864751388 1.675439206 0.0001413368478 0.0004075535571 -1.831362231e-08 0.2053571486 0.08874215009 0.28257804 0.002745338678 0.006158704837 8.073890368e-05 
0.01420861044 -0.004926508252 1.675327151 0.0001431330388 0.0004122715994 -1.892509136e-08 0.2054660814 0.08853954342 0.2827847558 0.002739334681 0.006163791655 8.047687135e-05 
0.01436091219 -0.004984626301 1.675223508 0.0001448217883 0.0004166971303 -1.944288257e-08 0.2061216644 0.08844526939 0.2834104126 0.002733379647 0.006184351709 8.017774898e-05 
0.01450305194 -0.005039001879 1.675128556 0.0001464017337 0.000420826669 -1.986279602e-08 0.2061684323 0.08821121341 0.2835915957 0.002726609698 0.006186886275 7.98579187e-05 
0.01463496944 -0.005089636863 1.675042502 0.0001478719829 0.0004246584009 -2.018063294e-08 0.2062103184 0.08797444697 0.2837894221 0.00271961186 0.006188881955 7.951274591e-05 
0.01475663027 -0.005136516447 1.674965544 0.0001492320594 0.0004281912592 -2.039219597e-08 0.2062245267 0.08772877468 0.2839562632 0.002712179739 0.006189638674 7.91336077e-05 
0.01486798285 -0.005179645198 1.674897714 0.0001504820969 0.0004314254036 -2.049377131e-08 0.2068208898 0.08748938379 0.2843809661 0.002704845541 0.006209865961 7.898515461e-05 
0.01496921197 -0.005219030774 1.674839463 0.0001516221314 0.0004343623871 -2.047971915e-08 0.2067126518 0.08723312747 0.2844704903 0.002696722335 0.006205634226 7.849622403e-05 
0.01506034026 -0.005254717743 1.674790578 0.0001526535509 0.0004370048961 -2.034730857e-08 0.2065845642 0.08697491886 0.2845391765 0.002688352415 0.006200404641 7.798139343e-05 
0.01514149932 -0.005286754884 1.674751181 0.0001535776775 0.0004393565467 -2.00918223e-08 0.2064380569 0.08671627406 0.2845878407 0.002679774914 0.006194207645 7.744175521e-05 
0.01521288461 -0.005315212355 1.67472127 0.0001543965005 0.0004414230807 -1.970911823e-08 0.206419064 0.08646951141 0.2847620498 0.002671342542 0.00619126332 7.687838755e-05 
0.0152747268 -0.00534017893 1.674700804 0.0001551125492 0.0004432110799 -1.919499598e-08 0.2062224568 0.08621340036 0.2847560057 0.002662435353 0.006182712867 7.629243318e-05 
0.01532730909 -0.005361762553 1.674689702 0.0001557289088 0.000444728696 -1.854527266e-08 0.2064181869 0.0859617588 0.2849359344 0.002653450056 0.006185075762 7.568506205e-05 
0.01537096556 -0.005380090899 1.674687837 0.0001562492366 0.0004459855568 -1.775576777e-08 0.2061378817 0.08571605171 0.2848693937 0.002644425366 0.00617316095 7.505747265e-05 
0.01540608265 -0.005395311928 1.674695045 0.0001566777785 0.0004469928096 -1.682230312e-08 0.2058520425 0.0854781193 0.2847913884 0.002635411102 0.006160605509 7.441089894e-05 
0.0154332506 -0.005407594423 1.67471122 0.000157019385 0.0004477631653 -1.574070265e-08 0.2061444264 0.08525005677 0.2848366522 0.002626463627 0.006147477207 7.374663987e-05 
0.01545265308 -0.005417128667 1.674735896 0.0001572795274 0.0004483109419 -1.450679226e-08 0.2058062428 0.08503297989 0.2847298733 0.002617614329 0.006133845048 7.306598232e-05 
0.01546519723 -0.005424520087 1.674768894 0.0001574643147 0.0004462640948 -1.311639951e-08 0.205651122 0.08486098213 0.2846163505 0.002608925772 0.006312842789 7.23703527e-05 
0.01547110387 -0.005430388722 1.674813952 0.0001575805089 0.0004467155271 -1.156535321e-08 0.205294231 0.08476738459 0.2845639796 0.002600451805 0.006274246981 7.16612356e-05 
0.01547158766 -0.005432799567 1.674862188 0.0001576355423 0.0004470216345 -9.8494829e-09 0.2052916754 0.08457665986 0.2847815714 0.002592249679 0.006233437365 7.09402124e-05 
0.01546677444 -0.00543343001 1.674917383 0.0001576375335 0.000447204075 -7.964618271e-09 0.205042107 0.08440378181 0.2847536967 0.002584380035 0.006190468146 7.020898873e-05 
0.01545747807 -0.005432585246 1.674979089 0.0001575953033 0.0004472864076 -5.906588379e-09 0.2045742829 0.08425116348 0.284504686 0.002576906437 0.006145387541 6.946943632e-05 
0.0154447893 -0.005430595385 1.675046974 0.0001575183917 0.000447294063 -3.671220762e-09 0.20411021 0.08412123248 0.2842519416 0.002569897297 0.006098257834 6.872352926e-05 
0.01542664612 -0.005427040602 1.675120495 0.0001573945907 0.0004471677328 -1.254340388e-09 0.203701149 0.08406384642 0.2839983775 0.00256479635 0.006050524476 6.797351582e-05 
