0.0009550617196 0.0008775224993 0.244805 
-0.05327706427 0.03839815939 0.3468983422 
-0.1727449343 0.1723033387 0.5214869892 
-0.2734809087 0.214454221 0.6437135532 
-0.3558796843 0.2284543053 0.818064102 
-0.416769653 0.2405215099 0.8496512793 
-0.4781827448 0.3193134154 0.866682776 
-0.687701601 0.4520623573 0.9176747403 

0.0009550617039 0.0008775224849 0.244805 
-0.05327706268 0.03839815798 0.3468983412 
-0.1727449287 0.172303333 0.5214869853 
-0.2734808993 0.214454214 0.6437135458 
-0.3558796713 0.2284542982 0.818064088 
-0.4167696364 0.2405215014 0.8496512643 
-0.4781827234 0.3193133999 0.8666827611 
-0.6877015645 0.4520623296 0.9176747246 

0.000955061662 0.0008775224463 0.244805 
-0.05327705843 0.03839815421 0.3468983385 
-0.1727449139 0.1723033175 0.5214869749 
-0.2734808742 0.2144541951 0.6437135261 
-0.3558796366 0.2284542791 0.8180640506 
-0.4167695919 0.2405214787 0.8496512242 
-0.4781826663 0.3193133587 0.8666827215 
-0.6877014669 0.4520622557 0.9176746826 

0.0009550615815 0.0008775223723 0.244805 
-0.05327705027 0.03839814699 0.3468983332 
-0.1727448856 0.1723032878 0.5214869548 
-0.273480826 0.214454159 0.6437134882 
-0.3558795702 0.2284542426 0.8180639789 
-0.4167695067 0.2405214352 0.8496511474 
-0.4781825567 0.3193132795 0.8666826455 
-0.6877012799 0.452062114 0.9176746021 

0.0009550614504 0.0008775222517 0.244805 
-0.05327703697 0.03839813522 0.3468983247 
-0.1727448394 0.1723032395 0.5214869222 
-0.2734807475 0.2144541001 0.6437134264 
-0.3558794619 0.228454183 0.8180638619 
-0.4167693677 0.2405213643 0.8496510222 
-0.4781823781 0.3193131506 0.8666825217 
-0.687700975 0.452061883 0.9176744709 

0.0009550612564 0.0008775220732 0.244805 
-0.05327701729 0.03839811779 0.3468983121 
-0.172744771 0.172303168 0.5214868739 
-0.2734806313 0.2144540129 0.643713335 
-0.3558793016 0.2284540949 0.8180636888 
-0.416769162 0.2405212594 0.8496508368 
-0.4781821137 0.3193129596 0.8666823384 
-0.6877005236 0.4520615411 0.9176742766 

0.0009550609862 0.0008775218246 0.244805 
-0.05327698988 0.03839809353 0.3468982945 
-0.1727446757 0.1723030684 0.5214868067 
-0.2734804695 0.2144538915 0.6437132077 
-0.3558790785 0.2284539722 0.8180634478 
-0.4167688757 0.2405211134 0.8496505787 
-0.4781817457 0.3193126938 0.8666820832 
-0.6876998953 0.4520610652 0.9176740062 

0.0009550606257 0.0008775214929 0.244805 
-0.05327695332 0.03839806115 0.346898271 
-0.1727445487 0.1723029354 0.521486717 
-0.2734802536 0.2144537295 0.6437130379 
-0.3558787807 0.2284538084 0.8180631262 
-0.4167684935 0.2405209185 0.8496502342 
-0.4781812545 0.3193123391 0.8666817426 
-0.6876188004 0.4521672239 0.9176781222 

0.0009550601589 0.0008775210634 0.244805 
-0.05327690597 0.03839801923 0.3468982407 
-0.1726923879 0.1722461727 0.5215662172 
-0.2733770646 0.2143415171 0.6438735958 
-0.3557262135 0.2283808122 0.8182518469 
-0.416615817 0.240447882 0.8498389253 
-0.4780284369 0.3192390957 0.8668704386 
-0.6873181265 0.4523100024 0.9178116256 

0.0009550595676 0.0008775205194 0.244805 
-0.053276846 0.03839796614 0.3468982022 
-0.172595272 0.172302514 0.5215956316 
-0.2731809444 0.2144553909 0.643933014 
-0.3555116643 0.2285092449 0.818321546 
-0.4164011295 0.2405762636 0.8499085869 
-0.4778135705 0.3193672152 0.8669401065 
-0.6869644263 0.4526375495 0.9178391559 

0.0009550588312 0.0008775198417 0.244805 
-0.0532767713 0.0383979 0.3468981543 
-0.1724877161 0.1722384107 0.5217195402 
-0.2730829072 0.2144557583 0.6440047101 
-0.3554594897 0.2286202675 0.8183617622 
-0.4163620674 0.2407874807 0.849937709 
-0.4776971925 0.3196812898 0.8669735169 
-0.6867277681 0.4531219685 0.9178422034 

0.0009550579256 0.0008775190084 0.244805 
-0.05322476927 0.03834132165 0.3469775802 
-0.1723274088 0.172296011 0.5217872635 
-0.2729810453 0.2145630503 0.6440776194 
-0.3553370395 0.2286685808 0.8184484099 
-0.4161661059 0.2407809317 0.850067451 
-0.4773803241 0.3198529859 0.8670548592 
-0.6862686095 0.4534951059 0.917887633 

0.0009550568235 0.0008775179941 0.244805 
-0.05314519585 0.03840365174 0.3469983629 
-0.1722178255 0.1722940491 0.5218660199 
-0.2727762398 0.2145114598 0.6442312505 
-0.3551360099 0.2287600455 0.8185708237 
-0.4160076409 0.2408489381 0.8501765404 
-0.4771696492 0.319994446 0.8671523824 
-0.6858923918 0.4538708213 0.9179433839 

0.0009550554937 0.0008775167701 0.244805 
-0.05311374886 0.03840494622 0.3470221921 
-0.1720921332 0.1722917749 0.5219563209 
-0.2726071209 0.2146307593 0.6443545664 
-0.3549586225 0.2288328436 0.8186914554 
-0.4158957378 0.2410129301 0.850259227 
-0.4769442942 0.3203225637 0.8671983788 
-0.6854771314 0.4544675274 0.9179414727 

0.0009550539007 0.0008775153038 0.244805 
-0.05307810985 0.03840640515 0.3470491857 
-0.1719496901 0.1722891664 0.5220586131 
-0.2724893185 0.2146769528 0.6444372041 
-0.3547575667 0.2289152865 0.8188280581 
-0.4156632211 0.2412111027 0.8503915831 
-0.4766738986 0.3205423996 0.8673105994 
-0.6849914865 0.4549916109 0.9179994081 

0.0009550520048 0.0008775135585 0.244805 
-0.05303813893 0.03840803112 0.3470794449 
-0.1717899388 0.1722862011 0.5221732801 
-0.2722900724 0.2147215168 0.644582317 
-0.3545320445 0.2290076744 0.8189811253 
-0.4153829148 0.2414698304 0.8505624398 
-0.4761373567 0.3208936936 0.8674930261 
-0.6844467106 0.4555790338 0.9180642592 

0.0009550497619 0.0008775114933 0.244805 
-0.05299371657 0.03840982535 0.3471130547 
-0.1716124037 0.1722828563 0.522300644 
-0.2720686239 0.2147709667 0.6447434769 
-0.3543323775 0.2291775647 0.8191188833 
-0.4150991903 0.2417212373 0.8506584381 
-0.4757265083 0.3212086315 0.8675339676 
-0.6838411393 0.4562314239 0.9181361753 

0.0009550471229 0.0008775090632 0.244805 
-0.05294474306 0.03841178774 0.3471500844 
-0.1714166885 0.1722791085 0.5224409672 
-0.2718244718 0.2148253887 0.644921009 
-0.3540647853 0.229302161 0.8193004664 
-0.4147776849 0.2420096021 0.8507923324 
-0.4752259981 0.3215686445 0.86770795 
-0.6831733734 0.456950099 0.9182152674 

0.0009550440345 0.0008775062187 0.244805 
-0.05289113791 0.03841391687 0.3471905879 
-0.1712024743 0.1722749337 0.5225944539 
-0.2715572103 0.2148848444 0.645115164 
-0.3537718307 0.2294383974 0.8194989701 
-0.4144560367 0.242248899 0.8509754378 
-0.4747487285 0.3219311765 0.8678723974 
-0.6824422707 0.4577360756 0.918301609 

0.0009550404386 0.0008775029063 0.244805 
-0.05283283927 0.03841621009 0.3472346044 
-0.1709695168 0.1722703074 0.5227612521 
-0.2712665256 0.2149493715 0.6453261208 
-0.3534531607 0.2295863917 0.8197145548 
-0.4141061182 0.2425089082 0.8511742682 
-0.4742295645 0.3223250462 0.8680509472 
-0.6816469383 0.4585900776 0.9183952372 

0.0009550362728 0.0008774990681 0.244805 
-0.05276980337 0.03841866347 0.3472821584 
-0.170717644 0.1722652043 0.5229414551 
-0.2709521938 0.2150189847 0.6455539879 
-0.3531085194 0.2297462122 0.8199473073 
-0.4137276397 0.2427897645 0.851388896 
-0.4736407611 0.3227561699 0.8683436483 
-0.6807867251 0.4595125448 0.918496154 

0.0009550314705 0.0008774946426 0.244805 
-0.05270200393 0.03842127193 0.3473332606 
-0.1704467545 0.1722595989 0.5231351032 
-0.2706140777 0.2150936761 0.6457988065 
-0.3527377451 0.2299178786 0.8201972431 
-0.4133204139 0.2430915188 0.8516193271 
-0.4730330686 0.3232139308 0.8685638571 
-0.6798612146 0.4605036422 0.9186043273 

0.000955025961 0.0008774895644 0.244805 
-0.05262943165 0.03842402925 0.3473879083 
-0.1701568148 0.172253465 0.5233421859 
-0.270252124 0.2151734163 0.6460605523 
-0.3523407677 0.2301013642 0.8204643089 
-0.4128843531 0.2434141413 0.8518655032 
-0.4723824349 0.3237032839 0.8687991005 
-0.6788702172 0.4615632686 0.9187196923 

0.0009550196701 0.0008774837647 0.244805 
-0.05255209361 0.03842692813 0.3474460857 
-0.1698478571 0.172246776 0.5235626429 
-0.2698663611 0.2152581551 0.6463391378 
-0.3519176052 0.2302965971 0.820748385 
-0.4124194659 0.2437575242 0.8521273046 
-0.4716888915 0.3242240521 0.8690492614 
-0.6778137639 0.462691066 0.9188421529 

0.0009550125207 0.0008774771718 0.244805 
-0.0524700128 0.03842996024 0.3475077644 
-0.1695199774 0.1722395052 0.5237963669 
-0.2694568958 0.2153478223 0.6466344149 
-0.3514683612 0.2305034623 0.8210492882 
-0.4119258544 0.2441214845 0.8524045521 
-0.4709526104 0.3247759435 0.8693141663 
-0.6766920987 0.4638864286 0.918971583 

0.0009550044325 0.0008774697114 0.244805 
-0.05238322749 0.03843311634 0.3475729041 
-0.1691733328 0.1722316257 0.5240432044 
-0.269023911 0.2154423288 0.6469461772 
-0.350993222 0.2307218029 0.8213667741 
-0.4114037109 0.244505767 0.8526970099 
-0.4701738999 0.3253585556 0.8695935869 
-0.6755056721 0.4651485125 0.9191078283 

0.0009549953234 0.0008774613071 0.244805 
-0.0522917908 0.03843638629 0.3476414527 
-0.1688081402 0.1722231108 0.5243029585 
-0.2685676632 0.2155415671 0.6472741622 
-0.3504273982 0.2308797729 0.8217396605 
-0.4108533152 0.244910047 0.8530043881 
-0.4693531994 0.3259713799 0.8698872434 
-0.6742551348 0.4664762448 0.9192507072 

0.0009549851096 0.000877451881 0.244805 
-0.05219577008 0.03843975918 0.3477133472 
-0.1684246732 0.1722139339 0.5245753898 
-0.2680884796 0.2156454127 0.6476180541 
-0.3498950317 0.2311134844 0.8220931449 
-0.4102750316 0.2453339332 0.8533263453 
-0.468491076 0.3266138063 0.8701948064 
-0.6729413305 0.4678683335 0.9194000133 

0.0009549737063 0.0008774413541 0.244805 
-0.05209524647 0.03844322338 0.347788514 
-0.1680232607 0.1722040688 0.5248602191 
-0.267586756 0.2157537247 0.647977486 
-0.3493375074 0.2313576491 0.822462315 
-0.4096693062 0.2457769712 0.8536624911 
-0.4675882192 0.327285128 0.8705159001 
-0.67156529 0.4693232771 0.9195555162 

0.0009549610285 0.000877429647 0.244805 
-0.05199031434 0.03844676664 0.3478668691 
-0.1676042846 0.1721934901 0.5251571285 
-0.267062954 0.2158663468 0.6483520421 
-0.3487553225 0.2316119692 0.8228467057 
-0.4090366641 0.2462386457 0.854012389 
-0.4666454373 0.3279845459 0.8708501042 
-0.6701282245 0.4708393741 0.9197169636 

0.0009549469914 0.0008774166808 0.244805 
-0.05188108078 0.03845037618 0.3479483193 
-0.1671681774 0.1721821732 0.5254657641 
-0.2665054322 0.2160569347 0.6486934639 
-0.348136878 0.2319499415 0.823198007 
-0.40836554 0.2467922102 0.8543277622 
-0.4656514864 0.3287849994 0.8711491599 
-0.6686193532 0.4724885597 0.9198362858 

0.0009549315117 0.0008774023773 0.244805 
-0.0517676651 0.03845403879 0.3480327621 
-0.1667154206 0.1721700945 0.525785737 
-0.2659381255 0.2161836162 0.6490929786 
-0.3475061582 0.2322295184 0.8236073939 
-0.4076799578 0.2472953497 0.8546998224 
-0.4646307479 0.3295438312 0.8715042991 
-0.6670635788 0.4741270748 0.9200049242 

0.0009549145075 0.0008773866602 0.244805 
-0.05172010222 0.03853382165 0.3481200861 
-0.1663164463 0.1722333127 0.5261166258 
-0.2654203648 0.2163903456 0.64950597 
-0.3469225497 0.232594463 0.8240301969 
-0.4070393496 0.2478915362 0.8550839412 
-0.4636430469 0.3304041443 0.8718709149 
-0.6655524456 0.4758818899 0.920171032 

0.0009548959001 0.0008773694552 0.244805 
-0.05160390969 0.03854319066 0.3482101723 
-0.1658372024 0.1722252869 0.5264579785 
-0.264818227 0.2165303871 0.6499318583 
-0.3462521915 0.2328978332 0.824465783 
-0.4063099054 0.2484335147 0.8554795303 
-0.4625549997 0.3312182901 0.8722484424 
-0.6637470294 0.4776883493 0.9204090517 

0.000954875614 0.0008773506914 0.244805 
-0.05148411696 0.03855274102 0.3483028936 
-0.1653431809 0.1722166077 0.5268093139 
-0.2641973437 0.2166741235 0.6503700282 
-0.3454604028 0.2332230385 0.8249134833 
-0.4054570013 0.2490043612 0.8558859691 
-0.4613324406 0.3320689275 0.8726362857 
-0.6618011042 0.4793841184 0.9206644824 

0.0009548535778 0.0008773303018 0.244805 
-0.05136087973 0.03856245072 0.3483981162 
-0.1648350299 0.1722072506 0.527170124 
-0.2635585137 0.2168213108 0.6508198312 
-0.3447349544 0.2334918957 0.8254128889 
-0.4046684702 0.2495255393 0.8563429005 
-0.4601636914 0.3328770819 0.873074114 
-0.6600570622 0.4812460627 0.9209451154 

0.0009548297255 0.0008773082236 0.244805 
-0.05123436295 0.03857229737 0.3484956992 
-0.1643134357 0.172197193 0.5275398757 
-0.2629025839 0.2169716956 0.6512805879 
-0.3439983904 0.2338250223 0.8259950859 
-0.4038669236 0.2501172951 0.8568814659 
-0.4589718813 0.3337625418 0.8735930961 
-0.657982238 0.4831252467 0.9213035024 

0.0009548039967 0.0008772843996 0.244805 
-0.05110474039 0.03858225833 0.348595496 
-0.163855829 0.1721159339 0.5279180126 
-0.2623822668 0.2169855228 0.651751591 
-0.3433855357 0.2340160786 0.8264946246 
-0.4031872596 0.2505729009 0.8573362737 
-0.4578924531 0.3345181038 0.8740278693 
-0.6561513938 0.48491006 0.9214597541 

0.0009547763375 0.0008772587784 0.244805 
-0.05097219404 0.03859231079 0.3486973541 
-0.1633191085 0.1720956331 0.5283039571 
-0.2617137794 0.2171241276 0.6522321075 
-0.3426212248 0.2343354424 0.8270049797 
-0.4023543908 0.2511623308 0.8578008602 
-0.4566508903 0.3354132505 0.8744719997 
-0.6541811341 0.486857849 0.9216995914 

0.0009547467014 0.0008772313154 0.244805 
-0.05083691372 0.03860243195 0.3488011161 
-0.1627719759 0.1720738754 0.5286971121 
-0.2610325127 0.2172637346 0.6527213808 
-0.3418409112 0.2346590499 0.8275253928 
-0.4015038537 0.251761103 0.8582745312 
-0.4553833241 0.3363229944 0.8749248241 
-0.6521650242 0.4888390599 0.9219454226 

0.0009547150499 0.0008772019734 0.244805 
-0.0506990965 0.03861259908 0.3489066197 
-0.1622152651 0.1720506333 0.5290968628 
-0.2603395147 0.2174040342 0.6532186341 
-0.3410457169 0.2349862958 0.8280550798 
-0.4005320353 0.2523820611 0.8587565696 
-0.4540182706 0.3372444493 0.8753779854 
-0.6499296309 0.4908351962 0.922189278 

0.000954681353 0.000877170723 0.244805 
-0.05055894625 0.03862278968 0.3490136986 
-0.1617239716 0.1719577672 0.5295025791 
-0.2596358623 0.21754472 0.6537230718 
-0.3402485117 0.235401974 0.8285932328 
-0.3996515331 0.2530282651 0.8592871608 
-0.4526362488 0.3382499636 0.8759061566 
-0.6477505772 0.4929430254 0.9225062207 

0.0009546455902 0.0008771375435 0.244805 
-0.05041667308 0.03863298155 0.3491221829 
-0.1611585764 0.1719242631 0.5299136168 
-0.2588163612 0.2176995102 0.6542338826 
-0.3394283248 0.2357437354 0.8291390228 
-0.3987540247 0.2536640327 0.8598940085 
-0.451109975 0.3391097892 0.8765967032 
-0.6453479259 0.4948517109 0.9230182261 

0.0009546077506 0.0008771024232 0.244805 
-0.05027249286 0.03864315293 0.3492318994 
-0.1605867409 0.1718887714 0.5303293197 
-0.2580094057 0.2178559214 0.6547914551 
-0.3386387679 0.2361334133 0.8297513165 
-0.3978765146 0.2543414305 0.8604718071 
-0.4497651338 0.3401062099 0.877164351 
-0.6431649243 0.4969685394 0.9233754615 

0.0009545678338 0.00087706536 0.244805 
-0.05012662668 0.03865328257 0.3493426723 
-0.1600093813 0.1718512924 0.5307490215 
-0.2573476647 0.2179391866 0.6554224111 
-0.3376962465 0.2364937668 0.8303156843 
-0.3969494404 0.2549821792 0.8610019915 
-0.4484319286 0.3411417275 0.8777204328 
-0.6409773371 0.4991337219 0.9237205857 

0.0009545258501 0.0008770263618 0.244805 
-0.05005379147 0.03859490644 0.3494543236 
-0.1594274253 0.1718118368 0.5311720476 
-0.2566008735 0.2180759081 0.6559616267 
-0.336842342 0.2367893471 0.8309278917 
-0.3960121693 0.2556265124 0.8615379369 
-0.4469290192 0.3420727639 0.8782505952 
-0.6386049682 0.5012017964 0.9240396294 

0.0009544818208 0.0008769854471 0.244805 
-0.04991200819 0.03859866797 0.3495666736 
-0.15884181 0.1717704259 0.5315977168 
-0.2558485149 0.2182114357 0.6565046132 
-0.3359943829 0.2371542093 0.8316062367 
-0.39506614 0.2562733474 0.8620788193 
-0.4453596686 0.343073286 0.8788193179 
-0.6361522884 0.5033448359 0.9243974501 

0.000954435779 0.0008769426448 0.244805 
-0.04976956361 0.03860201987 0.3496795411 
-0.1582534794 0.1717270921 0.5320253432 
-0.2550917837 0.2183455084 0.6570505035 
-0.3351263786 0.2375040917 0.8321968487 
-0.3941128201 0.2569216033 0.8626237988 
-0.4438542641 0.3440483304 0.8792744492 
-0.6338690313 0.5054418153 0.9247022447 

0.0009543877692 0.0008768979949 0.244805 
-0.04962668727 0.0386049503 0.3497927443 
-0.1576633816 0.171681879 0.5324542377 
-0.254331886 0.2184778774 0.6575984245 
-0.3342535331 0.2378534655 0.8327907074 
-0.3931695274 0.2576528836 0.8631720219 
-0.4424001416 0.3451096013 0.8798147087 
-0.6315176485 0.5076488345 0.9250381873 

0.0009543378477 0.0008768515484 0.244805 
-0.04948360928 0.03860745015 0.3499061011 
-0.157072467 0.1716348414 0.5328837102 
-0.253570036 0.2186083067 0.6581474984 
-0.3333772286 0.2382017495 0.8333868719 
-0.3922074087 0.2583074479 0.8637226233 
-0.4409236846 0.3460937859 0.8803579359 
-0.6291344794 0.5097784764 0.9253786182 

0.0009542860829 0.0008768033673 0.244805 
-0.04934055964 0.03860951309 0.3500194295 
-0.1564816856 0.1715860451 0.5333130707 
-0.2528074534 0.2187365742 0.6586968458 
-0.3324988616 0.2385483727 0.8339843925 
-0.3912425914 0.2589604962 0.8642747278 
-0.4394418411 0.3470755428 0.8809032694 
-0.6267379014 0.5119035254 0.9257230116 

0.0009542325546 0.000876753525 0.244805 
-0.04919776779 0.03861113563 0.3501325478 
-0.1558919849 0.1715355676 0.5337416318 
-0.2520881644 0.2189090584 0.6593067093 
-0.3316198389 0.2388927757 0.834582313 
-0.3903090785 0.2595952895 0.8648195009 
-0.4378580263 0.348038939 0.8814498366 
-0.6242328082 0.5140061918 0.9260708179 

0.0009541773548 0.0008767021058 0.244805 
-0.04905546199 0.03861231708 0.3502452757 
-0.1553043072 0.1714834968 0.5341687095 
-0.2513215605 0.2191227698 0.6598583662 
-0.3307415749 0.2392344124 0.8351796728 
-0.389227015 0.2602844239 0.8654504636 
-0.436406365 0.3489870919 0.8821084319 
-0.6218554501 0.516155874 0.9264807078 

0.0009541205865 0.0008766492047 0.244805 
-0.04891386877 0.0386130596 0.350357434 
-0.1547195878 0.1714299318 0.5345936254 
-0.2505666367 0.2192528307 0.6604078008 
-0.3298654873 0.2395727513 0.8357755096 
-0.3882126368 0.2608927868 0.8660654528 
-0.4349859311 0.3499057651 0.8826351115 
-0.6194376309 0.5182487036 0.9268376985 

0.0009540623643 0.0008765949276 0.244805 
-0.0487732124 0.03861336814 0.3504688455 
-0.1541387525 0.1713749819 0.5350157082 
-0.2498159229 0.2193802478 0.6609541376 
-0.3290237382 0.2399846231 0.8363688616 
-0.387170287 0.2615431203 0.8666642049 
-0.4335064591 0.3508565256 0.8831861641 
-0.6170221016 0.5203235154 0.9271964349 

0.0009540028133 0.0008765393902 0.244805 
-0.04863371438 0.0386132504 0.3505793353 
-0.1535627155 0.1713187665 0.5354342953 
-0.2490706153 0.219504853 0.6614965083 
-0.3281582193 0.2403197736 0.8369587697 
-0.386201489 0.2621735029 0.8672222204 
-0.431970848 0.3517286396 0.8837715219 
-0.6145501034 0.5223086916 0.9275927627 

0.000953942069 0.0008764827184 0.244805 
-0.04849559285 0.03861271674 0.3506887311 
-0.1529923769 0.1712614146 0.5358487343 
-0.2483318975 0.2196264926 0.6620340546 
-0.3272991601 0.2406502369 0.8375442806 
-0.3851896863 0.2627930265 0.8676885396 
-0.4304297841 0.352667571 0.8843602703 
-0.6121475891 0.5243336986 0.9279552825 

0.0009538802763 0.000876425047 0.244805 
-0.04835906211 0.03861178011 0.3507968639 
-0.152428621 0.1712030638 0.5362583846 
-0.247600937 0.219745027 0.6625659303 
-0.3264479529 0.2409755387 0.8381244489 
-0.3841528634 0.2633755001 0.8682333026 
-0.4289695043 0.3535799317 0.8849067097 
-0.609759617 0.526331192 0.9283176204 

0.0009538175896 0.0008763665195 0.244805 
-0.04822433208 0.03861045591 0.3509035681 
-0.1518723139 0.1711438602 0.536662619 
-0.2468788826 0.2198603313 0.6630913032 
-0.325605975 0.2412952233 0.8386983395 
-0.3832595562 0.2640427181 0.868818544 
-0.4274144255 0.354432785 0.8854754954 
-0.607390324 0.5282982175 0.928679088 

0.0009537541711 0.0008763072874 0.244805 
-0.04809160782 0.0386087619 0.3510086819 
-0.1513243015 0.1710839575 0.5370608251 
-0.2461668612 0.2199722945 0.6636093574 
-0.3247745849 0.241608855 0.8392650306 
-0.3821652593 0.2646776074 0.8693850287 
-0.4259784351 0.3553125504 0.886012816 
-0.6050438353 0.53023192 0.9290389869 

0.0009536901905 0.0008762475091 0.244805 
-0.04796108898 0.038606718 0.351112048 
-0.150797098 0.1709528634 0.5374981776 
-0.2454659753 0.2200808199 0.6641192952 
-0.3239551189 0.2419160186 0.839823616 
-0.3812315493 0.2652645907 0.8699148454 
-0.4245610664 0.3561753382 0.8865434981 
-0.6027242504 0.5321295499 0.9293966122 

0.0009536258242 0.0008761873495 0.244805 
-0.04783296932 0.03860434616 0.3512135137 
-0.1502684095 0.170890321 0.5378836778 
-0.2447772991 0.2201858247 0.6646203396 
-0.3231488866 0.2422163201 0.8403732076 
-0.3803118847 0.2658396684 0.8704366076 
-0.4231646896 0.3570199792 0.8870666459 
-0.6004356291 0.5339884684 0.929751255 

0.0009535612538 0.0008761269787 0.244805 
-0.04770743624 0.03860167016 0.3513129314 
-0.1497504056 0.1708276107 0.5382613948 
-0.2441018767 0.2202872395 0.6651117359 
-0.3223571675 0.2425093874 0.8409129385 
-0.379407783 0.2664020589 0.8709494669 
-0.4218319445 0.3578892362 0.8876389853 
-0.59822229 0.53585003 0.9301598119 

0.0009534966654 0.000876066571 0.244805 
-0.04758467023 0.0385987154 0.351410159 
-0.14924383 0.1707649099 0.5386307886 
-0.243440718 0.2203850083 0.6655927544 
-0.3215812062 0.2427948706 0.8414419653 
-0.378520727 0.2669510177 0.871452595 
-0.4205031618 0.3585672757 0.8880915313 
-0.5960109783 0.5376245982 0.9305089807 

0.0009534322484 0.0008760063043 0.244805 
-0.04746484446 0.03859550873 0.3515050601 
-0.1487493962 0.1707023988 0.5389913413 
-0.2427947967 0.2204790875 0.6660626919 
-0.3208222093 0.2430724426 0.8419594708 
-0.37765216 0.2674858389 0.8719451864 
-0.4191331459 0.3592606156 0.8885870745 
-0.5939152592 0.5392739153 0.9307601395 

0.0009533681943 0.0008759463584 0.244805 
-0.04734812424 0.03859207819 0.3515975046 
-0.1482677852 0.1706402593 0.5393425589 
-0.2421650467 0.220569446 0.6665208741 
-0.3200813406 0.2433417995 0.842464667 
-0.3768034802 0.268005857 0.8724264617 
-0.4177810681 0.3599466554 0.8890585233 
-0.5917947364 0.5409523317 0.9310925635 

0.001020487816 0.000802767391 0.244805 
-0.04723466655 0.03858845279 0.351687369 
-0.1477996436 0.1705786739 0.5396839721 
-0.2415523592 0.2206560644 0.6669666579 
-0.3193597174 0.2436026611 0.8429567973 
-0.3759760357 0.2685104477 0.8728956698 
-0.416521307 0.3606752538 0.889530884 
-0.5896841435 0.5425369666 0.9313609914 

0.001021675786 0.0008013473927 0.244805 
-0.04712461961 0.03858466227 0.3517745366 
-0.1473455819 0.1705178243 0.540015138 
-0.2409575801 0.2207389343 0.6673994329 
-0.3186584061 0.2438547708 0.8434351396 
-0.3752119395 0.2690434584 0.8734104421 
-0.4152955852 0.361380037 0.8899907587 
-0.5876492937 0.5440298985 0.9316763654 

0.001022825417 0.0007999710015 0.244805 
-0.04701812235 0.03858073687 0.3518588982 
-0.1469061722 0.1704578906 0.5403356414 
-0.2403815066 0.2208180577 0.6678186241 
-0.3180188696 0.2441419231 0.8439568365 
-0.3744322352 0.2695170766 0.8738554723 
-0.4141785041 0.3621139836 0.890454344 
-0.5857373688 0.5454708802 0.9320036831 

0.001023935336 0.0007986400945 0.244805 
-0.04691530399 0.03857670704 0.351940352 
-0.1464819466 0.1703990498 0.5406450963 
-0.2398248846 0.2208934467 0.6682236934 
-0.3173625239 0.2443773435 0.8444075448 
-0.3736774306 0.2699736308 0.8742863469 
-0.4130733637 0.3627094389 0.8909034225 
-0.5838353256 0.5469304167 0.932303064 

0.001025004276 0.0007973564215 0.244805 
-0.04681628354 0.03857260326 0.3520188043 
-0.1460733948 0.1703414745 0.540943147 
-0.2392884055 0.2209651224 0.6686141424 
-0.3167293156 0.2446033581 0.8448424926 
-0.3728168916 0.2703622427 0.8747868245 
-0.4119645656 0.36333859 0.8913227007 
-0.5819232515 0.5484006287 0.9325934097 

0.001026031086 0.0007961215965 0.244805 
-0.04672116933 0.03856845571 0.3520941701 
-0.145680963 0.1702853321 0.5412294697 
-0.2387727033 0.2210331145 0.6689895137 
-0.3161200627 0.2448198042 0.8452611171 
-0.3721111074 0.2707818355 0.8751901404 
-0.4108966763 0.3639414985 0.8917267971 
-0.580146903 0.5497489604 0.9328741829 

0.001027014732 0.0007949370901 0.244805 
-0.04663005859 0.03856429409 0.3521663726 
-0.1453050512 0.1702307833 0.5415037738 
-0.2382783517 0.2210974607 0.6693493934 
-0.3155355121 0.2450265447 0.8456629037 
-0.3714333648 0.2711832045 0.8755775211 
-0.409871131 0.3645177317 0.8921151494 
-0.5784391439 0.5510384322 0.9331448799 

0.001027954306 0.0007938042217 0.244805 
-0.04654303691 0.03856014731 0.3522353444 
-0.1449460116 0.1701779809 0.5417658032 
-0.2378058613 0.221158206 0.6696934132 
-0.3149604579 0.245141857 0.8460473887 
-0.3707686399 0.2714844426 0.8759484839 
-0.4088733534 0.3649853182 0.8924872448 
-0.5768178852 0.5521021446 0.9333481386 

0.001028849026 0.000792724151 0.244805 
-0.04646017785 0.03855604332 0.3523010276 
-0.1446041467 0.1701270688 0.5420153379 
-0.2373556762 0.2212154018 0.6700212523 
-0.3144266365 0.2453257501 0.8464141623 
-0.3701488368 0.2718453999 0.8763025985 
-0.4079528056 0.3655946103 0.8928421496 
-0.5751510011 0.5531519843 0.9336539415 

0.001029698247 0.000791697871 0.244805 
-0.0463815424 0.03855200884 0.352363374 
-0.1442797074 0.1700781808 0.542252195 
-0.2369281716 0.221269106 0.6703326396 
-0.3139193059 0.2454997648 0.8467628712 
-0.3695593664 0.2721874855 0.8766394897 
-0.4070591141 0.3659968452 0.8931849915 
-0.5736593079 0.5542498253 0.9338917556 

0.00103050146 0.0007907261994 0.244805 
-0.04630717855 0.03854806914 0.3524223457 
-0.1439728909 0.1700314396 0.5424762305 
-0.2365236505 0.2213193819 0.6706273557 
-0.3134388898 0.2456638808 0.8470932211 
-0.3690007887 0.2725105752 0.8769588407 
-0.4062142578 0.3664606007 0.8935058767 
-0.5722444145 0.5552864858 0.9341178719 

0.001031258299 0.0007898097711 0.244805 
-0.04623712081 0.03854424788 0.3524779152 
-0.1436838389 0.1699869554 0.5426873405 
-0.2361423411 0.2213662981 0.6709052351 
-0.3129857206 0.2458181046 0.8474049799 
-0.3684735544 0.2728146002 0.8772603953 
-0.4054167579 0.3668967327 0.8938090116 
-0.570977953 0.5562481052 0.934293082 

0.001031968549 0.0007889490309 0.244805 
-0.0461713897 0.03854056684 0.3525300661 
-0.1434126355 0.1699448255 0.5428854625 
-0.2357843936 0.2214099277 0.6711661682 
-0.312560035 0.2459624689 0.8476979797 
-0.3679780002 0.2730995479 0.8775439616 
-0.4046671292 0.3673052728 0.8940941797 
-0.5697828828 0.557227362 0.9344573694 

0.001032632146 0.000788144225 0.244805 
-0.04610999131 0.03853704581 0.3525787932 
-0.1431593053 0.169905133 0.5430705774 
-0.2354498772 0.2214503485 0.6714101033 
-0.3121619703 0.2460970337 0.8479721201 
-0.3675143435 0.2733654639 0.8778094139 
-0.4039657057 0.3676863328 0.8943612326 
-0.5686089214 0.558081478 0.9346447878 

0.001033249188 0.0007873953943 0.244805 
-0.04605291677 0.03853370241 0.3526241033 
-0.1429238114 0.169867946 0.5432427101 
-0.2351387777 0.2214876422 0.6716370489 
-0.3117915608 0.2462218868 0.8482273704 
-0.3670826777 0.2736124532 0.878056696 
-0.4033126338 0.3680401065 0.8946100929 
-0.5675151725 0.5588746975 0.934819764 

0.001033819934 0.0007867023662 0.244805 
-0.04600014177 0.03853055195 0.3526660148 
-0.1427060531 0.1698333169 0.5434019318 
-0.2348509939 0.2215218949 0.6718470757 
-0.3114487337 0.2463371439 0.8484637723 
-0.3666829678 0.2738406817 0.8782858235 
-0.402707865 0.3683668716 0.8948407574 
-0.5665017092 0.5596075786 0.93498223 

0.001034344815 0.0007860647477 0.244805 
-0.04595162609 0.03852760729 0.3527045591 
-0.1425058644 0.1698012815 0.5435483612 
-0.2345863354 0.2215531962 0.6720403187 
-0.3111333057 0.2464429499 0.8486814424 
-0.3663150451 0.2740503784 0.8784968866 
-0.4021107054 0.3686229731 0.8949954412 
-0.5655682538 0.5602808788 0.9351321767 

0.001034824436 0.0007854819178 0.244805 
-0.04590731303 0.03852487877 0.3527397803 
-0.1423230112 0.1697718588 0.5436821657 
-0.2343445192 0.2215816399 0.6722169792 
-0.3108048795 0.2464958345 0.8488232074 
-0.3659385042 0.274198192 0.878632685 
-0.4015044469 0.3687735983 0.8951319296 
-0.5646740666 0.5608519166 0.9352122888 

0.001035259582 0.0007849530205 0.244805 
-0.04586712894 0.03852237413 0.3527717357 
-0.1421571898 0.16974505 0.5438035636 
-0.2341251668 0.2216073239 0.6723773273 
-0.3105425601 0.2465825539 0.8490031049 
-0.3656324175 0.2743710335 0.8788072292 
-0.400981379 0.3690899515 0.8953377228 
-0.5638976542 0.5614084177 0.9353364455 

0.001035651225 0.0007844769573 0.244805 
-0.04583098269 0.0385200984 0.3528004965 
-0.1420080244 0.1697208383 0.5439128252 
-0.2339278018 0.2216303502 0.6725217036 
-0.3103064504 0.2466605049 0.8491651834 
-0.3653568307 0.2745264921 0.8789645401 
-0.4005630106 0.3693120049 0.8954959755 
-0.5631982578 0.561908935 0.9354485193 

0.001036000531 0.0007840523805 0.244805 
-0.04579876515 0.03851805394 0.352826148 
-0.1418750649 0.1696991886 0.5440102746 
-0.2337518464 0.2216508257 0.6726505216 
-0.3100958886 0.2467299571 0.8493098849 
-0.3651109991 0.2746650676 0.8791050312 
-0.4001897706 0.3695099096 0.8956373345 
-0.5625740838 0.562355087 0.9355487576 

0.00103630886 0.0007836776861 0.244805 
-0.04577034861 0.03851624038 0.35284879 
-0.1417577848 0.1696800469 0.5440962913 
-0.2335966189 0.2216688621 0.6727642696 
-0.3099100836 0.2467912133 0.8494377373 
-0.3648940236 0.2747873325 0.8792292019 
-0.3998602997 0.3696845014 0.895762293 
-0.5620229336 0.5627487241 0.9356374748 

0.00103657778 0.0007833510071 0.244805 
-0.04574558632 0.03851465463 0.3528685375 
-0.1416555792 0.1696633405 0.5441713118 
-0.2334613306 0.2216845767 0.6728635132 
-0.3097481125 0.2468446108 0.8495493576 
-0.3647048463 0.2748939345 0.8793376397 
-0.3995729981 0.3698367195 0.8958714344 
-0.561542194 0.5630919371 0.9357150542 

0.001036809065 0.0007830702064 0.244805 
-0.04572431184 0.0385132909 0.3528855208 
-0.141567762 0.1696489774 0.5442358313 
-0.2333450831 0.221698093 0.672948897 
-0.3096089165 0.2468905231 0.8496454537 
-0.3645422472 0.2749855989 0.8794310221 
-0.3993260195 0.3699676107 0.8959654341 
-0.5611288286 0.5633870652 0.9357819487 

0.001037004709 0.0007828328705 0.244805 
-0.04570633856 0.03851214077 0.3528998863 
-0.141493564 0.1696368468 0.5442904057 
-0.2332468651 0.2217095413 0.6730211472 
-0.3094912982 0.2469293611 0.8497268269 
-0.3644048403 0.2750631317 0.879510119 
-0.399117266 0.3700783332 0.8960450617 
-0.5607793694 0.5636367052 0.9358386823 

0.001037166924 0.0007826363025 0.244805 
-0.04569145913 0.03851119322 0.3529117965 
-0.1414321303 0.1696268186 0.5443356528 
-0.2331655499 0.2217190596 0.6730810734 
-0.3093939179 0.2469615747 0.8497943739 
-0.3642910707 0.2751274216 0.8795757946 
-0.398944383 0.370170161 0.896111183 
-0.5604899091 0.5638437203 0.9358858508 

0.001037298155 0.0007824775159 0.244805 
-0.04567944485 0.03851043473 0.3529214309 
-0.1413825183 0.1696187439 0.5443722542 
-0.2330998921 0.2217267942 0.673129571 
-0.3093152912 0.2469876548 0.8498490893 
-0.3641992106 0.2751794441 0.8796290095 
-0.3988047536 0.3702444882 0.8961647621 
-0.5602560932 0.5640112497 0.9359241232 

0.001037401079 0.0007823532276 0.244805 
-0.04567004514 0.03850984934 0.3529289862 
-0.141343695 0.1696124547 0.5444009575 
-0.2330485252 0.2217329009 0.6731676232 
-0.309253785 0.2470081347 0.8498920678 
-0.3641273565 0.2752202632 0.8796708225 
-0.3986954943 0.3703028337 0.8962068628 
-0.5600731128 0.5641427184 0.9359542422 

0.001037478614 0.0007822598519 0.244805 
-0.04566298694 0.03850941876 0.352934677 
-0.1413145349 0.1696077644 0.5444225773 
-0.2330099582 0.2217375454 0.6731963031 
-0.3092076151 0.247023592 0.8499245061 
-0.3640734256 0.2752510354 0.8797023929 
-0.3986134496 0.3703468457 0.8962386509 
-0.5599356976 0.5642418469 0.9359770255 

0.001037533926 0.0007821934937 0.244805 
-0.04565797414 0.03850912245 0.3529387359 
-0.1412938174 0.1696044676 0.5444379975 
-0.2329825728 0.221740905 0.6732167761 
-0.3091748429 0.2470346505 0.8499477056 
-0.3640351529 0.2752730123 0.8797249823 
-0.3985551873 0.3703783064 0.8962613956 
-0.5598381088 0.5643126612 0.9359933661 

0.001037570437 0.0007821499422 0.244805 
-0.04565468703 0.03850893773 0.3529414142 
-0.1412802244 0.1696023406 0.544448173 
-0.2329646208 0.2217431688 0.673230302 
-0.3091533722 0.2470419817 0.8499630739 
-0.3640100878 0.2752875436 0.8797399561 
-0.3985169937 0.3703991366 0.8962764718 
-0.5597741317 0.5643595029 0.9360042335 

0.001037591826 0.000782124664 0.244805 
-0.04565278166 0.03850883986 0.3529429824 
-0.1412723382 0.1696011412 0.5444541311 
-0.2329542208 0.221744539 0.6732382366 
-0.309140946 0.2470463071 0.8499721276 
-0.3639955906 0.2752960804 0.8797487862 
-0.3984948684 0.3704114006 0.8962853615 
-0.559737069 0.5643870387 0.9360106745 

0.001037602039 0.000782112797 0.244805 
-0.04565188934 0.03850880213 0.3529437305 
-0.1412686387 0.169600609 0.5444569736 
-0.2329493555 0.2217452314 0.6732420348 
-0.3091351437 0.247048399 0.8499764943 
-0.3639888296 0.2753001778 0.8797530524 
-0.3984845196 0.37041731 0.8962896557 
-0.5597197328 0.5644002701 0.9360138138 

0.001037605296 0.0007821091434 0.244805 
-0.04565161601 0.03850879587 0.3529439686 
-0.1412675014 0.1696004653 0.5444578784 
-0.2329478686 0.2217454768 0.6732432519 
-0.3091333777 0.2470490832 0.8499779144 
-0.3639867773 0.2753014979 0.8797544445 
-0.3984813581 0.3704192286 0.8962910564 
-0.5597144366 0.5644045424 0.9360148556 

