0 0 0 
2.38414e-06 3.77032e-08 4.61731e-24 
9.5834e-05 2.52895e-05 2.37627e-05 
0.000192024 5.21364e-05 4.89805e-05 
0.00039989 0.000180706 0.000177149 
0.0005029 0.000245448 0.000241718 
0.000706205 0.000363201 0.000355495 
0 0 0 
2.40703e-06 3.80678e-08 4.66196e-24 
9.67544e-05 2.55327e-05 2.3991e-05 
0.000193868 5.26379e-05 4.94511e-05 
0.000403731 0.000182444 0.000178851 
0.000507731 0.000247808 0.00024404 
0.000712991 0.0003668 0.000359018 
0 0 0 
2.46824e-06 3.90428e-08 4.78137e-24 
9.92148e-05 2.61831e-05 2.46014e-05 
0.000198798 5.39786e-05 5.07091e-05 
0.000414 0.000145149 0.000183402 
0.000520647 0.000190863 0.000250249 
0.000731131 0.000300906 0.000368493 
0 0 0 
2.58558e-06 4.0913e-08 5.01039e-24 
0.000103932 2.74299e-05 2.57714e-05 
0.000208249 5.6549e-05 5.31209e-05 
0.000433687 0.000153566 0.000192125 
0.000545407 0.000202221 0.000262152 
0.000765908 0.00031865 0.000386727 
0 0 0 
2.77596e-06 4.395e-08 5.38233e-24 
0.000111585 2.94534e-05 2.76699e-05 
0.000223584 6.07205e-05 5.70342e-05 
0.00046563 0.000167381 0.00020628 
0.000585583 0.00022089 0.000281466 
0.000822339 0.000347801 0.000416389 
0 0 0 
3.05542e-06 4.84142e-08 5.92903e-24 
0.000122819 3.24246e-05 3.0457e-05 
0.000246094 6.68457e-05 6.27791e-05 
0.000512521 0.000187824 0.000227059 
0.00064456 0.000248538 0.00030982 
0.000905181 0.000390959 0.000460009 
0 0 0 
3.43912e-06 5.45555e-08 6.68112e-24 
0.000138244 3.65059e-05 3.42841e-05 
0.000277002 7.52594e-05 7.06678e-05 
0.000576909 0.000216057 0.000255594 
0.000725544 0.000286748 0.000348756 
0.00101894 0.000450591 0.000519985 
0 0 0 
3.94137e-06 6.26148e-08 7.66811e-24 
0.000158435 4.18514e-05 3.92944e-05 
0.00031746 8.62791e-05 8.09955e-05 
0.000661198 0.000253186 0.000292953 
0.000831562 0.000337019 0.000399732 
0.00116787 0.000529034 0.000598582 
0 0 0 
4.57563e-06 7.28261e-08 8.91863e-24 
0.000183934 4.86072e-05 4.5623e-05 
0.000368553 0.000100206 9.40406e-05 
0.000767656 0.000300255 0.000340142 
0.000965466 0.000400771 0.000464122 
0.001356 0.0006285 0.000697943 
0 0 0 
5.35456e-06 8.54176e-08 1.04606e-23 
0.00021525 5.69116e-05 5.33969e-05 
0.000431303 0.000117325 0.000110065 
0.000898416 0.000313306 0.000309993 
0.00112976 0.000411557 0.00041032 
0.00157393 0.000609293 0.000640247 
0 0 0 
6.28998e-06 1.00613e-07 1.23216e-23 
0.000122596 6.68959e-05 6.27354e-05 
0.000246136 0.000137906 0.000129315 
0.000571521 0.000368254 0.000350407 
0.0008433 0.000483735 0.000461264 
0.00136321 0.000709919 0.000727405 
0 0 0 
7.39293e-06 1.18635e-07 1.45286e-23 
0.000128366 7.86844e-05 7.37504e-05 
0.000257842 0.000162207 0.000152021 
0.00061343 0.000433126 0.000397804 
0.000932911 0.000568946 0.000520945 
0.00154215 0.000828597 0.000829738 
0 0 0 
8.67366e-06 1.39704e-07 1.71088e-23 
0.000134753 9.23949e-05 8.65462e-05 
0.000270808 0.000190469 0.000178398 
0.000609259 0.000508565 0.000452603 
0.000771364 0.000668038 0.000589882 
0.00148438 0.000943123 0.000948174 
0 0 0 
1.01417e-05 1.64041e-07 2.00892e-23 
0.000141764 0.000108139 0.00010122 
0.000285055 0.000222921 0.000208646 
0.000650097 0.000471436 0.000515198 
0.000824017 0.000658064 0.000668562 
0.00132694 0.000971917 0.000962095 
0 0 0 
1.18057e-05 1.9187e-07 2.34973e-23 
0.00014941 0.000126023 0.000117862 
0.0003006 0.000259783 0.000242954 
0.00069527 0.000542232 0.000585956 
0.00088232 0.000759699 0.000757444 
0.00137983 0.00111746 0.00108822 
0 0 0 
1.36737e-05 2.23417e-07 2.73607e-23 
0.000157697 4.29567e-05 3.33544e-05 
0.000317459 9.48811e-05 7.50866e-05 
0.000744907 0.00041543 0.000458814 
0.000946449 0.00066759 0.00065051 
0.0014527 0.00107465 0.00102294 
0 0 0 
1.5753e-05 2.58915e-07 3.17079e-23 
0.00016663 4.57545e-05 3.45147e-05 
0.000335646 0.000101848 7.86882e-05 
0.000799133 0.000250707 0.000289039 
0.00101658 0.000431195 0.000503177 
0.00135207 0.000780483 0.000821006 
0 0 0 
1.80502e-05 2.98599e-07 3.65679e-23 
0.000176216 4.88401e-05 3.57368e-05 
0.000355172 0.000109536 8.25497e-05 
0.000858067 0.000267384 0.000303875 
0.00109288 0.000471162 0.000542733 
0.00144644 0.00086122 0.000893817 
0 0 0 
2.05712e-05 3.42714e-07 4.19703e-23 
0.000186458 5.22368e-05 3.70229e-05 
0.000376047 0.000117997 8.66799e-05 
0.000921826 0.000285711 0.000319798 
0.0011755 0.000515114 0.000585723 
0.00154864 0.00092624 0.000973249 
0 0 0 
2.3321e-05 3.91509e-07 4.7946e-23 
0.00019736 5.59705e-05 3.83761e-05 
0.000398279 0.000127287 9.10888e-05 
0.000890476 0.00030582 0.000336854 
0.00116458 0.000563268 0.000632263 
0.00155886 0.000907948 0.00105953 
0 0 0 
2.63044e-05 4.45242e-07 5.45264e-23 
0.000208923 6.00697e-05 3.98002e-05 
0.000421875 0.000137466 9.57877e-05 
0.000838636 0.000327857 0.000355096 
0.00113472 0.000512921 0.00057548 
0.0015518 0.000890594 0.00102798 
0 0 0 
2.95251e-05 5.04179e-07 6.17442e-23 
0.000221151 6.45652e-05 4.12998e-05 
0.000446839 0.000148601 0.000100789 
0.000886333 0.000351979 0.000374581 
0.00120608 0.000447789 0.000506495 
0.00164779 0.000861307 0.000900132 
0 0 0 
3.29865e-05 5.68596e-07 6.96329e-23 
0.000234043 6.94903e-05 4.28801e-05 
0.000473174 0.000160759 0.000106106 
0.000936886 0.000378358 0.000395371 
0.00128199 0.000480494 0.000534288 
0.00175026 0.000827514 0.00084573 
0 0 0 
3.66912e-05 6.38774e-07 7.82273e-23 
0.000247601 7.48809e-05 4.45474e-05 
0.000500883 0.000174017 0.000111755 
0.000990367 0.000407179 0.000417532 
0.00136257 0.000516254 0.00056392 
0.00183765 0.000892165 0.000792186 
0 0 0 
4.06412e-05 7.15005e-07 8.75629e-23 
0.000261823 8.07753e-05 4.63084e-05 
0.000529965 0.000187156 0.00011775 
0.00103654 0.000436041 0.000441139 
0.00142729 0.000552717 0.00059549 
0.00192661 0.000951592 0.000813807 
0 0 0 
4.48379e-05 7.97588e-07 9.76763e-23 
0.000276709 8.72142e-05 4.81708e-05 
0.000560421 0.000201313 0.000124111 
0.0010838 0.000467263 0.000466269 
0.00149296 0.000592273 0.000629108 
0.00201769 0.00101507 0.000859401 
0 0 0 
4.92823e-05 8.86829e-07 1.08605e-22 
0.000292258 9.42406e-05 5.0143e-05 
0.000592248 0.000218058 0.000130854 
0.00114405 0.000504029 0.000493005 
0.00136733 0.000638188 0.000664888 
0.00181554 0.0010955 0.000908266 
0 0 0 
5.39747e-05 9.83041e-07 1.20388e-22 
0.000308466 0.0001019 5.22339e-05 
0.000625443 0.000236228 0.000138 
0.00120741 0.000544062 0.000521435 
0.00144056 0.000688242 0.000702951 
0.00191374 0.0011828 0.000960634 
0 0 0 
5.89149e-05 1.08654e-06 1.33063e-22 
0.000325333 0.000110238 5.44532e-05 
0.000660003 0.000255919 0.000145569 
0.00127398 0.000587604 0.00055165 
0.00151762 0.000742754 0.000743427 
0.00201797 0.00106773 0.00101675 
0 0 0 
6.4102e-05 1.19766e-06 1.46672e-22 
0.000342855 0.000119306 5.68111e-05 
0.000695922 0.000277229 0.000153584 
0.00134384 0.000634911 0.000583749 
0.00159867 0.000802054 0.000786448 
0.00212859 0.00115059 0.00107688 
0 0 0 
6.95349e-05 1.31673e-06 1.61253e-22 
0.000361027 0.000129154 5.93186e-05 
0.000733195 0.000300262 0.000162066 
0.00141709 0.000686245 0.00061783 
0.00168387 0.000866486 0.000832154 
0.00224596 0.00124087 0.00114128 
0 0 0 
7.52118e-05 1.44407e-06 1.76847e-22 
0.000379848 0.000139833 6.19868e-05 
0.000771815 0.000325122 0.000171038 
0.00149385 0.000741877 0.000653998 
0.00177338 0.000936406 0.000880691 
0.00237047 0.00133911 0.00121024 
0 0 0 
8.11304e-05 1.58002e-06 1.93496e-22 
0.00039931 0.000151397 6.48276e-05 
0.000811773 0.000351918 0.000180526 
0.00157422 0.000802086 0.000692359 
0.00186736 0.00101218 0.000932206 
0.00250249 0.00144588 0.00128404 
0 0 0 
8.72882e-05 1.72491e-06 2.1124e-22 
0.000419412 0.000163904 6.78532e-05 
0.000853061 0.000380762 0.000190552 
0.0016583 0.000867161 0.000626542 
0.00196598 0.00109418 0.000880371 
0.00264246 0.00156176 0.00125651 
0 0 0 
9.36821e-05 1.87907e-06 2.3012e-22 
0.000335666 0.000177409 7.10759e-05 
0.000695014 0.000411768 0.000201142 
0.00144523 0.000937397 0.000661457 
0.00176845 0.0011828 0.000930139 
0.00248979 0.00168735 0.00133274 
0 0 0 
0.000100309 2.04284e-06 2.50176e-22 
0.000349311 0.000191966 7.45086e-05 
0.000619933 0.000445045 0.00021232 
0.00130649 0.00101308 0.000698595 
0.00164631 0.00127841 0.000983046 
0.0024163 0.00182324 0.00141443 
0 0 0 
5.82759e-06 2.21654e-06 2.71448e-22 
0.000261969 0.000207633 7.81641e-05 
0.000536278 0.000480703 0.000224112 
0.00125844 0.0010945 0.000738072 
0.00161599 0.0013814 0.00103926 
0.00243865 0.00197002 0.00150189 
0 0 0 
5.94375e-06 2.40048e-06 2.93974e-22 
0.000269347 0.000224465 8.20554e-05 
0.000551971 0.000518855 0.000236544 
0.00131211 0.00118197 0.000780009 
0.00168859 0.00149213 0.00109889 
0.00253171 0.00212826 0.00159537 
0 0 0 
6.05823e-06 2.59498e-06 3.17793e-22 
0.00027685 0.000242517 8.61956e-05 
0.000567961 0.000559611 0.000249638 
0.00136859 0.00127576 0.000824524 
0.00176527 0.00161093 0.00116212 
0.0026487 0.00229172 0.00168845 
0 0 0 
6.17093e-06 2.80033e-06 3.42941e-22 
0.000284483 0.000155498 9.05975e-05 
0.000583618 0.000390385 0.000263421 
0.00137985 0.00115361 0.000871734 
0.00177421 0.00151076 0.0012292 
0.00267612 0.00223336 0.00177262 
0 0 0 
6.28177e-06 3.01682e-06 3.69454e-22 
0.000292248 0.000162577 9.52739e-05 
0.000599533 0.000409517 0.000277916 
0.00143501 0.000912989 0.000821224 
0.00184927 0.0012937 0.0011997 
0.00278109 0.00206835 0.00178204 
0 0 0 
6.39068e-06 3.24472e-06 3.97363e-22 
0.00030015 0.000169826 0.000100238 
0.000616387 0.000429146 0.000293146 
0.00149413 0.000958448 0.000861775 
0.00192947 0.00136965 0.00126245 
0.00292414 0.00220615 0.00188662 
0 0 0 
6.4976e-06 3.48428e-06 4.26702e-22 
0.000308195 0.000177239 0.0001055 
0.000633572 0.000449262 0.000309134 
0.00155607 0.00100552 0.000904301 
0.00201377 0.00144939 0.00132839 
0.00307575 0.00235237 0.00199746 
0 0 0 
6.60249e-06 3.73576e-06 4.57498e-22 
0.000316387 0.000184814 0.000111075 
0.000651101 0.000469855 0.0003259 
0.00159987 0.00105424 0.000948865 
0.00207052 0.00153302 0.00129546 
0.00319833 0.00248154 0.00201261 
0 0 0 
6.70532e-06 3.99935e-06 4.89779e-22 
0.00032473 0.000192547 0.000116971 
0.000668982 0.000490915 0.000343465 
0.00166669 0.00105945 0.000972477 
0.0021618 0.00157545 0.00133951 
0.00336617 0.00259074 0.00210807 
0 0 0 
6.80607e-06 4.27526e-06 5.23569e-22 
0.00033323 9.85616e-05 0.000123201 
0.000687228 0.000308691 0.000361847 
0.00173667 0.000902893 0.00101881 
0.00225763 0.00125267 0.0013063 
0.00352103 0.00234626 0.00212972 
0 0 0 
6.90474e-06 4.56367e-06 5.58888e-22 
0.000341892 0.00010141 0.000129775 
0.000705848 0.000320281 0.000381063 
0.00170352 0.000941047 0.00106717 
0.0022518 0.00121028 0.00136701 
0.00357635 0.00238738 0.00224886 
0 0 0 
7.00133e-06 4.86471e-06 5.95755e-22 
0.000350721 0.000104307 0.000136701 
0.000724852 0.000332112 0.000401129 
0.00176937 0.000980358 0.0011176 
0.00234648 0.00126107 0.00143036 
0.0035427 0.00232114 0.00216814 
0 0 0 
7.09587e-06 5.1785e-06 6.34183e-22 
0.000359721 0.000107252 0.000143989 
0.000744252 0.000344179 0.000422058 
0.00183798 0.000918123 0.00117015 
0.00244546 0.00121071 0.0014964 
0.00371328 0.00223009 0.00216275 
0 0 0 
7.18838e-06 5.50513e-06 6.74184e-22 
0.000368898 0.000110245 0.000151646 
0.000764055 0.000356479 0.000443862 
0.00190941 0.000955026 0.00122485 
0.00254887 0.00125991 0.00156517 
0.00387358 0.00232534 0.00226874 
0 0 0 
7.27889e-06 5.84467e-06 7.15765e-22 
0.000378255 0.000113286 0.000159678 
0.000784272 0.000369008 0.000466549 
0.00194133 0.000993051 0.00128173 
0.00259284 0.00131061 0.00163673 
0.0039826 0.00240572 0.00235789 
0 0 0 
7.36745e-06 6.19713e-06 7.5893e-22 
0.000387797 0.000116374 0.000168093 
0.00080491 0.000381762 0.000490126 
0.0020151 0.00103221 0.00134081 
0.00270006 0.00136292 0.00171112 
0.00406596 0.00252794 0.00243099 
0 0 0 
7.45412e-06 6.56252e-06 8.03676e-22 
0.000397526 0.00011951 0.000176893 
0.000825976 0.000394735 0.000514598 
0.00209171 0.00107252 0.00140212 
0.00281174 0.00141682 0.00178835 
0.0042541 0.00265547 0.0025468 
0 0 0 
7.53895e-06 6.94078e-06 8.5e-22 
0.000407447 0.000122693 0.000186083 
0.000847476 0.000407923 0.000539967 
0.00196482 0.00111399 0.00146567 
0.00262126 0.00147231 0.00186845 
0.00404147 0.002659 0.0025612 
0 0 0 
7.62199e-06 7.33183e-06 8.97891e-22 
0.000417562 0.000125923 0.000195665 
0.000869414 0.00042132 0.000566231 
0.00192507 0.00115662 0.00153146 
0.0026117 0.00152943 0.00195143 
0.00399996 0.00268291 0.00267796 
0 0 0 
7.70333e-06 7.73558e-06 9.47335e-22 
0.000427872 0.0001292 0.000205639 
0.000891794 0.00043492 0.000593388 
0.00198449 0.00120042 0.0015995 
0.00270258 0.00158817 0.00203731 
0.00404358 0.00280763 0.00277698 
0 0 0 
7.78303e-06 8.15185e-06 9.98313e-22 
0.000438378 0.000132522 0.000216006 
0.000914617 0.000448715 0.00062143 
0.00204568 0.0012454 0.00166978 
0.00279651 0.00164855 0.00212606 
0.00420256 0.00273371 0.00290094 
0 0 0 
7.86116e-06 8.58045e-06 1.0508e-21 
0.000449082 0.000135889 0.000226763 
0.000937883 0.0004627 0.000650348 
0.00210865 0.00127069 0.00174228 
0.0028935 0.00167911 0.00221769 
0.00436428 0.00281426 0.00302927 
0 0 0 
7.93779e-06 9.02117e-06 1.10477e-21 
0.000459981 0.0001393 0.000237908 
0.00096159 0.000476866 0.00068013 
0.00217342 0.00131727 0.00181699 
0.00299358 0.00174164 0.00231216 
0.00449043 0.00293607 0.00316199 
0 0 0 
8.01299e-06 9.47371e-06 1.16019e-21 
0.000471076 0.000142754 0.000249436 
0.000985735 0.000491205 0.000710759 
0.00223998 0.00134358 0.00189387 
0.00309674 0.00178437 0.00240944 
0.00466402 0.0030406 0.00329908 
0 0 0 
8.08683e-06 9.93778e-06 1.21703e-21 
0.000482363 0.00014625 0.00026134 
0.00101031 0.000505708 0.000641325 
0.00230834 0.00139175 0.0017711 
0.00320297 0.00184942 0.00230771 
0.00484348 0.00317 0.0032387 
0 0 0 
8.15937e-06 1.0413e-05 1.27523e-21 
0.00049384 0.000149786 0.000273614 
0.00103531 0.00041827 0.000670322 
0.00237848 0.00123686 0.00184566 
0.00331226 0.00171188 0.00240392 
0.00491615 0.00308847 0.00335653 
0 0 0 
8.23067e-06 1.0899e-05 1.33475e-21 
0.000505501 0.000153361 0.000286249 
0.00106072 0.000328552 0.000700093 
0.00245038 0.000974395 0.00181829 
0.00332423 0.00136682 0.00239881 
0.00499973 0.00281218 0.00339455 
0 0 0 
8.3008e-06 1.13954e-05 1.39553e-21 
0.000517341 0.000156973 0.000299234 
0.00108653 0.000337181 0.000630264 
0.00252403 0.00100685 0.00168968 
0.00333083 0.00141444 0.00229307 
0.00506191 0.00293104 0.00333343 
0 0 0 
8.36979e-06 1.19016e-05 1.45753e-21 
0.000529354 0.000160618 0.000312557 
0.00111273 0.000345931 0.000658534 
0.00259938 0.00104016 0.00175753 
0.00333189 0.00146339 0.00238435 
0.00513852 0.00305379 0.00347085 
0 0 0 
8.43768e-06 1.24173e-05 1.52067e-21 
0.000541532 0.000164296 0.000326205 
0.00113929 0.000354795 0.000687498 
0.00267639 0.00107433 0.00182702 
0.00343386 0.00151364 0.00247784 
0.00521763 0.00296952 0.00361194 
0 0 0 
8.50452e-06 1.29417e-05 1.5849e-21 
0.000553865 0.000168003 0.000340164 
0.0011662 0.000363767 0.000717124 
0.00275501 0.00110934 0.00189809 
0.00353807 0.00156515 0.00257343 
0.00539657 0.00308805 0.0037566 
0 0 0 
8.5703e-06 1.34744e-05 1.65013e-21 
0.000566344 0.000171736 0.000354416 
0.00119343 0.000372837 0.000747377 
0.00283518 0.00114515 0.00197065 
0.00364443 0.00161789 0.00267104 
0.00556926 0.0031989 0.00390468 
0 0 0 
8.63506e-06 1.40147e-05 1.7163e-21 
0.000578956 0.000175492 0.000368946 
0.00122096 0.000381999 0.000778222 
0.00291682 0.00118176 0.00204463 
0.00375283 0.00167182 0.00277055 
0.0057562 0.00332349 0.00405604 
0 0 0 
8.69878e-06 1.45619e-05 1.78332e-21 
0.00059169 0.000179266 0.000383733 
0.00124876 0.000391241 0.000809618 
0.00299986 0.00121912 0.00211993 
0.00386322 0.0017269 0.00287183 
0.00574617 0.00345123 0.00421052 
0 0 0 
8.76145e-06 1.51155e-05 1.85111e-21 
0.000604531 0.000183056 0.000398757 
0.00127681 0.000400554 0.000841522 
0.0030842 0.00121496 0.00219647 
0.00397544 0.00171936 0.00297477 
0.00593106 0.00348539 0.00434878 
0 0 0 
8.82305e-06 1.56746e-05 1.91958e-21 
0.000617464 0.000186856 0.000413998 
0.00130505 0.000409926 0.00087389 
0.00316975 0.00125061 0.00227412 
0.00408938 0.00177187 0.00307921 
0.00611943 0.00361188 0.00450747 
0 0 0 
8.88354e-06 1.62385e-05 1.98864e-21 
0.000630474 0.000190662 0.000429433 
0.00133347 0.000419346 0.000906672 
0.0032564 0.0012738 0.0023528 
0.00420488 0.00180059 0.00318502 
0.00628874 0.00370834 0.00466862 
0 0 0 
8.94288e-06 1.68065e-05 2.0582e-21 
0.000643542 0.000194468 0.000445038 
0.00136073 0.000428799 0.00093982 
0.00323916 0.00130975 0.00243236 
0.00421692 0.00185335 0.00329203 
0.00636816 0.00383793 0.004832 
0 0 0 
9.00099e-06 1.73777e-05 2.12815e-21 
0.00055544 0.00019827 0.000460789 
0.0011869 0.000438273 0.000973281 
0.00311826 0.00134611 0.0025127 
0.00412568 0.00190673 0.00340008 
0.00635411 0.00396961 0.004896 
0 0 0 
9.0578e-06 1.79513e-05 2.1984e-21 
0.000564395 0.000202061 0.00047666 
0.00120719 0.000447753 0.001007 
0.00319192 0.0013828 0.00259368 
0.00422935 0.00196063 0.00340692 
0.00653628 0.00410318 0.00495668 
0 0 0 
9.11323e-06 1.85265e-05 2.26885e-21 
0.000573319 0.000205836 0.000492624 
0.00122743 0.000457222 0.00104092 
0.00326589 0.00141978 0.00257265 
0.00433361 0.00191485 0.00340978 
0.00672023 0.00403445 0.0050141 
0 0 0 
9.16716e-06 1.91025e-05 2.33938e-21 
0.000582197 0.000209588 0.000508654 
0.00124757 0.000466666 0.00107499 
0.00334005 0.00145699 0.00265042 
0.0044383 0.00196556 0.00351155 
0.00690567 0.00416304 0.0049683 
0 0 0 
9.2195e-06 1.96783e-05 2.4099e-21 
0.000591014 0.00021331 0.000524723 
0.0012676 0.000476066 0.00110914 
0.00341425 0.00149434 0.00272839 
0.00454323 0.00201651 0.00361358 
0.00707081 0.00429281 0.00511823 
0 0 0 
9.27012e-06 2.0253e-05 2.48028e-21 
0.000599754 0.000216995 0.000540803 
0.00128746 0.000485405 0.00114332 
0.00338665 0.00153179 0.00280643 
0.00454648 0.0020676 0.00371569 
0.00715529 0.00440221 0.00526866 
0 0 0 
9.31888e-06 2.08259e-05 2.55043e-21 
0.000608403 0.000220636 0.000556863 
0.00130713 0.000494665 0.00117746 
0.00345704 0.00156925 0.00288439 
0.00464779 0.00211873 0.0038177 
0.0073384 0.00453327 0.00541929 
0 0 0 
9.36564e-06 2.13959e-05 2.62024e-21 
0.000616943 0.000224227 0.000572876 
0.00132657 0.000503828 0.00121151 
0.00352707 0.00160664 0.00296213 
0.00474876 0.00216981 0.00391941 
0.00752159 0.00464742 0.00556985 
0 0 0 
9.41025e-06 2.19621e-05 2.68958e-21 
0.000625358 0.000227758 0.000588811 
0.00134575 0.000512874 0.00124539 
0.00359661 0.0016439 0.0030395 
0.00484918 0.00222072 0.00402064 
0.00750062 0.00467764 0.00569872 
0 0 0 
9.45256e-06 2.25237e-05 2.75836e-21 
0.00063363 0.000231223 0.000604639 
0.00136462 0.000521784 0.00127905 
0.00366551 0.00168093 0.00311635 
0.00494886 0.00227136 0.00412118 
0.00747437 0.00480571 0.0058472 
0 0 0 
9.49239e-06 2.30798e-05 2.82646e-21 
0.000641742 0.000234614 0.000620331 
0.00138315 0.000530538 0.00131242 
0.00373364 0.00171766 0.00319254 
0.00504758 0.00232161 0.00422085 
0.0076427 0.00491136 0.00599471 
0 0 0 
9.5296e-06 2.36294e-05 2.89377e-21 
0.000649677 0.000237922 0.000635856 
0.0014013 0.000539116 0.00134545 
0.00380086 0.00175401 0.00326791 
0.00514514 0.00237136 0.00431944 
0.00780967 0.00503743 0.00611939 
0 0 0 
9.564e-06 2.41717e-05 2.96018e-21 
0.000657419 0.00024114 0.000651187 
0.00141902 0.000547499 0.00137806 
0.00386701 0.00178988 0.00334231 
0.00513708 0.00242049 0.00441677 
0.00787067 0.0050549 0.00626342 
0 0 0 
9.59543e-06 2.47058e-05 3.02558e-21 
0.000664948 0.000244261 0.000666294 
0.0014363 0.000555666 0.0014102 
0.00393195 0.0018252 0.00341561 
0.0052273 0.00246889 0.00451263 
0.00802942 0.00507376 0.00640557 
0 0 0 
9.62372e-06 2.52308e-05 3.08988e-21 
0.000672249 0.000247276 0.000681149 
0.00145307 0.000563599 0.00144181 
0.00399555 0.00185987 0.00348765 
0.00531573 0.00251644 0.00460684 
0.00818568 0.00508542 0.00644345 
0 0 0 
9.64871e-06 2.57459e-05 3.15297e-21 
0.000679306 0.000250177 0.000695723 
0.00146932 0.000571278 0.00147283 
0.00405766 0.00189381 0.00355828 
0.00540216 0.00256303 0.00469921 
0.00823707 0.0051935 0.006577 
0 0 0 
9.67024e-06 2.62504e-05 3.21474e-21 
0.000686101 0.000252958 0.000709992 
0.001485 0.000578685 0.00150319 
0.00411815 0.00192695 0.00362739 
0.00548642 0.00260854 0.00478956 
0.0082802 0.00529955 0.00670781 
0 0 0 
9.68815e-06 2.67433e-05 3.27511e-21 
0.00069262 0.000255612 0.000723927 
0.00150008 0.000585802 0.00153286 
0.00417688 0.00195919 0.00369481 
0.00556832 0.00265286 0.00487771 
0.00841946 0.0054033 0.00683561 
0 0 0 
9.70231e-06 2.7224e-05 3.33398e-21 
0.000698848 0.000258131 0.000737505 
0.00151453 0.000592611 0.00156177 
0.00423372 0.00199047 0.00376044 
0.00564764 0.00269588 0.00496349 
0.00855482 0.00548525 0.00696012 
0 0 0 
9.71258e-06 2.76918e-05 3.39127e-21 
0.00070477 0.000260509 0.000750702 
0.00152831 0.000599097 0.00158987 
0.00428856 0.00202069 0.00382414 
0.00572429 0.0027375 0.00504674 
0.00868612 0.00556438 0.0070811 
0 0 0 
9.71885e-06 2.81459e-05 3.44688e-21 
0.000710375 0.000262741 0.000763494 
0.0015414 0.000605244 0.00161711 
0.00434127 0.0020498 0.0038858 
0.00579806 0.00277761 0.00512731 
0.00881299 0.00565864 0.00719831 
0 0 0 
9.72102e-06 2.85857e-05 3.50074e-21 
0.00071565 0.000264821 0.00077586 
0.00155378 0.000611039 0.00164345 
0.00439175 0.00207772 0.00394531 
0.00586878 0.00281612 0.00520504 
0.00893506 0.00564942 0.0073115 
0 0 0 
9.71899e-06 2.90106e-05 3.55278e-21 
0.000720585 0.000266745 0.000787782 
0.00156541 0.000616469 0.00166885 
0.00443991 0.00210438 0.00400255 
0.00593633 0.00285294 0.0052798 
0.00905215 0.00573517 0.00742048 
0 0 0 
9.71272e-06 2.94201e-05 3.60293e-21 
0.000725169 0.000268508 0.00079924 
0.00157628 0.000621523 0.00169326 
0.00448563 0.00212973 0.00405745 
0.00600062 0.00288799 0.00535147 
0.00916409 0.00581735 0.00752503 
0 0 0 
9.70215e-06 2.98137e-05 3.65112e-21 
0.000629131 0.000270107 0.000810218 
0.00138583 0.000626192 0.00171666 
0.00432833 0.00215371 0.00410991 
0.00586097 0.00292116 0.00541993 
0.00905122 0.00577554 0.00752303 
0 0 0 
9.68727e-06 3.01908e-05 3.69731e-21 
0.000632216 0.00027154 0.000820702 
0.00139356 0.000630468 0.001739 
0.00426612 0.00207505 0.00415986 
0.00581547 0.00285122 0.00548509 
0.00903996 0.00574602 0.00761581 
0 0 0 
9.66808e-06 3.05511e-05 3.74143e-21 
0.000634972 0.000272804 0.000830678 
0.00140057 0.000634345 0.00176027 
0.00430117 0.00209474 0.00420722 
0.00586624 0.00287912 0.00554685 
0.00913128 0.00581238 0.00770376 
0 0 0 
9.64462e-06 3.08943e-05 3.78346e-21 
0.000637394 0.0002739 0.000840136 
0.00140684 0.00063782 0.00178044 
0.00433367 0.00211301 0.00425196 
0.0059135 0.00290508 0.00560516 
0.00920805 0.00587475 0.00768504 
0 0 0 
9.61696e-06 3.122e-05 3.82335e-21 
0.000639483 0.000274826 0.000849067 
0.00141236 0.000640891 0.00179949 
0.00436361 0.00212984 0.00429402 
0.00595723 0.00292905 0.00555965 
0.00928754 0.0058317 0.00766073 
0 0 0 
9.58518e-06 3.15281e-05 3.86108e-21 
0.000641238 0.000275584 0.000857465 
0.00141715 0.000643559 0.00181741 
0.00439096 0.0021452 0.00433336 
0.00599737 0.00295102 0.00560964 
0.00936104 0.00588398 0.00773047 
0 0 0 
9.54942e-06 3.18184e-05 3.89663e-21 
0.000642664 0.000276176 0.000865324 
0.00142121 0.000645827 0.00183418 
0.00441571 0.0021591 0.00436998 
0.00603389 0.00297097 0.00565611 
0.0094285 0.00593216 0.00779522 
0 0 0 
9.50983e-06 3.20908e-05 3.92999e-21 
0.000643763 0.000276604 0.000872643 
0.00142453 0.0006477 0.00184981 
0.00443787 0.00207143 0.00440386 
0.00606682 0.00288878 0.00569905 
0.00948991 0.0058761 0.00785496 
0 0 0 
9.46661e-06 3.23453e-05 3.96115e-21 
0.000644545 0.000276874 0.000879422 
0.00142715 0.000649186 0.00186428 
0.00445747 0.0020809 0.00443501 
0.00609617 0.0029032 0.00573846 
0.00954528 0.00591453 0.0079097 
0 0 0 
9.41998e-06 3.25818e-05 3.99012e-21 
0.000645016 0.00027699 0.000885663 
0.00142907 0.000650295 0.00187762 
0.00447455 0.00208903 0.00436265 
0.00612198 0.00291573 0.00567359 
0.00959465 0.00594895 0.00785869 
0 0 0 
9.37021e-06 3.28006e-05 4.01691e-21 
0.00064519 0.000276958 0.000891372 
0.00143033 0.00065104 0.00188982 
0.00448915 0.00209585 0.00438712 
0.00614434 0.0029264 0.00570477 
0.00963813 0.00597942 0.00790228 
0 0 0 
9.31761e-06 3.30018e-05 4.04155e-21 
0.000645078 0.000276786 0.000896556 
0.00143094 0.000651436 0.00190091 
0.00450134 0.00210139 0.00440905 
0.00616332 0.00293526 0.00573266 
0.00967582 0.00600601 0.00794114 
0 0 0 
9.26251e-06 3.31856e-05 4.06406e-21 
0.000644697 0.000276483 0.000901225 
0.00143093 0.000651501 0.0019109 
0.0045112 0.00210569 0.0044285 
0.00617904 0.00294237 0.00575732 
0.0097079 0.00602882 0.00797539 
0 0 0 
9.20528e-06 3.33524e-05 4.0845e-21 
0.000644064 0.000276057 0.000905392 
0.00143036 0.000651256 0.00191982 
0.00451885 0.00210882 0.00444553 
0.00619163 0.00294782 0.00577885 
0.00973456 0.00594761 0.00790505 
0 0 0 
9.14636e-06 3.35027e-05 4.10289e-21 
0.0006432 0.00027552 0.000909072 
0.00142925 0.000650724 0.00192771 
0.00452438 0.00211084 0.00446024 
0.00620124 0.00295168 0.00579737 
0.00975603 0.00596242 0.00792964 
0 0 0 
9.08617e-06 3.36367e-05 4.11931e-21 
0.000642127 0.000274884 0.000912282 
0.00142766 0.00064993 0.00193459 
0.00452793 0.00201123 0.00447272 
0.00620804 0.00285346 0.00581301 
0.00977259 0.0058734 0.0079502 
0 0 0 
9.02523e-06 3.37553e-05 4.13383e-21 
0.000640871 0.000274162 0.000915042 
0.00142564 0.000648903 0.00194052 
0.00452966 0.00201057 0.00448309 
0.00621224 0.00285379 0.00582592 
0.00978455 0.00588126 0.00796694 
0 0 0 
8.96406e-06 3.38588e-05 4.14651e-21 
0.000639457 0.000273367 0.000917376 
0.00142324 0.000647674 0.00194554 
0.00452971 0.00200914 0.00449148 
0.00621405 0.00285295 0.00583627 
0.00979226 0.00588639 0.00798011 
0 0 0 
8.90321e-06 3.39481e-05 4.15744e-21 
0.000637916 0.000272515 0.000919308 
0.00142052 0.000646275 0.00184953 
0.00452827 0.00200702 0.00429768 
0.00621371 0.00285107 0.0056439 
0.0097961 0.00588903 0.00778963 
0 0 0 
8.84331e-06 3.40239e-05 4.16673e-21 
0.000636279 0.000271622 0.000920867 
0.00141756 0.00054474 0.00185261 
0.00452554 0.00180432 0.00430194 
0.00621148 0.00264829 0.00564911 
0.00979649 0.00568946 0.00779588 
0 0 0 
8.78498e-06 3.40871e-05 4.17447e-21 
0.00063458 0.000270705 0.000922084 
0.00141442 0.000542868 0.001855 
0.00452172 0.00180067 0.00430477 
0.00620765 0.0026443 0.00565245 
0.00979389 0.00568748 0.00779953 
0 0 0 
8.72889e-06 3.41387e-05 4.18078e-21 
0.000632855 0.000269783 0.00092299 
0.00141118 0.000540985 0.00185676 
0.00451704 0.00179676 0.00430633 
0.00620251 0.00263983 0.00565415 
0.00978878 0.00568399 0.00780091 
0 0 0 
8.67577e-06 3.41795e-05 4.18578e-21 
0.000631142 0.000268875 0.000923621 
0.00140792 0.000539128 0.00185798 
0.00451173 0.00179271 0.00430682 
0.0061964 0.00263505 0.00565447 
0.00978171 0.0056793 0.00780039 
0 0 0 
8.62635e-06 3.42107e-05 4.1896e-21 
0.000629481 0.000268 0.000924016 
0.00140473 0.00053734 0.00185873 
0.00450605 0.00178865 0.00430644 
0.00618965 0.00263014 0.00565366 
0.00977323 0.00567377 0.00779835 
0 0 0 
8.58142e-06 3.42334e-05 4.19238e-21 
0.000627914 0.000267181 0.000924215 
0.00140169 0.000535664 0.00185909 
0.00450028 0.00178472 0.00430538 
0.00618264 0.00262529 0.00565201 
0.00976393 0.00566777 0.0077952 
0 0 0 
8.54178e-06 3.42489e-05 4.19428e-21 
0.000626488 0.000266438 0.00092426 
0.0013989 0.000534145 0.00185915 
0.00449468 0.00178106 0.00430389 
0.00617573 0.0026207 0.00564981 
0.00975444 0.00566169 0.00779137 
0 0 0 
8.50828e-06 3.42584e-05 4.19545e-21 
0.000625246 0.000265795 0.000924198 
0.00139645 0.00053283 0.001859 
0.00448957 0.00177781 0.00430218 
0.00616934 0.00261658 0.00564738 
0.00974543 0.00565595 0.00778733 
0 0 0 
8.48179e-06 3.42634e-05 4.19606e-21 
0.00062424 0.000265276 0.000924076 
0.00139446 0.000531767 0.00185873 
0.00448524 0.00177514 0.00430052 
0.00616388 0.00261314 0.00564504 
0.00973758 0.00565096 0.00778354 
0 0 0 
8.46322e-06 3.42653e-05 4.19629e-21 
0.000623518 0.000264905 0.000923944 
0.00139302 0.000531008 0.00185845 
0.00448203 0.00177319 0.00429914 
0.0061598 0.00261063 0.00564314 
0.00973162 0.00564719 0.00778051 
0 0 0 
8.45352e-06 3.42655e-05 4.19632e-21 
0.000623134 0.000264708 0.000923855 
0.00139225 0.000530605 0.00185826 
0.00448028 0.00177214 0.00429834 
0.00615756 0.00260926 0.00564202 
0.00972831 0.0056451 0.00777877 
