0 0 0 
1.71301e-05 8.58487e-06 1.05134e-21 
0.000205505 0.000240236 2.41752e-05 
0.000397288 0.00047532 4.93501e-05 
0.00111548 0.000726031 0.000834631 
0.00146965 0.00121945 0.00123405 
0.00203717 0.00165176 0.00155763 
0 0 0 
1.92523e-05 9.66838e-06 1.18404e-21 
0.000198439 0.000305121 4.93964e-05 
0.000383755 0.000605755 0.000100837 
0.00128738 0.000980982 0.00106236 
0.00173338 0.00158105 0.00155097 
0.00237484 0.00214369 0.00198341 
0 0 0 
2.14406e-05 1.07889e-05 1.32126e-21 
0.000286076 0.000371858 7.53856e-05 
0.000559648 0.000739904 0.000153894 
0.0013911 0.00124594 0.00129709 
0.00193248 0.00195588 0.00187764 
0.00271089 0.00227122 0.00242396 
0 0 0 
2.36951e-05 1.19463e-05 1.463e-21 
0.000376715 0.000440445 0.000102147 
0.000741567 0.000877768 0.00020853 
0.00168308 0.00152092 0.00153885 
0.00232341 0.00234396 0.0022141 
0.00304124 0.00270127 0.00259826 
0 0 0 
2.60159e-05 1.31405e-05 1.60925e-21 
0.000470364 0.000510883 0.000129687 
0.000929526 0.00101935 0.000264756 
0.00198787 0.00158662 0.00178765 
0.00250482 0.002526 0.00256036 
0.00335675 0.00271423 0.00299753 
0 0 0 
2.84033e-05 1.43714e-05 1.75999e-21 
0.00056703 0.000583172 0.000158011 
0.00112354 0.00116464 0.000322584 
0.00230551 0.00183786 0.00204351 
0.00288258 0.00289682 0.00291645 
0.00387641 0.00312213 0.00341161 
0 0 0 
3.08574e-05 1.56388e-05 1.91521e-21 
0.00066672 0.000657312 0.000187124 
0.00132362 0.00131365 0.000382026 
0.00263606 0.00209923 0.00230647 
0.00327664 0.00328103 0.0032824 
0.00420214 0.00354968 0.00363427 
0 0 0 
3.33784e-05 1.69428e-05 2.07489e-21 
0.000769441 0.000733304 0.000217034 
0.00152979 0.00146638 0.000443096 
0.00297957 0.00237076 0.00234909 
0.00368704 0.00367855 0.00343079 
0.0045308 0.00399674 0.00383588 
0 0 0 
3.59665e-05 1.82831e-05 2.23904e-21 
0.000875201 0.00081115 0.000247747 
0.00174206 0.00162283 0.000505809 
0.00333609 0.00265248 0.00259718 
0.00411393 0.00388926 0.00378739 
0.00505861 0.00425254 0.00421626 
0 0 0 
3.86219e-05 1.96599e-05 2.40764e-21 
0.000876178 0.000890852 0.000279273 
0.00174478 0.001783 0.00057018 
0.00339216 0.00294439 0.00285227 
0.00419409 0.00429169 0.00415382 
0.00517586 0.00469724 0.00463736 
0 0 0 
4.13448e-05 2.10729e-05 2.58069e-21 
0.000964131 0.000972411 0.000311618 
0.00192147 0.00194691 0.000636228 
0.00370548 0.00301082 0.00283235 
0.00457374 0.00447196 0.00424803 
0.0056676 0.00492114 0.00457982 
0 0 0 
4.41355e-05 2.25223e-05 2.75818e-21 
0.00105273 0.00105583 0.000344793 
0.00209949 0.00211455 0.000703969 
0.00402501 0.00327631 0.00304554 
0.00496201 0.00485465 0.00457816 
0.00587834 0.0053717 0.00496188 
0 0 0 
4.69941e-05 2.40079e-05 2.94012e-21 
0.00114199 0.00114111 0.000378805 
0.00227884 0.00228594 0.000773423 
0.00435082 0.00354783 0.00326076 
0.00535899 0.00524673 0.00471031 
0.00636449 0.0058377 0.0051502 
0 0 0 
4.9921e-05 2.55298e-05 3.1265e-21 
0.0012319 0.00112376 0.000413666 
0.00245953 0.00224924 0.00084461 
0.00460801 0.00351628 0.00347806 
0.00565168 0.00518464 0.00481078 
0.00676799 0.00556881 0.00531109 
0 0 0 
5.29163e-05 2.7088e-05 3.31732e-21 
0.00132248 0.00119706 0.000449386 
0.00264157 0.00239626 0.000917551 
0.00493505 0.00375355 0.00369747 
0.00604898 0.00542028 0.00510407 
0.00724432 0.00556729 0.00566912 
0 0 0 
5.59802e-05 2.86825e-05 3.51259e-21 
0.00141373 0.00127118 0.000485975 
0.00282497 0.0025449 0.000992268 
0.00494442 0.00399386 0.00391903 
0.00613072 0.00575118 0.00539969 
0.0073131 0.00581852 0.00572294 
0 0 0 
5.91131e-05 3.03133e-05 3.71231e-21 
0.00150565 0.00134613 0.000420945 
0.00300975 0.00269519 0.000863787 
0.00513915 0.00423727 0.00393779 
0.00639994 0.00608599 0.00549268 
0.00746787 0.00615304 0.00584757 
0 0 0 
6.23152e-05 3.19806e-05 3.91649e-21 
0.00159825 0.00131772 0.000446519 
0.00319591 0.00263875 0.00091655 
0.00542504 0.00427545 0.0041382 
0.00676248 0.00621639 0.00576753 
0.00769243 0.0062727 0.00604465 
0 0 0 
6.55868e-05 3.36842e-05 4.12513e-21 
0.00169154 0.00138207 0.000472247 
0.00338346 0.00276781 0.000969657 
0.00571336 0.00448392 0.00433939 
0.00712963 0.00650941 0.00604336 
0.00812213 0.00646971 0.00634282 
0 0 0 
6.89281e-05 3.54244e-05 4.33824e-21 
0.00178552 0.00144659 0.00049814 
0.00357244 0.00289722 0.00102313 
0.00600419 0.00469144 0.0045414 
0.00750151 0.00680091 0.00632022 
0.00855861 0.00676395 0.00644315 
0 0 0 
7.23394e-05 3.72012e-05 4.55583e-21 
0.00188021 0.00151132 0.000524213 
0.00376283 0.003027 0.00107701 
0.00629759 0.00481633 0.00474428 
0.00777676 0.00701879 0.00659818 
0.00890059 0.00699434 0.0067354 
0 0 0 
7.58211e-05 3.90147e-05 4.77792e-21 
0.00197559 0.00157625 0.00055048 
0.00395467 0.00315719 0.00113131 
0.00659367 0.00503992 0.00494809 
0.00794148 0.00733622 0.0068773 
0.00893243 0.00730377 0.00702995 
0 0 0 
7.93734e-05 4.0865e-05 5.00452e-21 
0.0020717 0.0016414 0.000576955 
0.00414796 0.00328781 0.00118607 
0.00689249 0.00516005 0.00515287 
0.00829748 0.00755108 0.00715764 
0.00914746 0.00753311 0.00732692 
0 0 0 
8.29966e-05 4.27523e-05 5.23565e-21 
0.00216852 0.00170679 0.000603655 
0.00434272 0.0034189 0.00124132 
0.00719415 0.00537805 0.00535867 
0.0085572 0.00786472 0.00743927 
0.00935585 0.00786327 0.0076264 
0 0 0 
8.6691e-05 4.46766e-05 5.47131e-21 
0.00226608 0.00177244 0.000630593 
0.00453897 0.00355048 0.00129709 
0.00749874 0.00559777 0.00556557 
0.00891261 0.00818103 0.00772226 
0.00976036 0.00789057 0.00792849 
0 0 0 
9.04571e-05 4.66382e-05 5.71153e-21 
0.00226194 0.00183835 0.000657786 
0.00453186 0.0036826 0.00135341 
0.00767379 0.00581931 0.0057736 
0.00913917 0.00850014 0.00800667 
0.0100379 0.00821377 0.00822322 
0 0 0 
9.4295e-05 4.86372e-05 5.95634e-21 
0.0023531 0.00190456 0.000685252 
0.00471536 0.00381528 0.00141031 
0.00797396 0.00604275 0.00598284 
0.00949158 0.00882216 0.00829259 
0.0104431 0.00844005 0.00853008 
0 0 0 
9.82051e-05 5.06738e-05 6.20575e-21 
0.00244474 0.00197106 0.000713007 
0.00489987 0.00394855 0.00146783 
0.00827696 0.00626819 0.00619334 
0.00984758 0.00914722 0.00858007 
0.0107471 0.00876561 0.00883988 
0 0 0 
0.000102188 5.27481e-05 6.45978e-21 
0.00253688 0.00203789 0.000741069 
0.0050854 0.00408247 0.00152601 
0.00858287 0.00639232 0.00640517 
0.0102073 0.00937206 0.00886922 
0.0111557 0.00899274 0.00915275 
0 0 0 
0.000106244 5.48604e-05 6.71846e-21 
0.00262953 0.00210506 0.000769457 
0.00527199 0.00421705 0.00158488 
0.00889182 0.00661473 0.0066184 
0.0105709 0.0096963 0.00916009 
0.0115701 0.00932116 0.00946879 
0 0 0 
0.000110373 5.70109e-05 6.98183e-21 
0.00272271 0.00217258 0.000798188 
0.00545966 0.00435234 0.00164449 
0.00920391 0.00683919 0.00683308 
0.0109386 0.0100237 0.00945278 
0.0119903 0.00965475 0.00978816 
0 0 0 
0.000114575 5.91999e-05 7.2499e-21 
0.00281643 0.00224048 0.000827283 
0.00564843 0.00448838 0.00170486 
0.00941371 0.0070658 0.0070493 
0.0112049 0.0102491 0.00974737 
0.0123112 0.0098883 0.010111 
0 0 0 
0.000118852 6.14275e-05 7.5227e-21 
0.00291069 0.00230878 0.000856762 
0.00583834 0.0046252 0.00176604 
0.00917994 0.00729467 0.00726712 
0.0110286 0.0105766 0.0100439 
0.0127381 0.0102261 0.0103295 
0 0 0 
0.000123203 6.36941e-05 7.80028e-21 
0.00300552 0.00237749 0.000886644 
0.0060294 0.00476285 0.00182808 
0.00948237 0.00752592 0.00748661 
0.0113896 0.0109075 0.0103426 
0.0131613 0.0105695 0.010653 
0 0 0 
0.00012763 6.6e-05 8.08266e-21 
0.00310093 0.00244663 0.000916951 
0.00622166 0.00490137 0.00189101 
0.00978828 0.00775964 0.00770786 
0.0117551 0.0112419 0.0106434 
0.0136008 0.0109188 0.0109803 
0 0 0 
0.000132131 6.83453e-05 8.36988e-21 
0.00319693 0.00251624 0.000947703 
0.00641513 0.0050408 0.00195488 
0.0100978 0.00799597 0.00793094 
0.0121254 0.0115802 0.0109465 
0.0140474 0.0112741 0.0113114 
0 0 0 
0.000136708 7.07304e-05 8.66198e-21 
0.00329354 0.00258632 0.000978924 
0.00660985 0.00518118 0.00201973 
0.0104111 0.00823501 0.00815593 
0.0125007 0.0119223 0.011252 
0.0145012 0.0116359 0.0116465 
0 0 0 
0.000141362 7.31557e-05 8.95899e-21 
0.00339077 0.0026569 0.00101064 
0.00680585 0.00532255 0.0020856 
0.0107282 0.00847688 0.00838291 
0.0128811 0.0122685 0.0115599 
0.0149626 0.0120044 0.0119858 
0 0 0 
0.000146091 7.56214e-05 9.26095e-21 
0.00348864 0.00272801 0.00104286 
0.00700316 0.00546497 0.00215255 
0.0110494 0.00872172 0.00861197 
0.0132667 0.012619 0.0118704 
0.0154319 0.0123799 0.0123294 
0 0 0 
0.000150898 7.8128e-05 9.56792e-21 
0.00358716 0.00279966 0.00107562 
0.00720181 0.00560849 0.00222062 
0.0113748 0.00896965 0.00884319 
0.013386 0.0129739 0.0121835 
0.0159642 0.0127626 0.0126776 
0 0 0 
0.000155783 8.06757e-05 9.87992e-21 
0.00368636 0.00287188 0.00110895 
0.00740185 0.00575313 0.00228987 
0.0117044 0.0092208 0.00907666 
0.0137762 0.0132284 0.0124995 
0.0164503 0.0130477 0.0130304 
0 0 0 
0.000160745 8.3265e-05 1.0197e-20 
0.00378624 0.00294469 0.00114286 
0.00760329 0.00589897 0.00236033 
0.0120385 0.0094753 0.00931248 
0.0141722 0.0135875 0.0128183 
0.0169452 0.0134406 0.0133879 
0 0 0 
0.000165786 8.58962e-05 1.05192e-20 
0.00388683 0.00301811 0.00117738 
0.00780618 0.00604604 0.00243206 
0.0123773 0.0097333 0.00955073 
0.0145743 0.0139515 0.0131401 
0.0174491 0.0138414 0.0137506 
0 0 0 
0.000170906 8.85697e-05 1.08467e-20 
0.00398814 0.00309218 0.00121253 
0.00801055 0.0061944 0.00250512 
0.0127208 0.00999492 0.00979151 
0.0149828 0.0142202 0.0134651 
0.0179624 0.0141502 0.0141077 
0 0 0 
0.000176105 9.1286e-05 1.11793e-20 
0.00409019 0.00316692 0.00124835 
0.00821645 0.00634409 0.00257955 
0.0130693 0.0102603 0.0100349 
0.0153978 0.0145921 0.0137933 
0.0184854 0.0145655 0.0144806 
0 0 0 
0.000181384 9.40455e-05 1.15172e-20 
0.004193 0.00324236 0.00128486 
0.0084239 0.00649518 0.00265541 
0.0134228 0.0105296 0.0102811 
0.0158195 0.0149695 0.0141249 
0.0190184 0.0149897 0.014859 
0 0 0 
0.000186743 9.68486e-05 1.18605e-20 
0.00429658 0.00331851 0.00132209 
0.00863294 0.00664772 0.00273276 
0.0137817 0.010803 0.01053 
0.0162483 0.0153525 0.01446 
0.0195619 0.0154232 0.0152433 
0 0 0 
0.000192184 9.96958e-05 1.22092e-20 
0.00440097 0.00339541 0.00136006 
0.00884363 0.00680175 0.00281165 
0.014146 0.0110807 0.0107819 
0.0166843 0.0157413 0.0147987 
0.0201161 0.0158447 0.0156337 
0 0 0 
0.000197706 0.000102588 1.25634e-20 
0.00450617 0.00347309 0.00139881 
0.00905599 0.00695735 0.00289213 
0.0145159 0.0113627 0.0110369 
0.0171278 0.0161362 0.0151412 
0.0206815 0.0162968 0.0160302 
0 0 0 
0.00020331 0.000105524 1.2923e-20 
0.00461221 0.00355157 0.00143835 
0.00927007 0.00711457 0.00297427 
0.0148917 0.0116492 0.011295 
0.0175791 0.0165374 0.0154875 
0.0212584 0.016739 0.0164333 
0 0 0 
0.000208668 0.000108327 1.32662e-20 
0.00471122 0.00362368 0.00147639 
0.00936855 0.00725904 0.00305334 
0.0150415 0.0119169 0.0115337 
0.0178 0.0169106 0.0158063 
0.0215995 0.0171735 0.0168084 
0 0 0 
0.0002136 0.000110895 1.35808e-20 
0.00469954 0.00368709 0.00151225 
0.00934335 0.00738614 0.00312791 
0.0150485 0.0121577 0.0117456 
0.0178709 0.0172437 0.0160867 
0.0217807 0.0175668 0.0171432 
0 0 0 
0.000218433 0.000113414 1.38892e-20 
0.00478433 0.0037494 0.00154783 
0.0095112 0.00751105 0.00320189 
0.015346 0.0123954 0.0119543 
0.0182317 0.0175725 0.0163628 
0.0222516 0.017925 0.0174741 
0 0 0 
0.000223167 0.000115882 1.41915e-20 
0.00486758 0.00381059 0.00158311 
0.00967606 0.00763371 0.0032752 
0.0156395 0.0126298 0.0121598 
0.0185882 0.0178968 0.0166344 
0.0226173 0.0182674 0.0178007 
0 0 0 
0.0002278 0.0001183 1.44875e-20 
0.00494928 0.00387063 0.00161804 
0.00983785 0.00775408 0.00334779 
0.015929 0.0128191 0.0123619 
0.01894 0.0181534 0.0169014 
0.0230547 0.018597 0.0181228 
0 0 0 
0.000232333 0.000120665 1.47772e-20 
0.0050294 0.00392949 0.00165262 
0.00999653 0.00787212 0.0034196 
0.0162141 0.0130016 0.0125606 
0.019287 0.0184001 0.0171635 
0.0235077 0.0189188 0.0184183 
0 0 0 
0.0001358 0.000122978 1.50605e-20 
0.00500695 0.00398717 0.00168679 
0.0100511 0.00798776 0.00349057 
0.0163938 0.0132219 0.0127558 
0.0195279 0.0187044 0.0174208 
0.0238538 0.0191997 0.01873 
0 0 0 
0.000137289 0.000125239 1.53373e-20 
0.00508099 0.00404362 0.00172054 
0.0102006 0.00810098 0.00356064 
0.016667 0.0134384 0.0129473 
0.0198616 0.0190034 0.017673 
0.0242706 0.0195148 0.0190365 
0 0 0 
0.000138738 0.000127446 1.56077e-20 
0.00515344 0.00409884 0.00175384 
0.0103468 0.00821172 0.00362975 
0.0169354 0.013651 0.0131351 
0.0201898 0.0192969 0.0179201 
0.0247015 0.0198436 0.0192946 
0 0 0 
0.000140147 0.000129601 1.58715e-20 
0.00522427 0.00405242 0.00178667 
0.0104899 0.00821958 0.00369786 
0.0171989 0.0137592 0.0131754 
0.0205122 0.0194844 0.0179968 
0.0251255 0.0200448 0.0192339 
0 0 0 
0.000141517 0.000131701 1.61287e-20 
0.00529347 0.00410374 0.00181898 
0.0106296 0.00822272 0.00376489 
0.0174573 0.0137955 0.013351 
0.0208286 0.0195983 0.0182279 
0.0255424 0.0201702 0.0195122 
0 0 0 
0.000142846 0.000133747 1.63792e-20 
0.005361 0.00415379 0.00185077 
0.010766 0.00832314 0.00383082 
0.0177104 0.0139065 0.0135227 
0.0211387 0.0197418 0.0184535 
0.0259332 0.020395 0.019763 
0 0 0 
0.000144134 0.000135738 1.66231e-20 
0.00542686 0.0040989 0.00188199 
0.010899 0.00821367 0.00389557 
0.0179581 0.0138879 0.0136903 
0.0214424 0.0197956 0.0186736 
0.0263338 0.0205018 0.0200072 
0 0 0 
0.00014538 0.000137674 1.68601e-20 
0.00549101 0.00414199 0.00191264 
0.0110286 0.00830017 0.00395911 
0.0182001 0.0140635 0.0138537 
0.0217395 0.0200417 0.018888 
0.0267263 0.0207791 0.0202663 
0 0 0 
0.000146585 0.000139554 1.70904e-20 
0.00555343 0.00418378 0.00194268 
0.0111547 0.00838408 0.00402138 
0.0184365 0.0142346 0.0140129 
0.0220297 0.0202816 0.0190967 
0.0271103 0.021049 0.0205191 
0 0 0 
0.000147747 0.000141378 1.73138e-20 
0.00561411 0.00422427 0.0019721 
0.0112773 0.00846536 0.00408234 
0.0185573 0.0144011 0.0141678 
0.0222032 0.020515 0.0192995 
0.0273544 0.0212899 0.0207654 
0 0 0 
0.000148867 0.000143146 1.75304e-20 
0.00567302 0.00426343 0.00200086 
0.0113964 0.008544 0.00414194 
0.0187777 0.0145629 0.0143183 
0.0224751 0.0207418 0.0194963 
0.027716 0.0215653 0.0210051 
0 0 0 
0.000149944 0.000144858 1.77399e-20 
0.00573015 0.00430126 0.00202896 
0.0115118 0.00861997 0.00420013 
0.018992 0.01472 0.0144643 
0.0227395 0.0209619 0.0196871 
0.0280471 0.0218333 0.021238 
0 0 0 
0.000150977 0.000146512 1.79425e-20 
0.00578547 0.00433774 0.00205635 
0.0116237 0.00869326 0.00425688 
0.0190987 0.0148722 0.0146057 
0.0228951 0.0211752 0.0198717 
0.0282662 0.0220725 0.0214426 
0 0 0 
0.000151966 0.000148109 1.81381e-20 
0.00583897 0.00437288 0.00208304 
0.0117318 0.00876384 0.00431215 
0.0192971 0.0148172 0.0147425 
0.023141 0.0211792 0.0200501 
0.0285946 0.0221222 0.0216608 
0 0 0 
0.000152911 0.000149648 1.83266e-20 
0.00589063 0.00440665 0.00210899 
0.0118363 0.0088317 0.00436588 
0.0194472 0.0149565 0.0148745 
0.0233158 0.0213753 0.0202221 
0.0288636 0.0223417 0.0218718 
0 0 0 
0.000153811 0.000151129 1.8508e-20 
0.00594043 0.00443906 0.00213418 
0.011937 0.0088968 0.00441805 
0.0195891 0.0150907 0.0150018 
0.0234801 0.0215644 0.0203877 
0.0291206 0.022574 0.0220754 
0 0 0 
0.000154666 0.000152552 1.86823e-20 
0.00598836 0.00447008 0.00215861 
0.0120339 0.00895915 0.00446861 
0.0197659 0.0152199 0.0151243 
0.0236991 0.0217463 0.0205468 
0.0294157 0.022798 0.0222502 
0 0 0 
0.000155476 0.000153917 1.88493e-20 
0.00603439 0.00449972 0.00218224 
0.012127 0.00901871 0.00451753 
0.0199359 0.0152415 0.0152418 
0.0239098 0.0218184 0.0206994 
0.0297 0.0229111 0.0224381 
0 0 0 
0.000156241 0.000155222 1.90092e-20 
0.00607852 0.00452795 0.00220506 
0.0122163 0.00907547 0.00456478 
0.0200991 0.0153578 0.0153543 
0.024112 0.021983 0.0208452 
0.0299732 0.0231155 0.0226182 
0 0 0 
0.000156959 0.000156468 1.91618e-20 
0.00612073 0.00455479 0.00222706 
0.0123017 0.00912942 0.00461031 
0.0202553 0.0152681 0.0154618 
0.0243056 0.0219393 0.0209843 
0.0302351 0.0231104 0.0227904 
0 0 0 
0.000157631 5.75542e-05 1.93072e-20 
0.006161 0.0044801 0.00224823 
0.0123833 0.00908043 0.0046541 
0.0204043 0.0152255 0.0155642 
0.0244905 0.021953 0.0211166 
0.0304854 0.0231614 0.0229546 
0 0 0 
0.000158257 5.80645e-05 1.94453e-20 
0.00619932 0.00450349 0.00226853 
0.0124608 0.00912808 0.00469612 
0.0205462 0.0153215 0.0156614 
0.0246665 0.0220904 0.021242 
0.0307241 0.0233346 0.0231107 
0 0 0 
0.000158836 5.8551e-05 1.9576e-20 
0.00623568 0.00452548 0.00228797 
0.0125345 0.00917291 0.00473633 
0.0206809 0.0154124 0.0157535 
0.0248335 0.0222202 0.0213605 
0.0309508 0.0234988 0.0232586 
0 0 0 
0.000159367 5.90139e-05 1.96994e-20 
0.00627006 0.00454607 0.00230652 
0.0126041 0.00921489 0.00477471 
0.0208082 0.0154981 0.0158402 
0.0249915 0.0223424 0.0214719 
0.0311653 0.0236539 0.0233767 
0 0 0 
0.000159852 5.94533e-05 1.98153e-20 
0.00630245 0.00456526 0.00232417 
0.0126698 0.00925402 0.00481123 
0.020928 0.0155785 0.0159216 
0.0251402 0.022457 0.0215762 
0.0313676 0.0237783 0.0235074 
0 0 0 
0.000160288 5.98696e-05 1.99239e-20 
0.00633285 0.00458303 0.00234091 
0.0127314 0.00929029 0.00484586 
0.0210403 0.0156536 0.0159977 
0.0252796 0.0225639 0.0216735 
0.0315574 0.0239146 0.0236295 
0 0 0 
0.000160677 6.02628e-05 2.00251e-20 
0.00636123 0.0045994 0.00235673 
0.012789 0.00932368 0.00487858 
0.0211451 0.0157233 0.0160684 
0.0254095 0.0226631 0.0217635 
0.0317345 0.0240414 0.023743 
0 0 0 
0.000161018 6.06332e-05 2.01188e-20 
0.0063876 0.00461434 0.00237161 
0.0128425 0.00935419 0.00490937 
0.0212421 0.0157877 0.0161336 
0.02553 0.0227543 0.0218463 
0.0318988 0.0241587 0.0238479 
0 0 0 
0.00016131 6.09809e-05 2.0205e-20 
0.00641193 0.00462786 0.00238555 
0.0128919 0.0093818 0.00493821 
0.0213315 0.0158467 0.0161933 
0.0256408 0.0228377 0.0219218 
0.0320502 0.0242663 0.0239439 
0 0 0 
0.000161554 6.13061e-05 2.02838e-20 
0.00643423 0.00463995 0.00239854 
0.0129372 0.0094065 0.00496507 
0.0214131 0.0159003 0.0162475 
0.0257419 0.0229132 0.0219899 
0.0321885 0.0243642 0.0240311 
0 0 0 
0.00016175 6.1609e-05 2.0355e-20 
0.00645448 0.0046506 0.00241056 
0.0129783 0.00942829 0.00498993 
0.0214868 0.0159483 0.0162961 
0.0258333 0.0229807 0.0220507 
0.0323136 0.0244522 0.0241094 
0 0 0 
0.000161897 6.18896e-05 2.04188e-20 
0.00647268 0.00465982 0.00242161 
0.0130154 0.00944716 0.00501278 
0.0215527 0.0159909 0.0163392 
0.0259148 0.0230401 0.022104 
0.0324253 0.0245304 0.0241787 
0 0 0 
0.000161994 6.21482e-05 2.0475e-20 
0.00648881 0.0046676 0.00243167 
0.0130482 0.0094631 0.0050336 
0.0216106 0.016028 0.0163766 
0.0259864 0.0230915 0.0221499 
0.0325025 0.0245985 0.0242389 
0 0 0 
0.000162043 6.23848e-05 2.05236e-20 
0.00650288 0.00467394 0.00244075 
0.0130757 0.0094761 0.00505238 
0.021658 0.0160595 0.0164083 
0.0260455 0.0231348 0.0221884 
0.0325736 0.0246353 0.02429 
0 0 0 
0.000162042 6.25995e-05 2.05648e-20 
0.00651488 0.00467883 0.00244883 
0.0131002 0.00948617 0.0050691 
0.0216999 0.0160854 0.0164344 
0.0260972 0.0231699 0.0222193 
0.0326447 0.0246831 0.024332 
0 0 0 
0.000161992 6.27925e-05 2.05983e-20 
0.00652479 0.00468228 0.00245591 
0.0131205 0.00949329 0.00508375 
0.0217338 0.0161058 0.0164548 
0.0261387 0.0231969 0.0222426 
0.0327021 0.0247208 0.0243648 
0 0 0 
0.000161893 6.29638e-05 2.06243e-20 
0.00653263 0.00468427 0.00246198 
0.0131366 0.00949746 0.00509632 
0.0217595 0.0161206 0.0164695 
0.0261702 0.0232157 0.0222584 
0.0327458 0.0247483 0.0243884 
0 0 0 
0.000161744 6.31135e-05 2.06428e-20 
0.00653838 0.00468482 0.00246704 
0.0131486 0.00949868 0.00510679 
0.0217772 0.0161297 0.0164784 
0.0261915 0.0232262 0.0222666 
0.0327757 0.0247656 0.0244027 
0 0 0 
0.000161546 6.32417e-05 2.06536e-20 
0.00654203 0.00468391 0.00247108 
0.0131563 0.00949695 0.00511517 
0.0217868 0.0161333 0.0164816 
0.0262027 0.0232286 0.0222672 
0.0327917 0.0247727 0.0244077 
0 0 0 
0.000161298 6.33484e-05 2.06569e-20 
0.0065436 0.00468155 0.00247411 
0.0131598 0.00949226 0.00512144 
0.0217882 0.0161312 0.016479 
0.0262037 0.0232227 0.0222602 
0.032794 0.0247695 0.0244034 
0 0 0 
0.000161001 6.34338e-05 2.06526e-20 
0.00654307 0.00467774 0.00247611 
0.013159 0.00948461 0.00512559 
0.0217815 0.01609 0.0164707 
0.0261945 0.0231581 0.0222456 
0.0327823 0.0247189 0.0243898 
0 0 0 
0.000160653 6.34977e-05 2.06408e-20 
0.00654045 0.00467247 0.00247708 
0.0131541 0.00947401 0.00512763 
0.0217667 0.0160766 0.0164566 
0.026175 0.0231356 0.0222233 
0.0327568 0.024695 0.0243669 
0 0 0 
0.000160256 6.35404e-05 2.06214e-20 
0.00653574 0.00466575 0.00247703 
0.0131449 0.00946045 0.00512755 
0.0217436 0.0160575 0.0164367 
0.0261454 0.0231049 0.0221934 
0.0327385 0.0246609 0.0243346 
0 0 0 
0.00015981 6.35617e-05 2.05944e-20 
0.00652892 0.00465759 0.00247595 
0.0131315 0.00944394 0.00512534 
0.0217125 0.0160329 0.0164111 
0.0261056 0.023066 0.0221559 
0.0326851 0.0246165 0.024293 
