0 0 0.15643 
-0.002402478288 -0.004808192735 0.28481 
-0.05666196782 0.01517678552 0.4871880937 
-0.1103307446 0.03490586342 0.6897487272 
0.07059153212 -0.042516132 0.6199672503 
0.1637086817 -0.07869133099 0.5843126716 
0.08247660172 -0.1086190046 0.5231273933 
0 0 0.15643 
-0.002396434239 -0.004811207981 0.28481 
-0.05678395176 0.01510557003 0.4871880937 
-0.1105804354 0.03476719019 0.6897487272 
0.07039218557 -0.04240326202 0.6197206957 
0.1635309276 -0.07844901435 0.5839410202 
0.08229536566 -0.1083629877 0.5227498604 
0 0 0.15643 
-0.002390386406 -0.004814215629 0.28481 
-0.05681420225 0.01503433068 0.4871880937 
-0.1106466641 0.03462846206 0.6897487272 
0.07037584481 -0.04229042643 0.6194742519 
0.1635359456 -0.0782067271 0.5835695362 
0.08228775396 -0.1082253346 0.5223726951 
0 0 0.15643 
-0.002384334798 -0.004817215676 0.28481 
-0.05684442732 0.01496306759 0.4871880937 
-0.1107128466 0.03448967925 0.6897487272 
0.07035909717 -0.04217762662 0.6192279194 
0.1635403247 -0.07796447146 0.5831982202 
0.08227922151 -0.1079808118 0.5219958982 
0 0 0.15643 
-0.002378279426 -0.004820208115 0.28481 
-0.05687462823 0.01489178087 0.4871880937 
-0.1107789855 0.03435084197 0.6897487272 
0.07034194403 -0.04206486397 0.6189816986 
0.1635440683 -0.0777222496 0.5828270727 
0.0822697701 -0.1077362688 0.5216194704 
0 0 0.15643 
-0.002372220298 -0.004823192942 0.28481 
-0.05690480638 0.01482047064 0.4871880937 
-0.1108450836 0.03421195045 0.6897487272 
0.07032438695 -0.04195213986 0.6187355898 
0.1635471802 -0.07748006374 0.5824560943 
0.08225940178 -0.1074917097 0.5212434128 
0 0 0.15643 
-0.002366157423 -0.004826170153 0.28481 
-0.0569349633 0.014749137 0.4871880937 
-0.1109111438 0.0340730049 0.6897487272 
0.0703064276 -0.04183945565 0.6184895934 
0.1635496644 -0.07723791604 0.5820852856 
0.08224811879 -0.1072471387 0.520867726 
0 0 0.15643 
-0.002360090812 -0.004829139743 0.28481 
-0.05696510061 0.01467778008 0.4871880937 
-0.1109771696 0.03393400555 0.6897487272 
0.07028806789 -0.04172681278 0.6182437098 
0.1635515255 -0.07699580876 0.5817146472 
0.08223592367 -0.1070025602 0.5204924111 
0 0 0.15643 
-0.002354020474 -0.004832101707 0.28481 
-0.05699522014 0.01460639997 0.4871880937 
-0.1110431644 0.03379495261 0.6897487272 
0.07026930989 -0.04161421258 0.6179979395 
0.1635527685 -0.07675374405 0.5813441797 
0.08222281925 -0.1067688525 0.5201174688 
0 0 0.15643 
-0.002347946419 -0.00483505604 0.28481 
-0.05713312981 0.0145349968 0.4871880937 
-0.1113247442 0.03365584631 0.6897487272 
0.07003454394 -0.04150165647 0.6177522827 
0.1633377868 -0.07651172416 0.5809738837 
0.08199319667 -0.106524952 0.5197429001 
0 0 0.15643 
-0.002341868656 -0.004838002738 0.28481 
-0.0571871245 0.01446357068 0.4871880937 
-0.1114384986 0.03351668686 0.6897487272 
0.06996718691 -0.04162462464 0.6177887014 
0.1632900007 -0.07650523007 0.5808857212 
0.0819304737 -0.1065165389 0.5196506672 
0 0 0.15643 
-0.002335787195 -0.004840941796 0.28481 
-0.0572435218 0.01439212171 0.4871880937 
-0.1115570629 0.03337747447 0.6897487272 
0.06989461062 -0.04155902464 0.6175992533 
0.1632367856 -0.07631017016 0.5805717501 
0.08186202316 -0.1063195244 0.5193328284 
0 0 0.15643 
-0.002329702045 -0.00484387321 0.28481 
-0.05730232825 0.01432065002 0.4871880937 
-0.1116804502 0.03323820938 0.6897487272 
0.0698168095 -0.04149772682 0.6174149658 
0.1631781397 -0.07611941558 0.5804657648 
0.0817878405 -0.1061267826 0.5192231781 
0 0 0.15643 
-0.002323613217 -0.004846796974 0.28481 
-0.0573635506 0.01435363243 0.4871880937 
-0.1118086738 0.03330784523 0.6897487272 
0.06973377812 -0.04123177765 0.6172358318 
0.1631140617 -0.07583034047 0.5801958009 
0.08170792143 -0.1056560708 0.5189497525 
0 0 0.15643 
-0.00231752072 -0.004849713086 0.28481 
-0.05742719563 0.01429782896 0.4871880937 
-0.1119417474 0.03319990207 0.6897487272 
0.06964551127 -0.04114765708 0.6170618444 
0.1630445506 -0.07573836095 0.5799335992 
0.08162226196 -0.1056179618 0.5186842925 
0 0 0.15643 
-0.002311424562 -0.004852621538 0.28481 
-0.05749327025 0.01424305777 0.4871880937 
-0.1120796848 0.03309401619 0.6897487272 
0.0696623714 -0.04106572865 0.6168929963 
0.1630799735 -0.07555945082 0.579679149 
0.08153530982 -0.1054194814 0.5183214815 
0 0 0.15643 
-0.002305324754 -0.004855522327 0.28481 
-0.05756178154 0.01418930989 0.4870856185 
-0.1122225002 0.03299016965 0.6895437768 
0.06947962948 -0.04098601016 0.6165243301 
0.162915606 -0.07538491566 0.579227489 
0.08154523602 -0.1052242138 0.5178528761 
0 0 0.15643 
-0.002299221307 -0.00485841545 0.28481 
-0.05763273666 0.01424071184 0.4870728326 
-0.1123702077 0.0330966155 0.689518205 
0.06938096248 -0.04070024828 0.6163401674 
0.1628351301 -0.07500650202 0.5789629373 
0.08145839287 -0.1048339724 0.5176817161 
0 0 0.15643 
-0.002293114228 -0.004861300899 0.28481 
-0.05770614289 0.01420128388 0.4870592946 
-0.1125228221 0.03302139423 0.689491129 
0.0692777149 -0.04061714406 0.6161596181 
0.1627498955 -0.07484141949 0.5787046002 
0.0813671176 -0.1045295765 0.5174178095 
0 0 0.15643 
-0.002287003528 -0.004864178673 0.28481 
-0.05778200765 0.01416354685 0.4870450045 
-0.1126803581 0.03294954753 0.6894625488 
0.06916992272 -0.04053777858 0.6159826749 
0.1626599438 -0.07468369633 0.5784524665 
0.08127144955 -0.1043276126 0.5171600725 
0 0 0.15643 
-0.002280889217 -0.004867048765 0.28481 
-0.05786033846 0.0141274929 0.4870299622 
-0.1128428307 0.0328810597 0.6894324643 
0.0690576219 -0.04034276523 0.6158093305 
0.1626667291 -0.07440439283 0.5782065252 
0.08127284081 -0.104010166 0.5169084873 
0 0 0.15643 
-0.002274771304 -0.004869911171 0.28481 
-0.05794114298 0.01409311412 0.4870141679 
-0.1130102553 0.03281591488 0.6894008756 
0.06894084863 -0.04024560125 0.6156395774 
0.1625810223 -0.07422518486 0.577966765 
0.0811820596 -0.103791111 0.5166630357 
0 0 0.15643 
-0.002268649798 -0.004872765887 0.28481 
-0.05802442896 0.0140604026 0.4869976214 
-0.1131826474 0.03275409729 0.6893677827 
0.06881963938 -0.04025491092 0.6154734081 
0.162489404 -0.07415469527 0.5777331746 
0.08108568393 -0.1036790836 0.5164236998 
0 0 0.15643 
-0.00226252471 -0.004875612908 0.28481 
-0.0581102043 0.01402935043 0.4869803229 
-0.1133600227 0.03269559108 0.6893331856 
0.06869403063 -0.04016949851 0.6153108152 
0.1622940877 -0.07399172686 0.5775057428 
0.08077845541 -0.1034728998 0.5161904612 
0 0 0.15643 
-0.00225639605 -0.004878452231 0.28481 
-0.05819847703 0.01399994967 0.4869622722 
-0.1135423973 0.03264038035 0.6892970842 
0.06856405934 -0.0400855862 0.615151791 
0.1621867167 -0.0738325002 0.577284458 
0.08065767671 -0.1033722035 0.5159633017 
0 0 0.15643 
-0.002250263826 -0.004881283849 0.28481 
-0.05818689438 0.01397219234 0.4869434694 
-0.1135250657 0.03258844917 0.6892594787 
0.06870673695 -0.04000318559 0.614996328 
0.1623523437 -0.07367702534 0.5770693088 
0.08080982538 -0.1031785012 0.5157523091 
0 0 0.15643 
-0.002244128048 -0.004884107759 0.28481 
-0.05827230509 0.01394607049 0.4869239145 
-0.1137017253 0.03253978161 0.6892203689 
0.06858912526 -0.03992230816 0.6148444184 
0.1622580577 -0.07352531208 0.5768602838 
0.08070198782 -0.1030888947 0.5155380704 
0 0 0.15643 
-0.002237988727 -0.004886923956 0.28481 
-0.05835996982 0.01392157611 0.4869036075 
-0.1138828973 0.03249436166 0.6891797548 
0.06846793482 -0.03984296522 0.6146960546 
0.1621605969 -0.07337737004 0.5766573711 
0.08048415125 -0.1029075083 0.5153298877 
0 0 0.15643 
-0.002231845872 -0.004889732436 0.28481 
-0.05844989962 0.01389870121 0.4868825484 
-0.1140686041 0.03245217332 0.6891376366 
0.06834319318 -0.03986852989 0.6145512288 
0.1620600165 -0.0733365706 0.5764605592 
0.08036194094 -0.1028321789 0.5151277426 
0 0 0.15643 
-0.002225699493 -0.004892533195 0.28481 
-0.05854210579 0.01387743775 0.4868607371 
-0.114258868 0.03241320051 0.6890940141 
0.06821492829 -0.03979959251 0.6144099332 
0.1619563726 -0.07320350227 0.5762698361 
0.08023629939 -0.1026635028 0.5149316162 
0 0 0.15643 
-0.002219549598 -0.004895326228 0.28481 
-0.05863659965 0.0138577777 0.4868381738 
-0.1144537118 0.03237742716 0.6890488874 
0.06808316804 -0.03973246281 0.6142721599 
0.161849721 -0.07307447295 0.5760851902 
0.08010727899 -0.1024977956 0.5147414897 
0 0 0.15643 
-0.002213396199 -0.00489811153 0.28481 
-0.05873339278 0.01383971299 0.4868148583 
-0.1146531585 0.03234483714 0.6890022565 
0.06784247847 -0.03966715019 0.6141379011 
0.1616346564 -0.07305490002 0.5759066094 
0.07986947047 -0.1024404827 0.5145573441 
0 0 0.15643 
-0.002207239304 -0.004900889098 0.28481 
-0.05883249681 0.01382323556 0.4867907908 
-0.1148572315 0.0323154143 0.6889541214 
0.06769785684 -0.03960366379 0.6140071487 
0.1615162047 -0.07294080648 0.5757340818 
0.07972789565 -0.1022875949 0.5142714771 
0 0 0.15643 
-0.002201078924 -0.004903658927 0.28481 
-0.05893392351 0.01380833733 0.4867659711 
-0.1150659543 0.03228914248 0.688904482 
0.06754971739 -0.03954201266 0.6138798948 
0.1613948089 -0.07283098844 0.5755675952 
0.07957303036 -0.1021379363 0.514092678 
0 0 0.15643 
-0.002194915069 -0.004906421011 0.28481 
-0.05903768479 0.01379501018 0.4867403993 
-0.1152793507 0.03226600546 0.6888533384 
0.06739809352 -0.03948220553 0.6137561314 
0.1612705315 -0.07272545237 0.5754071377 
0.07942426936 -0.1019915214 0.5139196194 
0 0 0.15643 
-0.002188747747 -0.004909175348 0.28481 
-0.05914379266 0.01378324598 0.4867140754 
-0.1154974447 0.03224598695 0.6888006906 
0.06724301878 -0.03942425096 0.6136358503 
0.1611434353 -0.07262420441 0.5752526969 
0.07927228122 -0.1018483644 0.5137522828 
0 0 0.15643 
-0.002182576969 -0.004911921933 0.28481 
-0.0592522593 0.01377303661 0.4866869994 
-0.1157202606 0.03222907071 0.6887465386 
0.06708452696 -0.03936815735 0.6135190434 
0.1610135838 -0.07252725059 0.5751042606 
0.07911712449 -0.1017084794 0.5135906497 
0 0 0.15643 
-0.002176402744 -0.004914660761 0.28481 
-0.05936309705 0.01376437391 0.4866591712 
-0.1159478231 0.03221524041 0.6886908823 
0.06692265203 -0.03931393283 0.6134057025 
0.1608810406 -0.0724345965 0.5749618164 
0.07895885794 -0.1015718804 0.5134347014 
0 0 0.15643 
-0.002170225082 -0.004917391828 0.28481 
-0.05947631821 0.0137572497 0.486630591 
-0.1161801568 0.0322044797 0.6886337218 
0.06675742793 -0.03926158539 0.6132958194 
0.1607458695 -0.07234624757 0.574825352 
0.07879754024 -0.1014385807 0.5132844194 
0 0 0.15643 
-0.002164043993 -0.00492011513 0.28481 
-0.05959193548 0.01375165582 0.4866012586 
-0.1164172871 0.03219677222 0.6885750571 
0.06658888909 -0.03921112274 0.6131893858 
0.1606081353 -0.07226220884 0.5746948547 
0.07863323069 -0.1013085939 0.5131397849 
0 0 0.15643 
-0.002157859488 -0.004922830662 0.28481 
-0.05970996151 0.01374758404 0.4865711742 
-0.1166592394 0.03219210155 0.6885148882 
0.06641706987 -0.03916255245 0.6130863934 
0.1604679027 -0.07228745717 0.5745703122 
0.07846598841 -0.1012869051 0.5130007789 
0 0 0.15643 
-0.002151671574 -0.004925538421 0.28481 
-0.05983040915 0.01374502615 0.4865403376 
-0.1169060392 0.03219045123 0.688453215 
0.06624200492 -0.03911588182 0.6129868338 
0.160325237 -0.07221718065 0.5744517115 
0.07829587288 -0.1011687108 0.5128673825 
0 0 0.15643 
-0.002145480262 -0.004928238402 0.28481 
-0.0599532914 0.01374397393 0.4865087489 
-0.1171577126 0.03219180485 0.6883900377 
0.06606372895 -0.03907111803 0.6128906985 
0.1601802039 -0.0721513405 0.5743390403 
0.07812294359 -0.1010539808 0.5127395767 
0 0 0.15643 
-0.002139285563 -0.004930930599 0.28481 
-0.06007862129 0.01374441911 0.4864764081 
-0.1174142855 0.03219614582 0.6883253561 
0.0658822769 -0.03902826797 0.6127979791 
0.1600328691 -0.07198957238 0.5742322855 
0.07794726024 -0.100842359 0.5126065153 
0 0 0.15643 
-0.002133087485 -0.004933615011 0.28481 
-0.06020641217 0.01374635344 0.4864433152 
-0.1176757848 0.03220345766 0.6882591703 
0.06569768385 -0.03898733836 0.6127086671 
0.1598832992 -0.07193018668 0.5741314344 
0.07776888278 -0.1007321645 0.5124893499 
0 0 0.15643 
-0.00212688604 -0.004936291632 0.28481 
-0.06033667734 0.01374976864 0.4864094702 
-0.117942237 0.03221372381 0.6881914802 
0.06550998508 -0.03894833579 0.612622754 
0.159731561 -0.07187521434 0.5740364741 
0.07758787122 -0.1006254368 0.5123777076 
0 0 0.15643 
-0.002120681235 -0.004938960457 0.28481 
-0.06046943039 0.01375465639 0.486374873 
-0.1182136693 0.03222692762 0.6881222859 
0.06531921591 -0.03891126647 0.612540231 
0.1595777216 -0.07182465626 0.5739473916 
0.07740428567 -0.1005221855 0.5122715691 
0 0 0.15643 
-0.002114473081 -0.004941621484 0.28481 
-0.06060468498 0.01376100841 0.4863395238 
-0.118490109 0.03224305251 0.6880515875 
0.06512541202 -0.03887613658 0.6124610895 
0.1594218486 -0.07177851336 0.5738641737 
0.07721818657 -0.1004224201 0.512170915 
0 0 0.15643 
-0.002108261589 -0.004944274706 0.28481 
-0.06074245493 0.01376881635 0.4863034224 
-0.1187715836 0.03226208179 0.6879793847 
0.06492860908 -0.03884295198 0.6123853209 
0.1592640098 -0.07173678599 0.5737868074 
0.07702963435 -0.1003261499 0.5120757257 
0 0 0.15643 
-0.002102046767 -0.004946920122 0.28481 
-0.06088275413 0.01377807187 0.486266569 
-0.1190581211 0.03228399876 0.6879056778 
0.06472884286 -0.03881171839 0.6123129164 
0.1591042734 -0.07169947428 0.5737152795 
0.07683868948 -0.1002333836 0.5119859814 
0 0 0.15643 
-0.002095851951 -0.004949547851 0.28481 
-0.06102266982 0.01378818737 0.4862293395 
-0.1194454009 0.0323076155 0.6878312188 
0.06432271699 -0.03878254823 0.6122430355 
0.1587361127 -0.07166614906 0.5736479394 
0.07644085312 -0.1001425154 0.5119002267 
0 0 0.15643 
-0.002089754976 -0.004952125154 0.28481 
-0.06126077609 0.01379838728 0.486192486 
-0.119931408 0.0323313386 0.6877575118 
0.06380651368 -0.0387553507 0.6121752246 
0.1582542756 -0.07163588012 0.5735833355 
0.07593188639 -0.1000532121 0.5118173831 
0 0 0.15643 
-0.002083779357 -0.004954642578 0.28481 
-0.06139835603 0.01380810739 0.4861563846 
-0.1202161315 0.03235402732 0.6876853091 
0.06358906646 -0.03872906155 0.612108658 
0.1580709674 -0.0716064873 0.5735198398 
0.07572175109 -0.09995610425 0.5117360222 
0 0 0.15643 
-0.002077925291 -0.004957100567 0.28481 
-0.06153327886 0.01381736428 0.4861210354 
-0.1204953469 0.03237571523 0.6876146106 
0.06337660375 -0.03870365777 0.6120433439 
0.15789238 -0.07157795262 0.5734574643 
0.07541645604 -0.09987081447 0.5116561554 
0 0 0.15643 
-0.002072192972 -0.004959499562 0.28481 
-0.06166552678 0.01382617417 0.4860864383 
-0.1207690182 0.03239643522 0.6875454164 
0.0631690912 -0.03867911713 0.61197929 
0.1577184432 -0.07155025896 0.5733962208 
0.0752149105 -0.09978764565 0.5115777942 
0 0 0.15643 
-0.002066582588 -0.004961839991 0.28481 
-0.06179508249 0.01383455297 0.4860525932 
-0.1210371104 0.03241621949 0.6874777263 
0.06296649522 -0.03865541799 0.6119165041 
0.1575490886 -0.07152338975 0.5733361209 
0.07501844693 -0.09970657112 0.5115009499 
0 0 0.15643 
-0.002161986429 -0.004964122273 0.28481 
-0.0620228212 0.01384251629 0.4860195003 
-0.1214004815 0.03243509967 0.6874115405 
0.06266789092 -0.03863253951 0.6118549939 
0.1572833571 -0.07149732934 0.5732771763 
0.07472611748 -0.0996275655 0.5114256336 
0 0 0.15643 
-0.002159459101 -0.004966346821 0.28481 
-0.0621497809 0.01385007939 0.4859871595 
-0.1216601528 0.03245310668 0.6873468589 
0.06247219181 -0.03861046144 0.6117947668 
0.1571201289 -0.07147206261 0.5732193982 
0.0745368133 -0.09955060428 0.5113518565 
0 0 0.15643 
-0.002156990527 -0.004968514035 0.28481 
-0.06227393524 0.01385725722 0.4859555708 
-0.1219140814 0.03247027079 0.6872836815 
0.06228137688 -0.03858916423 0.6117358303 
0.1569613507 -0.07144757518 0.573162798 
0.07435249169 -0.09947566402 0.5112796296 
0 0 0.15643 
-0.002154580703 -0.004970624308 0.28481 
-0.0623952684 0.01376369195 0.4859247343 
-0.1221622357 0.03238624917 0.6872220084 
0.06209541578 -0.03866900144 0.6117792014 
0.1568069603 -0.07152422577 0.5732083962 
0.07417310122 -0.09950309474 0.5113099733 
0 0 0.15643 
-0.00215222963 -0.004972678026 0.28481 
-0.06251376497 0.01376878862 0.4858946498 
-0.1224045846 0.03229929528 0.6871618395 
0.06191427899 -0.03881732718 0.6117251873 
0.1566568975 -0.07166937364 0.5731565038 
0.07399859193 -0.09960024731 0.5112431983 
0 0 0.15643 
-0.002149937307 -0.004974675562 0.28481 
-0.06262940992 0.0137735729 0.4858653175 
-0.1226410979 0.03231146474 0.6871031748 
0.06173793768 -0.03880153545 0.6116724235 
0.1565111033 -0.07165041789 0.5731057597 
0.07382891516 -0.09953451275 0.5111779434 
0 0 0.15643 
-0.002147703732 -0.004976617281 0.28481 
-0.06274218869 0.01388161309 0.4858367372 
-0.1228717465 0.03253007495 0.6870460143 
0.06156636383 -0.03857926343 0.6116209171 
0.1563695206 -0.07142500084 0.5730561747 
0.07366402371 -0.09926352565 0.5111142193 
0 0 0.15643 
-0.002145528906 -0.004978503541 0.28481 
-0.06285208705 0.01389016569 0.4858089091 
-0.1230965017 0.03254963922 0.686990358 
0.06139952999 -0.03855600803 0.6115706753 
0.1562320934 -0.07139862442 0.5730077595 
0.07350387142 -0.09919278039 0.5110520364 
0 0 0.15643 
-0.002143412829 -0.004980334689 0.28481 
-0.06295909128 0.01389841841 0.4857818331 
-0.1233153359 0.03256853332 0.686936206 
0.06123740983 -0.03853340373 0.611521705 
0.1560987678 -0.07137292818 0.5729605242 
0.07334841402 -0.09912390943 0.5109914049 
0 0 0.15643 
-0.0021413555 -0.004982111063 0.28481 
-0.06306318794 0.01390637763 0.4857555092 
-0.1235282222 0.03258677035 0.6868835582 
0.06097048338 -0.0385114475 0.611474013 
0.155859997 -0.071347914 0.5729144791 
0.07308811405 -0.09905690772 0.510932335 
0 0 0.15643 
-0.002139356923 -0.004983832992 0.28481 
-0.06316436412 0.0139140496 0.4857299374 
-0.1237351347 0.03260436308 0.6868324146 
0.06081377413 -0.03849013661 0.6114276061 
0.1557307784 -0.07132358413 0.5728696341 
0.07293797814 -0.09899177091 0.5108748365 
0 0 0.15643 
-0.002137417096 -0.004985500796 0.28481 
-0.06326260721 0.01392144033 0.4857051177 
-0.123936048 0.03262132385 0.6867827752 
0.06066175305 -0.0384694685 0.6113824906 
0.1556055579 -0.0712999408 0.5728259987 
0.07279246098 -0.09892849491 0.5108189191 
0 0 0.15643 
-0.002135536021 -0.004987114786 0.28481 
-0.06335790509 0.01392855572 0.4856810501 
-0.1241309377 0.03263766474 0.6867346401 
0.06041331763 -0.03844944088 0.611338673 
0.1553832084 -0.07127698652 0.5727835826 
0.07255044432 -0.09886707613 0.5107645921 
0 0 0.15643 
-0.0021337137 -0.004988675262 0.28481 
-0.06345024595 0.01393540144 0.4856577347 
-0.1243197802 0.03265339739 0.6866880092 
0.06026750432 -0.03843005162 0.6112961595 
0.1552627429 -0.07125472386 0.5727423949 
0.07241094944 -0.09880751138 0.5107118649 
0 0 0.15643 
-0.002131950134 -0.004990182517 0.28481 
-0.06353961846 0.01394198301 0.4856351713 
-0.1245025527 0.03266853312 0.6866428825 
0.06012638479 -0.03841129881 0.611254956 
0.15514621 -0.07123315553 0.5727024446 
0.07227603337 -0.09874979776 0.5106607464 
0 0 0.15643 
-0.002130245325 -0.004991636834 0.28481 
-0.06362601165 0.01394830577 0.4856133601 
-0.1246792331 0.03268308285 0.68659926 
0.05998994755 -0.03839318072 0.6112150685 
0.1550335763 -0.07121228428 0.5726637404 
0.07214567055 -0.09869393277 0.5106112453 
0 0 0.15643 
-0.002128599275 -0.004993038485 0.28481 
-0.06370941493 0.01395437487 0.485592301 
-0.1248498003 0.03269705718 0.6865571418 
0.05985818142 -0.03837569576 0.6111765026 
0.1549248092 -0.07119211298 0.5726262907 
0.07201983622 -0.09863991413 0.5105633701 
0 0 0.15643 
-0.002127011985 -0.004994387736 0.28481 
-0.06378981813 0.01396019531 0.4855719939 
-0.1250142337 0.03271046631 0.6865165277 
0.05973107586 -0.03846108633 0.6111392639 
0.1548198779 -0.07127488835 0.5725901039 
0.07189850683 -0.09868998382 0.5105171292 
0 0 0.15643 
-0.002125483459 -0.004995684841 0.28481 
-0.06386721151 0.01396577188 0.485552439 
-0.1251725138 0.0327233201 0.6864774179 
0.05960862047 -0.03844745314 0.6111033578 
0.1547187521 -0.07125871531 0.5725551879 
0.07178165948 -0.09864224212 0.5104725306 
0 0 0.15643 
-0.002124013697 -0.004996930046 0.28481 
-0.0639415857 0.01397110922 0.4855336362 
-0.1253246218 0.03273562805 0.6864398124 
0.05949080537 -0.03843438242 0.6110687893 
0.1546214031 -0.07124318419 0.5725215503 
0.07166927232 -0.098596275 0.510429582 
0 0 0.15643 
-0.002122602702 -0.005098224665 0.28481 
-0.06401293163 0.01387611069 0.4855155856 
-0.1254705395 0.03264729816 0.686403711 
0.05937762113 -0.0385667956 0.6110355636 
0.1545278033 -0.07138586542 0.5724891987 
0.07156132439 -0.09870964872 0.5103882909 
0 0 0.15643 
-0.002121250478 -0.005099983778 0.28481 
-0.06408124077 0.01388036572 0.485498287 
-0.1256102497 0.03265792439 0.6863691139 
0.0592690586 -0.03855588226 0.6110036854 
0.1544379261 -0.07137250915 0.5724581401 
0.0714577956 -0.0986681095 0.5103486646 
0 0 0.15643 
-0.002119957024 -0.005101655647 0.28481 
-0.06414650492 0.01388443035 0.4854817406 
-0.125743736 0.03266806705 0.686336021 
0.05916510914 -0.03854546078 0.6109731593 
0.1543517463 -0.0713597385 0.5724283816 
0.07135866682 -0.09862827674 0.5103107101 
0 0 0.15643 
-0.002118722345 -0.005103240042 0.28481 
-0.06420871622 0.01388830893 0.4854659462 
-0.1258709826 0.03267773459 0.6863044323 
0.0590657645 -0.03853552616 0.6109439899 
0.1542692399 -0.07134755245 0.5723999297 
0.07126391979 -0.0985901459 0.510274434 
0 0 0.15643 
-0.002117546442 -0.00510473675 0.28481 
-0.06426786729 0.0138920056 0.485450904 
-0.1259919746 0.03268693511 0.6862743478 
0.05897101678 -0.03852607373 0.6109161813 
0.1541903839 -0.07133595016 0.5723727907 
0.07117353713 -0.09855371282 0.5102398427 
0 0 0.15643 
-0.002116429318 -0.005106145568 0.28481 
-0.06432395108 0.01389552431 0.4854366139 
-0.1261066979 0.03269567625 0.6862457676 
0.05888085853 -0.03851709905 0.6108897377 
0.1541151566 -0.07132493084 0.5723469708 
0.07108750236 -0.09851897361 0.5102069425 
0 0 0.15643 
-0.002115370974 -0.005107466309 0.28481 
-0.06437696097 0.0138988688 0.4854230758 
-0.1262151393 0.03270396531 0.6862186915 
0.05879528267 -0.03850859796 0.6108646629 
0.1540435374 -0.07131449383 0.5723224756 
0.07100579986 -0.09848592469 0.5101757391 
0 0 0.15643 
-0.002114371414 -0.005108698794 0.28481 
-0.06442689066 0.01390204261 0.48541029 
-0.126317286 0.03271180919 0.6861931198 
0.05871428258 -0.03850056657 0.6108409606 
0.1539755069 -0.0713046386 0.5722993107 
0.07092841491 -0.09845456278 0.5101462381 
0 0 0.15643 
-0.002113430639 -0.005109842861 0.28481 
-0.06447373434 0.0139050491 0.4853982562 
-0.1264131264 0.03271921442 0.6861690522 
0.05863785193 -0.03849300124 0.6108186343 
0.1539110468 -0.07129536467 0.5722774813 
0.07085533361 -0.09842488489 0.5101184449 
0 0 0.15643 
-0.002112548651 -0.005110898359 0.28481 
-0.06451748647 0.01390789137 0.4853869745 
-0.1265026494 0.03272618706 0.6861464888 
0.0585659849 -0.03848589855 0.6107976873 
0.1538501401 -0.07128667157 0.5722569922 
0.07078654294 -0.09839688818 0.5100923643 
0 0 0.15643 
-0.002111725453 -0.005111865151 0.28481 
-0.06455814201 0.01391057237 0.4853764449 
-0.1265858447 0.03273273285 0.6861254297 
0.05849867601 -0.03847925535 0.6107781228 
0.1537927709 -0.07127855901 0.5722378482 
0.07072203077 -0.0983705702 0.5100680012 
0 0 0.15643 
-0.002110961046 -0.005112743112 0.28481 
-0.0645956962 0.01391309483 0.4853666675 
-0.126662703 0.03273885713 0.6861058748 
0.05843592016 -0.03847306871 0.6107599435 
0.1537389244 -0.07127102667 0.5722200535 
0.07066178574 -0.09834592861 0.5100453598 
0 0 0.15643 
-0.002110255432 -0.005113532131 0.28481 
-0.06463014474 0.01391546126 0.4853576421 
-0.1267332155 0.0327445648 0.6860878241 
0.05837771273 -0.03846733596 0.6107431521 
0.153688587 -0.07126407432 0.572203612 
0.07060579745 -0.09832296139 0.5100244442 
0 0 0.15643 
-0.002109608612 -0.005114232109 0.28481 
-0.06466148369 0.01391767399 0.4853493689 
-0.1267973743 0.03274986042 0.6860712777 
0.05832404938 -0.03846205466 0.6107277513 
0.1536417462 -0.07125770178 0.5721885276 
0.07055405624 -0.0983016667 0.5100052582 
0 0 0.15643 
-0.00210902059 -0.005114842964 0.28481 
-0.06468970952 0.01391973515 0.4853418478 
-0.1268551724 0.03275474814 0.6860562354 
0.05827492635 -0.03845722259 0.6107137432 
0.153598391 -0.07125190892 0.5721748036 
0.07050655344 -0.09828204299 0.5099878053 
0 0 0.15643 
-0.002108491364 -0.005115364621 0.28481 
-0.06471481899 0.01392164663 0.4853350788 
-0.1269066031 0.03275923168 0.6860426974 
0.05823034002 -0.03845283772 0.61070113 
0.1535585109 -0.07124669553 0.5721624431 
0.07046328098 -0.09826408868 0.5099720887 
0 0 0.15643 
-0.002108020939 -0.005115797023 0.28481 
-0.06473680938 0.01392341015 0.4853290619 
-0.1269516612 0.03276331442 0.6860306637 
0.05819028746 -0.03844889832 0.6106899135 
0.1535220972 -0.07124206161 0.572151449 
0.07042423192 -0.0982478027 0.5099581111 
0 0 0.15643 
-0.002107609314 -0.005116140125 0.28481 
-0.06475567827 0.01392502722 0.4853237971 
-0.1269903416 0.03276699932 0.6860201341 
0.05815476586 -0.03844540281 0.6106800954 
0.1534891419 -0.07123800705 0.5721418237 
0.0703893999 -0.09823318395 0.5099458752 
0 0 0.15643 
-0.00210725649 -0.005116393896 0.28481 
-0.06477142364 0.01392649912 0.4853192845 
-0.1270226404 0.03277028891 0.6860111088 
0.058123773 -0.03844234986 0.6106716771 
0.1534596386 -0.07123453176 0.5721335693 
0.07035877954 -0.09822023157 0.5099353831 
0 0 0.15643 
-0.002106962469 -0.005116558314 0.28481 
-0.06478404384 0.01392782698 0.4853155239 
-0.1270485541 0.03277318543 0.6860035876 
0.05809730694 -0.03843973836 0.61066466 
0.1534335815 -0.07123163578 0.5721266878 
0.07033236618 -0.09820894493 0.5099266368 
0 0 0.15643 
-0.002106727252 -0.005116633377 0.28481 
-0.06479353763 0.01392901165 0.4853125154 
-0.1270680804 0.03277569058 0.6859975707 
0.05807536623 -0.03843756739 0.6106590451 
0.1534109665 -0.071229319 0.5721211808 
0.07031015614 -0.0981993235 0.5099196378 
0 0 0.15643 
-0.002106550838 -0.00511661909 0.28481 
-0.06479990411 0.01393005384 0.4853102591 
-0.1270812174 0.03277780576 0.6859930581 
0.05805794975 -0.03843583626 0.6106548331 
0.1533917901 -0.07122758143 0.5721170494 
0.07029214644 -0.09819136695 0.5099143875 
0 0 0.15643 
-0.002106433228 -0.005116515477 0.28481 
-0.06480314282 0.01393095401 0.4853087549 
-0.1270879642 0.03277953195 0.6859900496 
0.05804505683 -0.03843454447 0.6106520248 
0.1533760506 -0.07122642303 0.5721142946 
0.070278335 -0.09818507513 0.5099108868 
0 0 0.15643 
-0.002106374424 -0.005116322571 0.28481 
-0.06480325364 0.01393171248 0.4853080028 
-0.1270883205 0.03278086977 0.6859885454 
0.05803668714 -0.0384336918 0.6106506205 
0.1533637469 -0.07122584388 0.5721129171 
0.07026872052 -0.09818044811 0.5099091362 
