-0.328262
-0.21326
-0.120994
-0.139865
-0.138389
-0.206561
-0.07893
-0.328253
-0.213251
-0.120994
-0.139856
-0.138389
-0.206561
-0.07893
-0.328244
-0.213242
-0.120994
-0.139847
-0.138389
-0.206561
-0.07893
-0.328235
-0.213233
-0.120994
-0.139838
-0.138389
-0.206561
-0.07893
-0.328225
-0.213223
-0.120993
-0.139828
-0.138388
-0.206562
-0.07893
-0.328216
-0.213214
-0.120993
-0.139819
-0.138388
-0.206562
-0.07893
-0.328207
-0.213205
-0.120993
-0.13981
-0.138388
-0.206562
-0.07893
-0.328197
-0.213195
-0.120993
-0.1398
-0.138388
-0.206562
-0.07893
-0.328187
-0.213185
-0.120993
-0.13979
-0.138388
-0.206562
-0.07893
-0.328178
-0.213176
-0.120992
-0.139781
-0.138387
-0.206562
-0.07893
-0.328168
-0.213166
-0.120992
-0.139771
-0.138387
-0.206563
-0.07893
-0.328158
-0.213156
-0.120992
-0.139761
-0.138387
-0.206563
-0.07893
-0.328148
-0.213146
-0.120991
-0.139751
-0.138386
-0.206563
-0.07893
-0.328138
-0.213136
-0.120991
-0.139741
-0.138386
-0.206563
-0.07893
-0.328128
-0.213126
-0.120991
-0.139731
-0.138386
-0.206563
-0.07893
-0.328118
-0.213116
-0.12099
-0.139721
-0.138385
-0.206563
-0.07893
-0.328108
-0.213106
-0.12099
-0.139711
-0.138385
-0.206563
-0.07893
-0.328098
-0.213096
-0.12099
-0.139701
-0.138385
-0.206564
-0.07893
-0.328088
-0.213086
-0.120989
-0.139691
-0.138384
-0.206564
-0.07893
-0.328077
-0.213075
-0.120989
-0.13968
-0.138384
-0.206564
-0.07893
-0.328067
-0.213065
-0.120989
-0.13967
-0.138384
-0.206564
-0.07893
-0.328056
-0.213054
-0.120988
-0.139659
-0.138383
-0.206564
-0.07893
-0.328046
-0.213044
-0.120988
-0.139649
-0.138383
-0.206564
-0.07893
-0.328035
-0.213033
-0.120987
-0.139638
-0.138382
-0.206564
-0.07893
-0.328024
-0.213022
-0.120987
-0.139627
-0.138382
-0.206564
-0.07893
-0.328014
-0.213012
-0.120986
-0.139617
-0.138381
-0.206564
-0.07893
-0.328003
-0.213001
-0.120986
-0.139606
-0.138381
-0.206564
-0.07893
-0.327992
-0.21299
-0.120985
-0.139595
-0.13838
-0.206564
-0.07893
-0.327981
-0.212979
-0.120984
-0.139584
-0.138379
-0.206564
-0.07893
-0.32797
-0.212968
-0.120984
-0.139573
-0.138379
-0.206564
-0.07893
-0.327959
-0.212957
-0.120983
-0.139562
-0.138378
-0.206564
-0.07893
-0.327948
-0.212946
-0.120982
-0.139551
-0.138377
-0.206564
-0.07893
-0.327936
-0.212934
-0.120982
-0.139539
-0.138377
-0.206564
-0.07893
-0.327925
-0.212923
-0.120981
-0.139528
-0.138376
-0.206564
-0.07893
-0.327914
-0.212912
-0.12098
-0.139517
-0.138375
-0.206563
-0.07893
-0.327902
-0.2129
-0.120979
-0.139505
-0.138374
-0.206563
-0.07893
-0.327891
-0.212889
-0.120978
-0.139494
-0.138373
-0.206563
-0.07893
-0.327879
-0.212877
-0.120978
-0.139482
-0.138373
-0.206563
-0.07893
-0.327867
-0.212865
-0.120977
-0.13947
-0.138372
-0.206563
-0.07893
-0.327855
-0.212853
-0.120976
-0.139458
-0.138371
-0.206562
-0.07893
-0.327844
-0.212842
-0.120975
-0.139447
-0.13837
-0.206562
-0.07893
-0.327832
-0.21283
-0.120974
-0.139435
-0.138369
-0.206562
-0.07893
-0.32782
-0.212818
-0.120973
-0.139423
-0.138368
-0.206561
-0.07893
-0.327808
-0.212806
-0.120972
-0.139411
-0.138367
-0.206561
-0.07893
-0.327796
-0.212794
-0.120971
-0.139399
-0.138366
-0.20656
-0.07893
-0.327783
-0.212781
-0.120969
-0.139386
-0.138364
-0.20656
-0.07893
-0.327771
-0.212769
-0.120968
-0.139374
-0.138363
-0.20656
-0.07893
-0.327759
-0.212757
-0.120967
-0.139362
-0.138362
-0.206559
-0.07893
-0.327746
-0.212744
-0.120966
-0.139349
-0.138361
-0.206559
-0.07893
-0.327734
-0.212732
-0.120964
-0.139337
-0.138359
-0.206558
-0.07893
-0.327722
-0.21272
-0.120963
-0.139325
-0.138358
-0.206557
-0.07893
-0.32771
-0.212708
-0.120962
-0.139313
-0.138357
-0.206557
-0.07893
-0.327699
-0.212697
-0.12096
-0.139302
-0.138355
-0.206556
-0.07893
-0.327688
-0.212686
-0.120959
-0.139291
-0.138354
-0.206556
-0.07893
-0.327677
-0.212675
-0.120958
-0.13928
-0.138353
-0.206555
-0.07893
-0.327666
-0.212664
-0.120957
-0.139269
-0.138352
-0.206555
-0.07893
-0.327656
-0.212654
-0.120955
-0.139259
-0.13835
-0.206554
-0.07893
-0.327646
-0.212644
-0.120954
-0.139249
-0.138349
-0.206554
-0.07893
-0.327636
-0.212634
-0.120953
-0.139239
-0.138348
-0.206553
-0.07893
-0.327626
-0.212624
-0.120952
-0.139229
-0.138347
-0.206552
-0.07893
-0.327617
-0.212615
-0.12095
-0.13922
-0.138345
-0.206552
-0.07893
-0.327608
-0.212606
-0.120949
-0.139211
-0.138344
-0.206551
-0.07893
-0.327599
-0.212597
-0.120948
-0.139202
-0.138343
-0.206551
-0.07893
-0.32759
-0.212588
-0.120947
-0.139193
-0.138342
-0.20655
-0.07893
-0.327582
-0.21258
-0.120946
-0.139185
-0.138341
-0.20655
-0.07893
-0.327574
-0.212572
-0.120945
-0.139177
-0.13834
-0.206549
-0.07893
-0.327566
-0.212564
-0.120944
-0.139169
-0.138339
-0.206549
-0.07893
-0.327558
-0.212556
-0.120942
-0.139161
-0.138337
-0.206548
-0.07893
-0.327551
-0.212549
-0.120941
-0.139154
-0.138336
-0.206548
-0.07893
-0.327544
-0.212542
-0.12094
-0.139147
-0.138335
-0.206547
-0.07893
-0.327537
-0.212535
-0.120939
-0.13914
-0.138334
-0.206547
-0.07893
-0.32753
-0.212528
-0.120938
-0.139133
-0.138333
-0.206546
-0.07893
-0.327524
-0.212522
-0.120937
-0.139127
-0.138332
-0.206546
-0.07893
-0.327518
-0.212516
-0.120937
-0.139121
-0.138332
-0.206546
-0.07893
-0.327512
-0.21251
-0.120936
-0.139115
-0.138331
-0.206545
-0.07893
-0.327506
-0.212504
-0.120935
-0.139109
-0.13833
-0.206545
-0.07893
-0.327501
-0.212499
-0.120934
-0.139104
-0.138329
-0.206544
-0.07893
-0.327496
-0.212494
-0.120933
-0.139099
-0.138328
-0.206544
-0.07893
-0.327491
-0.212489
-0.120932
-0.139094
-0.138327
-0.206544
-0.07893
-0.327486
-0.212484
-0.120932
-0.139089
-0.138327
-0.206543
-0.07893
-0.327482
-0.21248
-0.120931
-0.139085
-0.138326
-0.206543
-0.07893
-0.327478
-0.212476
-0.12093
-0.139081
-0.138325
-0.206543
-0.07893
-0.327474
-0.212472
-0.12093
-0.139077
-0.138325
-0.206543
-0.07893
-0.32747
-0.212468
-0.120929
-0.139073
-0.138324
-0.206542
-0.07893
-0.327466
-0.212464
-0.120929
-0.139069
-0.138324
-0.206542
-0.07893
-0.327463
-0.212461
-0.120928
-0.139066
-0.138323
-0.206542
-0.07893
-0.32746
-0.212458
-0.120928
-0.139063
-0.138323
-0.206542
-0.07893
-0.327458
-0.212456
-0.120927
-0.139061
-0.138322
-0.206541
-0.07893
-0.327455
-0.212453
-0.120927
-0.139058
-0.138322
-0.206541
-0.07893
-0.327453
-0.212451
-0.120927
-0.139056
-0.138322
-0.206541
-0.07893
-0.327451
-0.212449
-0.120926
-0.139054
-0.138321
-0.206541
-0.07893
-0.327449
-0.212447
-0.120926
-0.139052
-0.138321
-0.206541
-0.07893
-0.327448
-0.212446
-0.120926
-0.139051
-0.138321
-0.206541
-0.07893
-0.327447
-0.212445
-0.120925
-0.13905
-0.13832
-0.206541
-0.07893
-0.327446
-0.212444
-0.120925
-0.139049
-0.13832
-0.206541
-0.07893
-0.327445
-0.212443
-0.120925
-0.139048
-0.13832
-0.206541
-0.07893
-0.327445
-0.212443
-0.120925
-0.139048
-0.13832
-0.206541
-0.07893
-0.327444
-0.212442
-0.120925
-0.139047
-0.13832
-0.206541
-0.07893
-0.327444
-0.212442
-0.120925
-0.139047
-0.13832
-0.206541
-0.07893
-0.327445
-0.212443
-0.120925
-0.139048
-0.13832
-0.206541
-0.07893
-0.287234
-0.172232
-0.126179
-0.0988373
-0.143574
-0.202025
-0.207166
-0.287384
-0.172382
-0.126156
-0.0989874
-0.143551
-0.202039
-0.207148
-0.287532
-0.17253
-0.126131
-0.0991347
-0.143526
-0.202052
-0.207128
-0.287676
-0.172674
-0.126106
-0.0992792
-0.143501
-0.202064
-0.207108
-0.287818
-0.172816
-0.12608
-0.0994207
-0.143475
-0.202074
-0.207087
-0.287956
-0.172954
-0.126054
-0.0995594
-0.143449
-0.202082
-0.207065
-0.288092
-0.17309
-0.126026
-0.0996951
-0.143421
-0.20209
-0.207042
-0.288225
-0.173223
-0.125998
-0.099828
-0.143393
-0.202095
-0.207019
-0.288355
-0.173353
-0.125969
-0.099958
-0.143364
-0.2021
-0.206995
-0.288727
-0.173725
-0.125938
-0.10033
-0.143333
-0.202102
-0.20697
-0.288905
-0.173903
-0.125908
-0.100508
-0.143303
-0.202104
-0.206944
-0.289086
-0.174084
-0.125876
-0.100689
-0.143271
-0.202103
-0.206918
-0.289269
-0.174267
-0.125843
-0.100872
-0.143238
-0.202101
-0.206891
-0.289455
-0.174453
-0.125809
-0.101058
-0.143204
-0.202098
-0.206863
-0.289643
-0.174641
-0.125775
-0.101246
-0.14317
-0.202093
-0.206835
-0.289834
-0.174832
-0.125739
-0.101437
-0.143134
-0.202087
-0.206806
-0.290027
-0.175025
-0.125703
-0.10163
-0.143098
-0.202079
-0.206776
-0.290223
-0.175221
-0.125665
-0.101826
-0.14306
-0.202069
-0.206745
-0.290421
-0.175419
-0.125627
-0.102024
-0.143022
-0.202058
-0.206714
-0.290621
-0.175619
-0.125588
-0.102224
-0.142983
-0.202045
-0.206681
-0.290824
-0.175822
-0.125547
-0.102427
-0.142942
-0.202031
-0.206648
-0.29103
-0.176028
-0.12561
-0.102633
-0.143005
-0.202223
-0.206719
-0.291238
-0.176236
-0.125577
-0.102841
-0.142972
-0.202223
-0.206694
-0.291448
-0.176446
-0.125543
-0.103051
-0.142938
-0.202222
-0.206668
-0.291661
-0.176659
-0.125508
-0.103264
-0.142903
-0.202221
-0.206642
-0.291876
-0.176874
-0.125472
-0.103479
-0.142867
-0.202218
-0.206615
-0.292093
-0.177091
-0.125436
-0.103696
-0.142831
-0.202213
-0.206588
-0.292313
-0.177311
-0.125399
-0.103916
-0.142794
-0.202208
-0.20656
-0.292536
-0.177534
-0.125361
-0.104139
-0.142756
-0.202201
-0.206532
-0.29276
-0.177758
-0.125424
-0.104363
-0.142819
-0.202193
-0.206503
-0.292987
-0.177985
-0.125393
-0.10459
-0.142788
-0.202184
-0.206473
-0.293216
-0.178214
-0.125361
-0.104819
-0.142756
-0.202173
-0.206443
-0.293448
-0.178446
-0.125329
-0.105051
-0.142724
-0.202161
-0.206412
-0.293682
-0.17868
-0.125296
-0.105285
-0.142691
-0.202147
-0.206381
-0.293918
-0.178916
-0.125263
-0.105521
-0.142658
-0.202132
-0.206349
-0.294156
-0.179154
-0.125229
-0.105759
-0.142624
-0.202115
-0.206316
-0.294397
-0.179395
-0.125194
-0.106
-0.142589
-0.202097
-0.206282
-0.29464
-0.179638
-0.125159
-0.106243
-0.142554
-0.202077
-0.206248
-0.294885
-0.179883
-0.125123
-0.106488
-0.142518
-0.202056
-0.206213
-0.295133
-0.180131
-0.125087
-0.106736
-0.142482
-0.202033
-0.206177
-0.295382
-0.18038
-0.125049
-0.106985
-0.142444
-0.202008
-0.20614
-0.295634
-0.180632
-0.125012
-0.107237
-0.142407
-0.201981
-0.206103
-0.295888
-0.180886
-0.124973
-0.107491
-0.142368
-0.201952
-0.206065
-0.296144
-0.181142
-0.124934
-0.107747
-0.142329
-0.201922
-0.206025
-0.296403
-0.181401
-0.124894
-0.108006
-0.142289
-0.20189
-0.205985
-0.296663
-0.181661
-0.124853
-0.108266
-0.142248
-0.201855
-0.205944
-0.296925
-0.181923
-0.124811
-0.108528
-0.142206
-0.201819
-0.205902
-0.29719
-0.182188
-0.124769
-0.108793
-0.142164
-0.201781
-0.205859
-0.297457
-0.182455
-0.124726
-0.10906
-0.142121
-0.201741
-0.205815
-0.297725
-0.182723
-0.124682
-0.109328
-0.142077
-0.201698
-0.20577
-0.298007
-0.183005
-0.124641
-0.10961
-0.142036
-0.201658
-0.205727
-0.298301
-0.183299
-0.124605
-0.109904
-0.142
-0.201621
-0.205688
-0.29859
-0.183588
-0.12457
-0.110193
-0.141965
-0.201584
-0.205649
-0.298873
-0.183871
-0.124535
-0.110476
-0.14193
-0.201546
-0.205611
-0.29915
-0.184148
-0.124501
-0.110753
-0.141896
-0.201507
-0.205573
-0.299421
-0.184419
-0.124467
-0.111024
-0.141862
-0.201468
-0.205536
-0.299686
-0.184684
-0.124434
-0.111289
-0.141829
-0.201429
-0.205499
-0.299946
-0.184944
-0.124401
-0.111549
-0.141796
-0.201389
-0.205462
-0.3002
-0.185198
-0.124369
-0.111803
-0.141764
-0.201349
-0.205426
-0.300448
-0.185446
-0.124438
-0.112051
-0.141833
-0.201309
-0.20539
-0.30069
-0.185688
-0.124412
-0.112293
-0.141807
-0.201269
-0.205355
-0.300927
-0.185925
-0.124386
-0.11253
-0.141781
-0.201228
-0.205321
-0.301158
-0.186156
-0.124361
-0.112761
-0.141756
-0.201188
-0.205287
-0.301383
-0.186381
-0.124337
-0.112986
-0.141732
-0.201149
-0.205254
-0.301603
-0.186601
-0.124314
-0.113206
-0.141709
-0.201109
-0.205221
-0.301816
-0.186814
-0.124291
-0.113419
-0.141686
-0.20107
-0.20519
-0.302025
-0.187023
-0.124269
-0.113628
-0.141664
-0.201031
-0.205159
-0.302227
-0.187225
-0.124247
-0.11383
-0.141642
-0.200993
-0.205128
-0.302424
-0.187422
-0.124227
-0.114027
-0.141622
-0.200956
-0.205099
-0.302616
-0.187614
-0.124207
-0.114219
-0.141602
-0.200919
-0.205071
-0.302802
-0.1878
-0.124188
-0.114405
-0.141583
-0.200883
-0.205043
-0.302982
-0.18798
-0.12417
-0.114585
-0.141565
-0.200848
-0.205016
-0.303157
-0.188155
-0.124152
-0.11476
-0.141547
-0.200814
-0.20499
-0.303326
-0.188324
-0.124135
-0.114929
-0.14153
-0.20078
-0.204965
-0.303489
-0.188487
-0.124119
-0.115092
-0.141514
-0.200748
-0.204941
-0.303647
-0.188645
-0.124104
-0.11525
-0.141499
-0.200717
-0.204918
-0.3038
-0.188798
-0.12409
-0.115403
-0.141485
-0.200687
-0.204896
-0.303947
-0.188945
-0.124077
-0.11555
-0.141472
-0.200658
-0.204875
-0.304089
-0.189087
-0.124064
-0.115692
-0.141459
-0.20063
-0.204856
-0.304225
-0.189223
-0.124053
-0.115828
-0.141448
-0.200604
-0.204837
-0.304355
-0.189353
-0.124042
-0.115958
-0.141437
-0.200579
-0.204819
-0.304481
-0.189479
-0.124032
-0.116084
-0.141427
-0.200555
-0.204802
-0.3046
-0.189598
-0.124023
-0.116203
-0.141418
-0.200533
-0.204787
-0.304715
-0.189713
-0.124015
-0.116318
-0.14141
-0.200512
-0.204772
-0.304823
-0.189821
-0.124008
-0.116426
-0.141403
-0.200493
-0.204759
-0.304927
-0.189925
-0.124001
-0.11653
-0.141396
-0.200475
-0.204747
-0.305025
-0.190023
-0.123996
-0.116628
-0.141391
-0.200459
-0.204736
-0.305117
-0.190115
-0.123992
-0.11672
-0.141387
-0.200444
-0.204726
-0.305204
-0.190202
-0.123988
-0.116807
-0.141383
-0.200431
-0.204717
-0.305286
-0.190284
-0.123986
-0.116889
-0.141381
-0.20042
-0.20471
-0.305362
-0.19036
-0.123984
-0.116965
-0.141379
-0.200411
-0.204704
-0.305433
-0.190431
-0.123983
-0.117036
-0.141378
-0.200403
-0.204698
-0.305499
-0.190497
-0.123984
-0.117102
-0.141379
-0.200396
-0.204695
-0.305559
-0.190557
-0.123985
-0.117162
-0.14138
-0.200392
-0.204692
-0.305614
-0.190612
-0.123987
-0.117217
-0.141382
-0.200389
-0.20469
-0.305663
-0.190661
-0.12399
-0.117266
-0.141385
-0.200388
-0.20469
-0.305707
-0.190705
-0.123994
-0.11731
-0.141389
-0.200389
-0.204691
-0.305746
-0.190744
-0.123999
-0.117349
-0.141394
-0.200391
-0.204693
-0.305779
-0.190777
-0.124005
-0.117382
-0.1414
-0.200395
-0.204697
-0.305807
-0.190805
-0.124012
-0.11741
-0.141407
-0.200401
-0.204702
-0.248943
-0.133941
-0.122443
-0.0948047
-0.139838
-0.201825
-0.413555
-0.249273
-0.134271
-0.122326
-0.0948157
-0.139721
-0.201814
-0.413566
-0.249597
-0.134595
-0.12221
-0.0948248
-0.139605
-0.201801
-0.413575
-0.249915
-0.134913
-0.122093
-0.094832
-0.139488
-0.201786
-0.413582
-0.250227
-0.135225
-0.121975
-0.0948373
-0.13937
-0.201769
-0.413587
-0.250534
-0.135532
-0.121858
-0.0948407
-0.139253
-0.201749
-0.413591
-0.250835
-0.135833
-0.121739
-0.0948423
-0.139134
-0.201726
-0.413592
-0.25113
-0.136128
-0.121621
-0.094842
-0.139016
-0.201702
-0.413592
-0.251419
-0.136417
-0.121502
-0.0948399
-0.138897
-0.201674
-0.41359
-0.252192
-0.13719
-0.121383
-0.0948359
-0.138778
-0.201645
-0.413586
-0.252577
-0.137575
-0.121263
-0.0948301
-0.138658
-0.201613
-0.41358
-0.252968
-0.137966
-0.121142
-0.0948224
-0.138537
-0.201578
-0.413572
-0.253364
-0.138362
-0.121021
-0.0948129
-0.138416
-0.201541
-0.413563
-0.253764
-0.138762
-0.1209
-0.0948016
-0.138295
-0.201502
-0.413552
-0.25417
-0.139168
-0.120778
-0.0947884
-0.138173
-0.20146
-0.413538
-0.25458
-0.139578
-0.120655
-0.0947733
-0.13805
-0.201415
-0.413523
-0.254995
-0.139993
-0.120532
-0.0947564
-0.137927
-0.201368
-0.413506
-0.255415
-0.140413
-0.120408
-0.0947377
-0.137803
-0.201318
-0.413488
-0.25584
-0.140838
-0.120284
-0.0947171
-0.137679
-0.201266
-0.413467
-0.25627
-0.141268
-0.120159
-0.0946946
-0.137554
-0.20121
-0.413445
-0.256705
-0.141703
-0.120033
-0.0946703
-0.137428
-0.201153
-0.41342
-0.257144
-0.142142
-0.119906
-0.0949576
-0.137301
-0.201405
-0.413708
-0.257589
-0.142587
-0.119779
-0.0949567
-0.137174
-0.201368
-0.413707
-0.25804
-0.143038
-0.11965
-0.0949548
-0.137045
-0.20133
-0.413705
-0.258494
-0.143492
-0.119521
-0.0949519
-0.136916
-0.20129
-0.413702
-0.258953
-0.143951
-0.119391
-0.0949478
-0.136786
-0.201248
-0.413698
-0.259417
-0.144415
-0.11926
-0.0949426
-0.136655
-0.201204
-0.413693
-0.259885
-0.144883
-0.119129
-0.0949362
-0.136524
-0.201157
-0.413686
-0.260358
-0.145356
-0.118996
-0.0949286
-0.136391
-0.201109
-0.413679
-0.260836
-0.145834
-0.119273
-0.0949196
-0.136668
-0.20116
-0.41367
-0.261318
-0.146316
-0.119173
-0.0949093
-0.136568
-0.201116
-0.413659
-0.261805
-0.146803
-0.119074
-0.0948977
-0.136469
-0.201069
-0.413648
-0.2625
-0.147498
-0.118975
-0.0948845
-0.13637
-0.20102
-0.413635
-0.263001
-0.147999
-0.118877
-0.0948699
-0.136272
-0.20097
-0.41362
-0.263506
-0.148504
-0.11878
-0.0948537
-0.136175
-0.200917
-0.413604
-0.264016
-0.149014
-0.118684
-0.0948359
-0.136079
-0.200862
-0.413586
-0.264531
-0.149529
-0.118589
-0.0948165
-0.135984
-0.200804
-0.413566
-0.26505
-0.150048
-0.118494
-0.0947953
-0.135889
-0.200745
-0.413545
-0.265573
-0.150571
-0.1184
-0.0947723
-0.135795
-0.200683
-0.413522
-0.266101
-0.151099
-0.118307
-0.0947475
-0.135702
-0.200618
-0.413498
-0.266633
-0.151631
-0.118214
-0.0947208
-0.135609
-0.200551
-0.413471
-0.26717
-0.152168
-0.118123
-0.0946922
-0.135518
-0.200482
-0.413442
-0.267711
-0.152709
-0.118032
-0.0946615
-0.135427
-0.200409
-0.413411
-0.268256
-0.153254
-0.117941
-0.0946287
-0.135336
-0.200334
-0.413379
-0.268805
-0.153803
-0.117852
-0.0945937
-0.135247
-0.200257
-0.413344
-0.269358
-0.154356
-0.117763
-0.0945566
-0.135158
-0.200176
-0.413307
-0.269916
-0.154914
-0.117675
-0.0945171
-0.13507
-0.200093
-0.413267
-0.270477
-0.155475
-0.117588
-0.0944753
-0.134983
-0.200006
-0.413225
-0.271043
-0.156041
-0.117502
-0.094431
-0.134897
-0.199917
-0.413181
-0.271612
-0.15661
-0.117416
-0.0943842
-0.134811
-0.199824
-0.413134
-0.272208
-0.157206
-0.11734
-0.0943418
-0.134735
-0.199737
-0.413092
-0.272827
-0.157825
-0.117277
-0.0943064
-0.134672
-0.19966
-0.413056
-0.273434
-0.158432
-0.117217
-0.0942701
-0.134612
-0.199582
-0.41302
-0.274435
-0.159433
-0.117161
-0.0942329
-0.134556
-0.199504
-0.412983
-0.27503
-0.160028
-0.117107
-0.094195
-0.134502
-0.199426
-0.412945
-0.275612
-0.16061
-0.117056
-0.0941565
-0.134451
-0.199348
-0.412906
-0.276182
-0.16118
-0.117008
-0.0941174
-0.134403
-0.199271
-0.412867
-0.276739
-0.161737
-0.116963
-0.094078
-0.134358
-0.199193
-0.412828
-0.277283
-0.162281
-0.11692
-0.0940383
-0.134315
-0.199117
-0.412788
-0.277816
-0.162814
-0.117281
-0.0939984
-0.134676
-0.199141
-0.412748
-0.278335
-0.163333
-0.117263
-0.0939584
-0.134658
-0.19907
-0.412708
-0.278843
-0.163841
-0.117247
-0.0939185
-0.134642
-0.199
-0.412668
-0.279338
-0.164336
-0.117233
-0.0938787
-0.134628
-0.198931
-0.412629
-0.27982
-0.164818
-0.117221
-0.0938391
-0.134616
-0.198862
-0.412589
-0.280291
-0.165289
-0.117211
-0.0937998
-0.134606
-0.198795
-0.41255
-0.280749
-0.165747
-0.117203
-0.093761
-0.134598
-0.19873
-0.412511
-0.281195
-0.166193
-0.117197
-0.0937226
-0.134592
-0.198665
-0.412473
-0.281628
-0.166626
-0.117193
-0.0936849
-0.134588
-0.198602
-0.412435
-0.28205
-0.167048
-0.11719
-0.0936531
-0.134585
-0.19854
-0.412398
-0.28246
-0.167458
-0.117189
-0.0940625
-0.134584
-0.19848
-0.412361
-0.282857
-0.167855
-0.117189
-0.0944599
-0.134584
-0.198422
-0.412326
-0.283242
-0.16824
-0.11719
-0.0948451
-0.134585
-0.198365
-0.412291
-0.283615
-0.168613
-0.117193
-0.0952184
-0.134588
-0.19831
-0.412258
-0.283977
-0.168975
-0.117197
-0.0955796
-0.134592
-0.198257
-0.412225
-0.284326
-0.169324
-0.117202
-0.0959289
-0.134597
-0.198206
-0.412193
-0.284663
-0.169661
-0.117208
-0.0962662
-0.134603
-0.198157
-0.412163
-0.284989
-0.169987
-0.117616
-0.0965915
-0.135011
-0.198311
-0.412134
-0.285302
-0.1703
-0.117629
-0.096905
-0.135024
-0.198268
-0.412106
-0.285604
-0.170602
-0.117643
-0.0972065
-0.135038
-0.198228
-0.41208
-0.285893
-0.170891
-0.117657
-0.0974962
-0.135052
-0.19819
-0.412055
-0.286171
-0.171169
-0.117672
-0.0977741
-0.135067
-0.198154
-0.412031
-0.286437
-0.171435
-0.117687
-0.0980402
-0.135082
-0.198121
-0.412009
-0.286691
-0.171689
-0.117702
-0.0982944
-0.135097
-0.19809
-0.411989
-0.286934
-0.171932
-0.117718
-0.0985369
-0.135113
-0.198061
-0.41197
-0.287165
-0.172163
-0.117734
-0.0987676
-0.135129
-0.198035
-0.411952
-0.287384
-0.172382
-0.117751
-0.0989865
-0.135146
-0.198011
-0.411937
-0.287591
-0.172589
-0.117767
-0.0991938
-0.135162
-0.19799
-0.411923
-0.287786
-0.172784
-0.117784
-0.0993893
-0.135179
-0.197971
-0.411911
-0.28797
-0.172968
-0.117801
-0.0995731
-0.135196
-0.197955
-0.4119
-0.288142
-0.17314
-0.117818
-0.0997452
-0.135213
-0.197941
-0.411892
-0.288303
-0.173301
-0.117835
-0.0999056
-0.13523
-0.19793
-0.411885
-0.288451
-0.173449
-0.117852
-0.100054
-0.135247
-0.197922
-0.41188
-0.288588
-0.173586
-0.117869
-0.100191
-0.135264
-0.197916
-0.411877
-0.288714
-0.173712
-0.117886
-0.100317
-0.135281
-0.197913
-0.411876
-0.288828
-0.173826
-0.117903
-0.100431
-0.135298
-0.197913
-0.411876
-0.28893
-0.173928
-0.11792
-0.100533
-0.135315
-0.197916
-0.411879
-0.28902
-0.174018
-0.117936
-0.100623
-0.135331
-0.197921
-0.411883
-0.289099
-0.174097
-0.117953
-0.100702
-0.135348
-0.197929
-0.41189
-0.289166
-0.174164
-0.11797
-0.100769
-0.135365
-0.19794
-0.411898
-0.289222
-0.17422
-0.117986
-0.100825
-0.135381
-0.197953
-0.411908
-0.247482
-0.211664
-0.122062
-0.301019
-0.139457
-0.18263
-0.619769
-0.247602
-0.211614
-0.121882
-0.300969
-0.139277
-0.182468
-0.619719
-0.24771
-0.211559
-0.121698
-0.300914
-0.139093
-0.182298
-0.619664
-0.247805
-0.211498
-0.121509
-0.300853
-0.138904
-0.18212
-0.619603
-0.247888
-0.211431
-0.121314
-0.300786
-0.138709
-0.181936
-0.619536
-0.247958
-0.211359
-0.121114
-0.300714
-0.138509
-0.181743
-0.619464
-0.248016
-0.211281
-0.120909
-0.300636
-0.138304
-0.181543
-0.619386
-0.248061
-0.211197
-0.120698
-0.300552
-0.138093
-0.181335
-0.619302
-0.248093
-0.211108
-0.120482
-0.300463
-0.137877
-0.181119
-0.619213
-0.248812
-0.211014
-0.12026
-0.300369
-0.137655
-0.180895
-0.619119
-0.248973
-0.211008
-0.120082
-0.300363
-0.137477
-0.180712
-0.619113
-0.249137
-0.21092
-0.119858
-0.300275
-0.137253
-0.180482
-0.619025
-0.249304
-0.210829
-0.11963
-0.300184
-0.137025
-0.180244
-0.618934
-0.249515
-0.210733
-0.119396
-0.300088
-0.136791
-0.179999
-0.618838
-0.24969
-0.210633
-0.119379
-0.299988
-0.136774
-0.179817
-0.618738
-0.249912
-0.210529
-0.119167
-0.299884
-0.136562
-0.179567
-0.618634
-0.250096
-0.21042
-0.118952
-0.299775
-0.136347
-0.17931
-0.618525
-0.250284
-0.210418
-0.118733
-0.299773
-0.136128
-0.179047
-0.618523
-0.250474
-0.21042
-0.118617
-0.299775
-0.136012
-0.178776
-0.618525
-0.250667
-0.210324
-0.118404
-0.299679
-0.135799
-0.178498
-0.618429
-0.251065
-0.210226
-0.118188
-0.299581
-0.135583
-0.178212
-0.618331
-0.251284
-0.210476
-0.117904
-0.299831
-0.135299
-0.178206
-0.618581
-0.251506
-0.210403
-0.117678
-0.299758
-0.135073
-0.177933
-0.618508
-0.251736
-0.210329
-0.117459
-0.299684
-0.134854
-0.177673
-0.618434
-0.251966
-0.210252
-0.117228
-0.299607
-0.134623
-0.17739
-0.618357
-0.252198
-0.210173
-0.116994
-0.299528
-0.134389
-0.177101
-0.618278
-0.252433
-0.210092
-0.116756
-0.299447
-0.134151
-0.176805
-0.618197
-0.252672
-0.210008
-0.116618
-0.299363
-0.134013
-0.176708
-0.618113
-0.252913
-0.209922
-0.116379
-0.299277
-0.133774
-0.176409
-0.618027
-0.253157
-0.209834
-0.116547
-0.299189
-0.133942
-0.176102
-0.617939
-0.253404
-0.209744
-0.116436
-0.299099
-0.133831
-0.175789
-0.617849
-0.253856
-0.209753
-0.116231
-0.299108
-0.133626
-0.175468
-0.617858
-0.254519
-0.209659
-0.116024
-0.299014
-0.133419
-0.175139
-0.617764
-0.254789
-0.209563
-0.115815
-0.298918
-0.13321
-0.174803
-0.617668
-0.255061
-0.209463
-0.115604
-0.298818
-0.132999
-0.17446
-0.617568
-0.255461
-0.209359
-0.115392
-0.298714
-0.132787
-0.174108
-0.617464
-0.255744
-0.209253
-0.115178
-0.298608
-0.132573
-0.173749
-0.617358
-0.256029
-0.209142
-0.114962
-0.298497
-0.132357
-0.173381
-0.617247
-0.256317
-0.209028
-0.114743
-0.298383
-0.132138
-0.173004
-0.617133
-0.256606
-0.208909
-0.114523
-0.298264
-0.131918
-0.17262
-0.617014
-0.256897
-0.208787
-0.1143
-0.298142
-0.131695
-0.172226
-0.616892
-0.257191
-0.208661
-0.114075
-0.298016
-0.13147
-0.171824
-0.616766
-0.257485
-0.20853
-0.113848
-0.297885
-0.13127
-0.171412
-0.616635
-0.257781
-0.208394
-0.113618
-0.297749
-0.131134
-0.170991
-0.616499
-0.258079
-0.208254
-0.113489
-0.297609
-0.130994
-0.170561
-0.616359
-0.258378
-0.208109
-0.113258
-0.297464
-0.130849
-0.170121
-0.616214
-0.258677
-0.20786
-0.113025
-0.297215
-0.1306
-0.169671
-0.615965
-0.258955
-0.207709
-0.11279
-0.297064
-0.130449
-0.169211
-0.615814
-0.259257
-0.207554
-0.112551
-0.296909
-0.130294
-0.168741
-0.615659
-0.259561
-0.207394
-0.11231
-0.296749
-0.130134
-0.168261
-0.615499
-0.259915
-0.207251
-0.112086
-0.296606
-0.129991
-0.167793
-0.615356
-0.260328
-0.207133
-0.111891
-0.296488
-0.129873
-0.167351
-0.615238
-0.260732
-0.207015
-0.111721
-0.29637
-0.129755
-0.166927
-0.61512
-0.261737
-0.206898
-0.111534
-0.296253
-0.129638
-0.166494
-0.615003
-0.262143
-0.20678
-0.111352
-0.296135
-0.12952
-0.166065
-0.614885
-0.26254
-0.206663
-0.111195
-0.296018
-0.129403
-0.165642
-0.614768
-0.262927
-0.206547
-0.111022
-0.295902
-0.129287
-0.165224
-0.614652
-0.263306
-0.206431
-0.110853
-0.295786
-0.129171
-0.164812
-0.614536
-0.263676
-0.206316
-0.110596
-0.295671
-0.129056
-0.16422
-0.614421
-0.264036
-0.206197
-0.110837
-0.295552
-0.128937
-0.163828
-0.614302
-0.264384
-0.206063
-0.110682
-0.295418
-0.128803
-0.163424
-0.614168
-0.264926
-0.205931
-0.110632
-0.295286
-0.128671
-0.163028
-0.614036
-0.265262
-0.205799
-0.110492
-0.295154
-0.128539
-0.16264
-0.613904
-0.265591
-0.20577
-0.110356
-0.295125
-0.12851
-0.16226
-0.613875
-0.265911
-0.205646
-0.110225
-0.295001
-0.128386
-0.161889
-0.613751
-0.266223
-0.205525
-0.110302
-0.29488
-0.128265
-0.161658
-0.61363
-0.266527
-0.205405
-0.110188
-0.29476
-0.128145
-0.161309
-0.61351
-0.266824
-0.205288
-0.110079
-0.294643
-0.128028
-0.160969
-0.613393
-0.267113
-0.205277
-0.109974
-0.294632
-0.128017
-0.160639
-0.613382
-0.267394
-0.205177
-0.109874
-0.294532
-0.127917
-0.160318
-0.613282
-0.267669
-0.20508
-0.109764
-0.294435
-0.12782
-0.159992
-0.613185
-0.267936
-0.204985
-0.109657
-0.29434
-0.127725
-0.159673
-0.61309
-0.268196
-0.204894
-0.109554
-0.294249
-0.127634
-0.159365
-0.612999
-0.268448
-0.204806
-0.109456
-0.294161
-0.127546
-0.159067
-0.612911
-0.268694
-0.204722
-0.109363
-0.294077
-0.127462
-0.15878
-0.612827
-0.268933
-0.204641
-0.109274
-0.293996
-0.127381
-0.158504
-0.612746
-0.269166
-0.204665
-0.109851
-0.29402
-0.127405
-0.158239
-0.61277
-0.269392
-0.204592
-0.109788
-0.293947
-0.127332
-0.157986
-0.612697
-0.269611
-0.204523
-0.109931
-0.293878
-0.127326
-0.157945
-0.612628
-0.269824
-0.204459
-0.109878
-0.293814
-0.127273
-0.157716
-0.612564
-0.27003
-0.204399
-0.10983
-0.293754
-0.127225
-0.157499
-0.612504
-0.27023
-0.204342
-0.109787
-0.293697
-0.127182
-0.157294
-0.612447
-0.270424
-0.204291
-0.109747
-0.293646
-0.127142
-0.157101
-0.612396
-0.270814
-0.204244
-0.109713
-0.293599
-0.127108
-0.15692
-0.612349
-0.270998
-0.204201
-0.109683
-0.293556
-0.127078
-0.156752
-0.612306
-0.271177
-0.204163
-0.109657
-0.293518
-0.127052
-0.156596
-0.612268
-0.271349
-0.204129
-0.109636
-0.293484
-0.127031
-0.156453
-0.612234
-0.271515
-0.204101
-0.109619
-0.293456
-0.127014
-0.156323
-0.612206
-0.271676
-0.204077
-0.109607
-0.293432
-0.127002
-0.156205
-0.612182
-0.27183
-0.204058
-0.1096
-0.293413
-0.126995
-0.156101
-0.612163
-0.271978
-0.204044
-0.109596
-0.293399
-0.126991
-0.156009
-0.612149
-0.27212
-0.204035
-0.109597
-0.29339
-0.126992
-0.155931
-0.61214
-0.272257
-0.204031
-0.109603
-0.293386
-0.126998
-0.155866
-0.612136
-0.272387
-0.204032
-0.109613
-0.293387
-0.127008
-0.155813
-0.612137
-0.272512
-0.204038
-0.109628
-0.293393
-0.127023
-0.155775
-0.612143
-0.27263
-0.20405
-0.109646
-0.293405
-0.127041
-0.155749
-0.612155
-0.272743
-0.204066
-0.10967
-0.293421
-0.127065
-0.155737
-0.612171
-0.27285
-0.204087
-0.109697
-0.293442
-0.127092
-0.155738
-0.612192
-0.272951
-0.204114
-0.109729
-0.293469
-0.127124
-0.155752
-0.612219
-0.273047
-0.204146
-0.109765
-0.293501
-0.12716
-0.15578
-0.612251
-0.320213
-0.425728
-0.284663
-0.515083
-0.348468
-0.373358
-0.833833
-0.320084
-0.425599
-0.284534
-0.514954
-0.348339
-0.373229
-0.833704
-0.319947
-0.425462
-0.284397
-0.514817
-0.348202
-0.373092
-0.833567
-0.319803
-0.425318
-0.284253
-0.514673
-0.348058
-0.372948
-0.833423
-0.319652
-0.425167
-0.284102
-0.514522
-0.347907
-0.372797
-0.833272
-0.319493
-0.425008
-0.283943
-0.514363
-0.347748
-0.372638
-0.833113
-0.319327
-0.424842
-0.283777
-0.514197
-0.347582
-0.372472
-0.832947
-0.319154
-0.424669
-0.283604
-0.514024
-0.347409
-0.372299
-0.832774
-0.318974
-0.424489
-0.283424
-0.513844
-0.347229
-0.372119
-0.832594
-0.318786
-0.424301
-0.283236
-0.513656
-0.347041
-0.371931
-0.832406
-0.318734
-0.424249
-0.283184
-0.513604
-0.346989
-0.371879
-0.832354
-0.318559
-0.424074
-0.283009
-0.513429
-0.346814
-0.371704
-0.832179
-0.318379
-0.423894
-0.282829
-0.513249
-0.346634
-0.371524
-0.831999
-0.318194
-0.423709
-0.282644
-0.513064
-0.346449
-0.371339
-0.831814
-0.318005
-0.42352
-0.282455
-0.512875
-0.34626
-0.37115
-0.831625
-0.317809
-0.423324
-0.282259
-0.512679
-0.346064
-0.370954
-0.831429
-0.317609
-0.423124
-0.282059
-0.512479
-0.345864
-0.370754
-0.831229
-0.317475
-0.42299
-0.281925
-0.512345
-0.34573
-0.37062
-0.831095
-0.317272
-0.422787
-0.281722
-0.512142
-0.345527
-0.370417
-0.830892
-0.317064
-0.422579
-0.281514
-0.511934
-0.345319
-0.370209
-0.830684
-0.316852
-0.422367
-0.281302
-0.511722
-0.345107
-0.369997
-0.830472
-0.316921
-0.422436
-0.281371
-0.511791
-0.345176
-0.370066
-0.830541
-0.316725
-0.42224
-0.281175
-0.511595
-0.34498
-0.36987
-0.830345
-0.316628
-0.422143
-0.281078
-0.511498
-0.344883
-0.369773
-0.830248
-0.316434
-0.421949
-0.280884
-0.511304
-0.344689
-0.369579
-0.830054
-0.316339
-0.421854
-0.280789
-0.511209
-0.344594
-0.369484
-0.829959
-0.316145
-0.42166
-0.280595
-0.511015
-0.3444
-0.36929
-0.829765
-0.315948
-0.421463
-0.280398
-0.510818
-0.344203
-0.369093
-0.829568
-0.315747
-0.421262
-0.280197
-0.510617
-0.344002
-0.368892
-0.829367
-0.315542
-0.421057
-0.279992
-0.510412
-0.343797
-0.368687
-0.829162
-0.315334
-0.420849
-0.279784
-0.510204
-0.343589
-0.368479
-0.828954
-0.315271
-0.420786
-0.279721
-0.510141
-0.343526
-0.368416
-0.828891
-0.315052
-0.420567
-0.279502
-0.509922
-0.343307
-0.368197
-0.828672
-0.314827
-0.420342
-0.279277
-0.509697
-0.343082
-0.367972
-0.828447
-0.314596
-0.420111
-0.279046
-0.509466
-0.342851
-0.367741
-0.828216
-0.31436
-0.419875
-0.27881
-0.50923
-0.342615
-0.367505
-0.82798
-0.314219
-0.419734
-0.278669
-0.509089
-0.342474
-0.367364
-0.827839
-0.314216
-0.419497
-0.278432
-0.508852
-0.342237
-0.367127
-0.827602
-0.314505
-0.419254
-0.278189
-0.508609
-0.341994
-0.366884
-0.827359
-0.314798
-0.419005
-0.27794
-0.50836
-0.341745
-0.366635
-0.82711
-0.315093
-0.41875
-0.277685
-0.508105
-0.34149
-0.36638
-0.826855
-0.31539
-0.418489
-0.277424
-0.507844
-0.341229
-0.366119
-0.826594
-0.31569
-0.418222
-0.277157
-0.507577
-0.340962
-0.365852
-0.826327
-0.315993
-0.417948
-0.276883
-0.507303
-0.340688
-0.365578
-0.826053
-0.316297
-0.417667
-0.276602
-0.507022
-0.340407
-0.365297
-0.825772
-0.316603
-0.417379
-0.276314
-0.506734
-0.340119
-0.365009
-0.825484
-0.317113
-0.416886
-0.275821
-0.506241
-0.339626
-0.364516
-0.824991
-0.317428
-0.416592
-0.275527
-0.505947
-0.339332
-0.364222
-0.824697
-0.317744
-0.416292
-0.275227
-0.505647
-0.339032
-0.363922
-0.824397
-0.318061
-0.415986
-0.274921
-0.505341
-0.338726
-0.363616
-0.824091
-0.318543
-0.415703
-0.274638
-0.505058
-0.338443
-0.363333
-0.823808
-0.319001
-0.415457
-0.274392
-0.504812
-0.338197
-0.363087
-0.823562
-0.319449
-0.415213
-0.274148
-0.504568
-0.337953
-0.362843
-0.823318
-0.320699
-0.414972
-0.273907
-0.504327
-0.337712
-0.362602
-0.823077
-0.321151
-0.414735
-0.27367
-0.50409
-0.337475
-0.362365
-0.82284
-0.321592
-0.4145
-0.273435
-0.503855
-0.33724
-0.36213
-0.822605
-0.322022
-0.414269
-0.273204
-0.503624
-0.337009
-0.361899
-0.822374
-0.322442
-0.414041
-0.272976
-0.503396
-0.336781
-0.361671
-0.822146
-0.322851
-0.413817
-0.272752
-0.503172
-0.336557
-0.361447
-0.821922
-0.323249
-0.413591
-0.272526
-0.502946
-0.336331
-0.361221
-0.821696
-0.323634
-0.413354
-0.272289
-0.502709
-0.336094
-0.360984
-0.821459
-0.323933
-0.41312
-0.272055
-0.502475
-0.33586
-0.36075
-0.821225
-0.324299
-0.412891
-0.271826
-0.502246
-0.335631
-0.360521
-0.820996
-0.324656
-0.412731
-0.271666
-0.502086
-0.335471
-0.360361
-0.820836
-0.325004
-0.412514
-0.271449
-0.501869
-0.335254
-0.360144
-0.820619
-0.325343
-0.412301
-0.271236
-0.501656
-0.335041
-0.359931
-0.820406
-0.325673
-0.412094
-0.271029
-0.501449
-0.334834
-0.359724
-0.820199
-0.325994
-0.411891
-0.270826
-0.501246
-0.334631
-0.359521
-0.819996
-0.326307
-0.411694
-0.270629
-0.501049
-0.334434
-0.359324
-0.819799
-0.326612
-0.411503
-0.270438
-0.500858
-0.334243
-0.359133
-0.819608
-0.32691
-0.411318
-0.270253
-0.500673
-0.334058
-0.358948
-0.819423
-0.327199
-0.411139
-0.270074
-0.500494
-0.333879
-0.358769
-0.819244
-0.327481
-0.410966
-0.269901
-0.500321
-0.333706
-0.358596
-0.819071
-0.327755
-0.410799
-0.269734
-0.500154
-0.333539
-0.358429
-0.818904
-0.328022
-0.41064
-0.269575
-0.499995
-0.33338
-0.35827
-0.818745
-0.328282
-0.410487
-0.269422
-0.499842
-0.333227
-0.358117
-0.818592
-0.328534
-0.41034
-0.269275
-0.499695
-0.33308
-0.35797
-0.818445
-0.32878
-0.410201
-0.269136
-0.499556
-0.332941
-0.357831
-0.818306
-0.329019
-0.410069
-0.269004
-0.499424
-0.332809
-0.357699
-0.818174
-0.329252
-0.409945
-0.26888
-0.4993
-0.332685
-0.357575
-0.81805
-0.329478
-0.409828
-0.268763
-0.499183
-0.332568
-0.357458
-0.817933
-0.329698
-0.409718
-0.268653
-0.499073
-0.332458
-0.357348
-0.817823
-0.329912
-0.409617
-0.268552
-0.498972
-0.332357
-0.357247
-0.817722
-0.33025
-0.409523
-0.268458
-0.498878
-0.332263
-0.357153
-0.817628
-0.330453
-0.409437
-0.268372
-0.498792
-0.332177
-0.357067
-0.817542
-0.330651
-0.409359
-0.268294
-0.498714
-0.332099
-0.356989
-0.817464
-0.330842
-0.409289
-0.268224
-0.498644
-0.332029
-0.356919
-0.817394
-0.331027
-0.409228
-0.268163
-0.498583
-0.331968
-0.356858
-0.817333
-0.331207
-0.409174
-0.268109
-0.498529
-0.331914
-0.356804
-0.817279
-0.331381
-0.409129
-0.268064
-0.498484
-0.331869
-0.356759
-0.817234
-0.331549
-0.409093
-0.268028
-0.498448
-0.331833
-0.356723
-0.817198
-0.331712
-0.409064
-0.267999
-0.498419
-0.331804
-0.356694
-0.817169
-0.331869
-0.409045
-0.26798
-0.4984
-0.331785
-0.356675
-0.81715
-0.33202
-0.409034
-0.267969
-0.498389
-0.331774
-0.356664
-0.817139
-0.332166
-0.409031
-0.267966
-0.498386
-0.331771
-0.356661
-0.817136
-0.332306
-0.409037
-0.267972
-0.498392
-0.331777
-0.356667
-0.817142
-0.332441
-0.409052
-0.267987
-0.498407
-0.331792
-0.356682
-0.817157
-0.33257
-0.409075
-0.26801
-0.49843
-0.331815
-0.356705
-0.81718
-0.332694
-0.409107
-0.268042
-0.498462
-0.331847
-0.356737
-0.817212
-0.332813
-0.409148
-0.268083
-0.498503
-0.331888
-0.356778
-0.817253
-0.378745
-0.48426
-0.343195
-0.573615
-0.407
-0.43189
-0.892365
-0.378514
-0.484029
-0.342964
-0.573384
-0.406769
-0.431659
-0.892134
-0.378271
-0.483786
-0.342721
-0.573141
-0.406526
-0.431416
-0.891891
-0.378018
-0.483533
-0.342468
-0.572888
-0.406273
-0.431163
-0.891638
-0.377753
-0.483268
-0.342203
-0.572623
-0.406008
-0.430898
-0.891373
-0.3775
-0.483015
-0.34195
-0.57237
-0.405755
-0.430645
-0.89112
-0.377215
-0.48273
-0.341665
-0.572085
-0.40547
-0.43036
-0.890835
-0.376919
-0.482434
-0.341369
-0.571789
-0.405174
-0.430064
-0.890539
-0.37663
-0.482145
-0.34108
-0.5715
-0.404885
-0.429775
-0.89025
-0.376316
-0.481831
-0.340766
-0.571186
-0.404571
-0.429461
-0.889936
-0.376165
-0.48168
-0.340615
-0.571035
-0.40442
-0.42931
-0.889785
-0.375863
-0.481378
-0.340313
-0.570733
-0.404118
-0.429008
-0.889483
-0.375554
-0.481069
-0.340004
-0.570424
-0.403809
-0.428699
-0.889174
-0.375362
-0.480877
-0.339812
-0.570232
-0.403617
-0.428507
-0.888982
-0.375055
-0.48057
-0.339505
-0.569925
-0.40331
-0.4282
-0.888675
-0.374743
-0.480258
-0.339193
-0.569613
-0.402998
-0.427888
-0.888363
-0.374423
-0.479938
-0.338873
-0.569293
-0.402678
-0.427568
-0.888043
-0.374168
-0.479683
-0.338618
-0.569038
-0.402423
-0.427313
-0.887788
-0.373842
-0.479357
-0.338292
-0.568712
-0.402097
-0.426987
-0.887462
-0.373511
-0.479026
-0.337961
-0.568381
-0.401766
-0.426656
-0.887131
-0.373482
-0.478997
-0.337932
-0.568352
-0.401737
-0.426627
-0.887102
-0.373441
-0.478956
-0.337891
-0.568311
-0.401696
-0.426586
-0.887061
-0.373134
-0.478649
-0.337584
-0.568004
-0.401389
-0.426279
-0.886754
-0.372888
-0.478403
-0.337338
-0.567758
-0.401143
-0.426033
-0.886508
-0.372576
-0.478091
-0.337026
-0.567446
-0.400831
-0.425721
-0.886196
-0.372259
-0.477774
-0.336709
-0.567129
-0.400514
-0.425404
-0.885879
-0.371937
-0.477452
-0.336387
-0.566807
-0.400192
-0.425082
-0.885557
-0.371711
-0.477226
-0.336161
-0.566581
-0.399966
-0.424856
-0.885331
-0.371385
-0.4769
-0.335835
-0.566255
-0.39964
-0.42453
-0.885005
-0.371053
-0.476568
-0.335503
-0.565923
-0.399308
-0.424198
-0.884673
-0.370716
-0.476231
-0.335166
-0.565586
-0.398971
-0.423861
-0.884336
-0.370578
-0.476093
-0.335028
-0.565448
-0.398833
-0.423723
-0.884198
-0.370234
-0.475749
-0.334684
-0.565104
-0.398489
-0.423379
-0.883854
-0.369891
-0.475406
-0.334341
-0.564761
-0.398146
-0.423036
-0.883511
-0.369533
-0.475048
-0.333983
-0.564403
-0.397788
-0.422678
-0.883153
-0.369275
-0.47479
-0.333725
-0.564145
-0.39753
-0.42242
-0.882895
-0.368907
-0.474422
-0.333357
-0.563777
-0.397162
-0.422052
-0.882527
-0.368532
-0.474047
-0.332982
-0.563402
-0.396787
-0.421677
-0.882152
-0.368149
-0.473664
-0.332599
-0.563019
-0.396404
-0.421294
-0.881769
-0.367757
-0.473272
-0.332207
-0.562627
-0.396012
-0.420902
-0.881377
-0.367357
-0.472872
-0.331807
-0.562227
-0.395612
-0.420502
-0.880977
-0.366949
-0.472464
-0.331399
-0.561819
-0.395204
-0.420094
-0.880569
-0.366531
-0.472046
-0.330981
-0.561401
-0.394786
-0.419676
-0.880151
-0.366104
-0.471619
-0.330554
-0.560974
-0.394359
-0.419249
-0.879724
-0.365668
-0.471183
-0.330118
-0.560538
-0.393923
-0.418813
-0.879288
-0.365222
-0.470737
-0.329672
-0.560092
-0.393477
-0.418367
-0.878842
-0.364567
-0.470082
-0.329017
-0.559437
-0.392822
-0.417712
-0.878187
-0.364109
-0.469624
-0.328559
-0.558979
-0.392364
-0.417254
-0.877729
-0.363642
-0.469157
-0.328092
-0.558512
-0.391897
-0.416787
-0.877262
-0.363165
-0.46868
-0.327615
-0.558035
-0.39142
-0.41631
-0.876785
-0.362722
-0.468237
-0.327172
-0.557592
-0.390977
-0.415867
-0.876342
-0.362333
-0.467848
-0.326783
-0.557203
-0.390588
-0.415478
-0.875953
-0.361948
-0.467463
-0.326398
-0.556818
-0.390203
-0.415093
-0.875568
-0.361567
-0.467082
-0.326017
-0.556437
-0.389822
-0.414712
-0.875187
-0.361192
-0.466707
-0.325642
-0.556062
-0.389447
-0.414337
-0.874812
-0.360822
-0.466337
-0.325272
-0.555692
-0.389077
-0.413967
-0.874442
-0.360457
-0.465972
-0.324907
-0.555327
-0.388712
-0.413602
-0.874077
-0.360099
-0.465614
-0.324549
-0.554969
-0.388354
-0.413244
-0.873719
-0.359746
-0.465261
-0.324196
-0.554616
-0.388001
-0.412891
-0.873366
-0.359394
-0.464909
-0.323844
-0.554264
-0.387649
-0.412539
-0.873014
-0.359033
-0.464548
-0.323483
-0.553903
-0.387288
-0.412178
-0.872653
-0.358679
-0.464194
-0.323129
-0.553549
-0.386934
-0.411824
-0.872299
-0.358332
-0.463847
-0.322782
-0.553202
-0.386587
-0.411477
-0.871952
-0.358057
-0.463572
-0.322507
-0.552927
-0.386312
-0.411202
-0.871677
-0.357727
-0.463242
-0.322177
-0.552597
-0.385982
-0.410872
-0.871347
-0.357405
-0.46292
-0.321855
-0.552275
-0.38566
-0.41055
-0.871025
-0.35709
-0.462605
-0.32154
-0.55196
-0.385345
-0.410235
-0.87071
-0.356785
-0.4623
-0.321235
-0.551655
-0.38504
-0.40993
-0.870405
-0.356488
-0.462003
-0.320938
-0.551358
-0.384743
-0.409633
-0.870108
-0.356199
-0.461714
-0.320649
-0.551069
-0.384454
-0.409344
-0.869819
-0.35592
-0.461435
-0.32037
-0.55079
-0.384175
-0.409065
-0.86954
-0.355672
-0.461187
-0.320122
-0.550542
-0.383927
-0.408817
-0.869292
-0.355413
-0.460928
-0.319863
-0.550283
-0.383668
-0.408558
-0.869033
-0.355163
-0.460678
-0.319613
-0.550033
-0.383418
-0.408308
-0.868783
-0.354923
-0.460438
-0.319373
-0.549793
-0.383178
-0.408068
-0.868543
-0.354694
-0.460209
-0.319144
-0.549564
-0.382949
-0.407839
-0.868314
-0.354475
-0.45999
-0.318925
-0.549345
-0.38273
-0.40762
-0.868095
-0.354265
-0.45978
-0.318715
-0.549135
-0.38252
-0.40741
-0.867885
-0.354065
-0.45958
-0.318515
-0.548935
-0.38232
-0.40721
-0.867685
-0.353876
-0.459391
-0.318326
-0.548746
-0.382131
-0.407021
-0.867496
-0.353698
-0.459213
-0.318148
-0.548568
-0.381953
-0.406843
-0.867318
-0.353532
-0.459047
-0.317982
-0.548402
-0.381787
-0.406677
-0.867152
-0.353378
-0.458893
-0.317828
-0.548248
-0.381633
-0.406523
-0.866998
-0.353235
-0.45875
-0.317685
-0.548105
-0.38149
-0.40638
-0.866855
-0.353104
-0.458619
-0.317554
-0.547974
-0.381359
-0.406249
-0.866724
-0.352986
-0.458501
-0.317436
-0.547856
-0.381241
-0.406131
-0.866606
-0.35288
-0.458395
-0.31733
-0.54775
-0.381135
-0.406025
-0.8665
-0.352786
-0.458301
-0.317236
-0.547656
-0.381041
-0.405931
-0.866406
-0.352704
-0.458219
-0.317154
-0.547574
-0.380959
-0.405849
-0.866324
-0.352635
-0.45815
-0.317085
-0.547505
-0.38089
-0.40578
-0.866255
-0.352579
-0.458094
-0.317029
-0.547449
-0.380834
-0.405724
-0.866199
-0.352535
-0.45805
-0.316985
-0.547405
-0.38079
-0.40568
-0.866155
-0.352504
-0.458019
-0.316954
-0.547374
-0.380759
-0.405649
-0.866124
-0.352486
-0.458001
-0.316936
-0.547356
-0.380741
-0.405631
-0.866106
-0.352481
-0.457996
-0.316931
-0.547351
-0.380736
-0.405626
-0.866101
-0.352489
-0.458004
-0.316939
-0.547359
-0.380744
-0.405634
-0.866109
-0.352509
-0.458024
-0.316959
-0.547379
-0.380764
-0.405654
-0.866129
-0.352543
-0.458058
-0.316993
-0.547413
-0.380798
-0.405688
-0.866163
-0.352589
-0.458104
-0.317039
-0.547459
-0.380844
-0.405734
-0.866209
-0.352649
-0.458164
-0.317099
-0.547519
-0.380904
-0.405794
-0.866269
0
0
0
0
0
0
0
0
0
0
0
0
0
0
0
0
0
0
0
0
0
0
0
0
0
0
0
0
